#
# There is insufficient memory for the Java Runtime Environment to continue.
# Native memory allocation (malloc) failed to allocate 1541776 bytes for Chunk::new
# Possible reasons:
#   The system is out of physical RAM or swap space
#   The process is running with CompressedOops enabled, and the Java Heap may be blocking the growth of the native heap
# Possible solutions:
#   Reduce memory load on the system
#   Increase physical memory or swap space
#   Check if swap backing store is full
#   Decrease Java heap size (-Xmx/-Xms)
#   Decrease number of Java threads
#   Decrease Java thread stack sizes (-Xss)
#   Set larger code cache with -XX:ReservedCodeCacheSize=
#   JVM is running with Unscaled Compressed Oops mode in which the Java heap is
#     placed in the first 4GB address space. The Java Heap base address is the
#     maximum limit for the native heap growth. Please use -XX:HeapBaseMinAddress
#     to set the Java Heap base and to place the Java Heap above 4GB virtual address.
# This output file may be truncated or incomplete.
#
#  Out of Memory Error (./src/hotspot/share/memory/arena.cpp:197), pid=4192, tid=4108
#
# JRE version: OpenJDK Runtime Environment (11.0.13) (build 11.0.13+0-b1751.21-8125866)
# Java VM: OpenJDK 64-Bit Server VM (11.0.13+0-b1751.21-8125866, mixed mode, tiered, compressed oops, g1 gc, windows-amd64)
# No core dump will be written. Minidumps are not enabled by default on client versions of Windows
#

---------------  S U M M A R Y ------------

Command Line: --add-opens=java.base/java.util=ALL-UNNAMED --add-opens=java.base/java.lang=ALL-UNNAMED --add-opens=java.base/java.lang.invoke=ALL-UNNAMED --add-opens=java.base/java.util=ALL-UNNAMED --add-opens=java.prefs/java.util.prefs=ALL-UNNAMED --add-opens=java.prefs/java.util.prefs=ALL-UNNAMED --add-opens=java.base/java.nio.charset=ALL-UNNAMED --add-opens=java.base/java.net=ALL-UNNAMED --add-opens=java.base/java.util.concurrent.atomic=ALL-UNNAMED -Xmx2048m -Dfile.encoding=UTF-8 -Duser.country=RU -Duser.language=ru -Duser.variant org.gradle.launcher.daemon.bootstrap.GradleDaemon 7.4

Host: Intel(R) Core(TM) i5-2450M CPU @ 2.50GHz, 4 cores, 7G,  Windows 8.1 , 64 bit Build 9600 (6.3.9600.20389)
Time: Sun Nov 13 00:27:56 2022 RTZ 4 (ceia) elapsed time: 38.214271 seconds (0d 0h 0m 38s)

---------------  T H R E A D  ---------------

Current thread (0x000000eae2c60000):  JavaThread "C2 CompilerThread1" daemon [_thread_in_native, id=4108, stack(0x000000eae03b0000,0x000000eae04b0000)]


Current CompileTask:
C2:  38214 13596       4       org.gradle.api.internal.tasks.compile.incremental.serialization.HierarchicalNameSerializer::readFirstOccurrenceOfName (60 bytes)

Stack: [0x000000eae03b0000,0x000000eae04b0000]
Native frames: (J=compiled Java code, j=interpreted, Vv=VM code, C=native code)
V  [jvm.dll+0x6100fa]
V  [jvm.dll+0x747090]
V  [jvm.dll+0x7486ad]
V  [jvm.dll+0x748d83]
V  [jvm.dll+0x24ab48]
V  [jvm.dll+0xc04dc]
V  [jvm.dll+0xc0a0c]
V  [jvm.dll+0x35eb9d]
V  [jvm.dll+0x19d9bc]
V  [jvm.dll+0x2033be]
V  [jvm.dll+0x202437]
V  [jvm.dll+0x188e01]
V  [jvm.dll+0x21106b]
V  [jvm.dll+0x20f8c1]
V  [jvm.dll+0x70de0f]
V  [jvm.dll+0x706a75]
V  [jvm.dll+0x60ed66]
C  [ucrtbase.DLL+0x1f4a0]
C  [KERNEL32.DLL+0x1412]
C  [ntdll.dll+0x15504]


---------------  P R O C E S S  ---------------

Threads class SMR info:
_java_thread_list=0x000000eaef6bfdf0, length=88, elements={
0x000000eac42a5800, 0x000000eadebdd800, 0x000000eadebe8000, 0x000000eade1b4000,
0x000000eade1b5800, 0x000000eade1b7800, 0x000000eade1b9000, 0x000000eadec35800,
0x000000eade1c5000, 0x000000eadedad800, 0x000000eae1f49800, 0x000000eae0d3d800,
0x000000eae0e34800, 0x000000eae08a3000, 0x000000eae08a4000, 0x000000eae0eb9000,
0x000000eae0eb9800, 0x000000eae0f6e000, 0x000000eae0ceb800, 0x000000eae23b9800,
0x000000eae23a3000, 0x000000eae23a4000, 0x000000eae23a1800, 0x000000eae23a4800,
0x000000eae23a2800, 0x000000eae23a7000, 0x000000eae23a5800, 0x000000eae23a6800,
0x000000eae5024000, 0x000000eae5024800, 0x000000eae5025800, 0x000000eae502b000,
0x000000eae5028800, 0x000000eae502a800, 0x000000eae5029800, 0x000000eae502e800,
0x000000eae502c000, 0x000000eae502d000, 0x000000eae502f800, 0x000000eae502d800,
0x000000eae5032800, 0x000000eae5031000, 0x000000eae5030000, 0x000000eae5031800,
0x000000eae48fb000, 0x000000eae48fa800, 0x000000eae48f8800, 0x000000eae48fc000,
0x000000eae48f9800, 0x000000eae48fd800, 0x000000eae48ff000, 0x000000eae48fd000,
0x000000eae4901000, 0x000000eae48fe800, 0x000000eae4901800, 0x000000eae4900000,
0x000000eae4904000, 0x000000eae4902800, 0x000000eae4905800, 0x000000eae4903800,
0x000000eae4905000, 0x000000eae4906800, 0x000000eae4907800, 0x000000eae619c800,
0x000000eae619d800, 0x000000eae619b000, 0x000000eae619e000, 0x000000eae619c000,
0x000000eae61a0800, 0x000000eae61a1800, 0x000000eae619f000, 0x000000eae61a2800,
0x000000eae61a0000, 0x000000eae61a5800, 0x000000eae61a3000, 0x000000eae61a6800,
0x000000eae61a4800, 0x000000eae61a9000, 0x000000eae61a7000, 0x000000eae61a8000,
0x000000eae61a9800, 0x000000eae0838000, 0x000000eae0839800, 0x000000eae2c60000,
0x000000eae0839000, 0x000000eae083c000, 0x000000eae083d000, 0x000000eae083a800
}

Java Threads: ( => current thread )
  0x000000eac42a5800 JavaThread "main" [_thread_blocked, id=4348, stack(0x000000eac21e0000,0x000000eac22e0000)]
  0x000000eadebdd800 JavaThread "Reference Handler" daemon [_thread_blocked, id=4244, stack(0x000000eadf0d0000,0x000000eadf1d0000)]
  0x000000eadebe8000 JavaThread "Finalizer" daemon [_thread_blocked, id=4188, stack(0x000000eadf1d0000,0x000000eadf2d0000)]
  0x000000eade1b4000 JavaThread "Signal Dispatcher" daemon [_thread_blocked, id=3272, stack(0x000000eadf3b0000,0x000000eadf4b0000)]
  0x000000eade1b5800 JavaThread "Attach Listener" daemon [_thread_blocked, id=380, stack(0x000000eadf4b0000,0x000000eadf5b0000)]
  0x000000eade1b7800 JavaThread "Service Thread" daemon [_thread_blocked, id=4524, stack(0x000000eadf5b0000,0x000000eadf6b0000)]
  0x000000eade1b9000 JavaThread "C2 CompilerThread0" daemon [_thread_in_native, id=4156, stack(0x000000eadf6b0000,0x000000eadf7b0000)]
  0x000000eadec35800 JavaThread "C1 CompilerThread0" daemon [_thread_blocked, id=4216, stack(0x000000eadf7b0000,0x000000eadf8b0000)]
  0x000000eade1c5000 JavaThread "Sweeper thread" daemon [_thread_blocked, id=1932, stack(0x000000eadf8b0000,0x000000eadf9b0000)]
  0x000000eadedad800 JavaThread "Common-Cleaner" daemon [_thread_blocked, id=1212, stack(0x000000eadf9b0000,0x000000eadfab0000)]
  0x000000eae1f49800 JavaThread "Daemon health stats" [_thread_blocked, id=4384, stack(0x000000eae32d0000,0x000000eae33d0000)]
  0x000000eae0d3d800 JavaThread "Incoming local TCP Connector on port 50357" [_thread_in_native, id=4564, stack(0x000000eae2ea0000,0x000000eae2fa0000)]
  0x000000eae0e34800 JavaThread "Daemon periodic checks" [_thread_blocked, id=4492, stack(0x000000eae2fa0000,0x000000eae30a0000)]
  0x000000eae08a3000 JavaThread "Daemon" [_thread_blocked, id=4168, stack(0x000000eae38b0000,0x000000eae39b0000)]
  0x000000eae08a4000 JavaThread "Handler for socket connection from /127.0.0.1:50357 to /127.0.0.1:50358" [_thread_in_native, id=4068, stack(0x000000eae39b0000,0x000000eae3ab0000)]
  0x000000eae0eb9000 JavaThread "Cancel handler" [_thread_blocked, id=4928, stack(0x000000eae3bb0000,0x000000eae3cb0000)]
  0x000000eae0eb9800 JavaThread "Daemon worker" [_thread_blocked, id=2012, stack(0x000000eae3cb0000,0x000000eae3db0000)]
  0x000000eae0f6e000 JavaThread "Asynchronous log dispatcher for DefaultDaemonConnection: socket connection from /127.0.0.1:50357 to /127.0.0.1:50358" [_thread_blocked, id=2032, stack(0x000000eae3eb0000,0x000000eae3fb0000)]
  0x000000eae0ceb800 JavaThread "Stdin handler" [_thread_blocked, id=3504, stack(0x000000eae3fb0000,0x000000eae40b0000)]
  0x000000eae23b9800 JavaThread "Daemon client event forwarder" [_thread_blocked, id=3284, stack(0x000000eae40b0000,0x000000eae41b0000)]
  0x000000eae23a3000 JavaThread "Cache worker for journal cache (C:\Users\Nadezhda S\.gradle\caches\journal-1)" [_thread_blocked, id=3520, stack(0x000000eae43b0000,0x000000eae44b0000)]
  0x000000eae23a4000 JavaThread "File lock request listener" [_thread_in_native, id=4220, stack(0x000000eae44b0000,0x000000eae45b0000)]
  0x000000eae23a1800 JavaThread "Cache worker for file hash cache (C:\Users\Nadezhda S\.gradle\caches\7.4\fileHashes)" [_thread_blocked, id=3344, stack(0x000000eae45b0000,0x000000eae46b0000)]
  0x000000eae23a4800 JavaThread "Cache worker for checksums cache (C:\Users\Nadezhda S\AndroidStudioProjects\API_Project\.gradle\7.4\checksums)" [_thread_blocked, id=1424, stack(0x000000eae6f50000,0x000000eae7050000)]
  0x000000eae23a2800 JavaThread "Cache worker for cache directory md-rule (C:\Users\Nadezhda S\.gradle\caches\7.4\md-rule)" [_thread_blocked, id=1016, stack(0x000000eae7050000,0x000000eae7150000)]
  0x000000eae23a7000 JavaThread "Cache worker for file hash cache (C:\Users\Nadezhda S\AndroidStudioProjects\API_Project\.gradle\7.4\fileHashes)" [_thread_blocked, id=848, stack(0x000000eae6c50000,0x000000eae6d50000)]
  0x000000eae23a5800 JavaThread "Cache worker for cache directory md-supplier (C:\Users\Nadezhda S\.gradle\caches\7.4\md-supplier)" [_thread_blocked, id=4864, stack(0x000000eae7370000,0x000000eae7470000)]
  0x000000eae23a6800 JavaThread "Cache worker for execution history cache (C:\Users\Nadezhda S\.gradle\caches\7.4\executionHistory)" [_thread_blocked, id=2084, stack(0x000000eae7150000,0x000000eae7250000)]
  0x000000eae5024000 JavaThread "jar transforms" [_thread_blocked, id=4040, stack(0x000000eae7250000,0x000000eae7350000)]
  0x000000eae5024800 JavaThread "Cache worker for file content cache (C:\Users\Nadezhda S\.gradle\caches\7.4\fileContent)" [_thread_blocked, id=4268, stack(0x000000eae8000000,0x000000eae8100000)]
  0x000000eae5025800 JavaThread "jar transforms Thread 2" [_thread_blocked, id=3508, stack(0x000000eae7e70000,0x000000eae7f70000)]
  0x000000eae502b000 JavaThread "Cache worker for dependencies-accessors (C:\Users\Nadezhda S\AndroidStudioProjects\API_Project\.gradle\7.4\dependencies-accessors)" [_thread_blocked, id=2744, stack(0x000000eae90d0000,0x000000eae91d0000)]
  0x000000eae5028800 JavaThread "jar transforms Thread 3" [_thread_blocked, id=4880, stack(0x000000eae93d0000,0x000000eae94d0000)]
  0x000000eae502a800 JavaThread "Cache worker for Build Output Cleanup Cache (C:\Users\Nadezhda S\AndroidStudioProjects\API_Project\.gradle\buildOutputCleanup)" [_thread_blocked, id=4176, stack(0x000000eae9910000,0x000000eae9a10000)]
  0x000000eae5029800 JavaThread "Unconstrained build operations" [_thread_blocked, id=4900, stack(0x000000eae96d0000,0x000000eae97d0000)]
  0x000000eae502e800 JavaThread "Unconstrained build operations Thread 2" [_thread_blocked, id=2852, stack(0x000000eae97d0000,0x000000eae98d0000)]
  0x000000eae502c000 JavaThread "Unconstrained build operations Thread 3" [_thread_blocked, id=1644, stack(0x000000eae9c70000,0x000000eae9d70000)]
  0x000000eae502d000 JavaThread "Unconstrained build operations Thread 4" [_thread_blocked, id=3180, stack(0x000000eae9d70000,0x000000eae9e70000)]
  0x000000eae502f800 JavaThread "Unconstrained build operations Thread 5" [_thread_blocked, id=1384, stack(0x000000eae9e70000,0x000000eae9f70000)]
  0x000000eae502d800 JavaThread "Unconstrained build operations Thread 6" [_thread_blocked, id=1296, stack(0x000000eae9f70000,0x000000eaea070000)]
  0x000000eae5032800 JavaThread "Unconstrained build operations Thread 7" [_thread_blocked, id=3052, stack(0x000000eaea070000,0x000000eaea170000)]
  0x000000eae5031000 JavaThread "Unconstrained build operations Thread 8" [_thread_blocked, id=2608, stack(0x000000eaea170000,0x000000eaea270000)]
  0x000000eae5030000 JavaThread "Unconstrained build operations Thread 9" [_thread_blocked, id=1896, stack(0x000000eaea270000,0x000000eaea370000)]
  0x000000eae5031800 JavaThread "Unconstrained build operations Thread 10" [_thread_blocked, id=4076, stack(0x000000eaea370000,0x000000eaea470000)]
  0x000000eae48fb000 JavaThread "Unconstrained build operations Thread 11" [_thread_blocked, id=4072, stack(0x000000eaea470000,0x000000eaea570000)]
  0x000000eae48fa800 JavaThread "Unconstrained build operations Thread 12" [_thread_blocked, id=1204, stack(0x000000eaea570000,0x000000eaea670000)]
  0x000000eae48f8800 JavaThread "Unconstrained build operations Thread 13" [_thread_blocked, id=4360, stack(0x000000eaea670000,0x000000eaea770000)]
  0x000000eae48fc000 JavaThread "Unconstrained build operations Thread 14" [_thread_blocked, id=1428, stack(0x000000eaea770000,0x000000eaea870000)]
  0x000000eae48f9800 JavaThread "Unconstrained build operations Thread 15" [_thread_blocked, id=1408, stack(0x000000eaea870000,0x000000eaea970000)]
  0x000000eae48fd800 JavaThread "Unconstrained build operations Thread 16" [_thread_blocked, id=4448, stack(0x000000eaea970000,0x000000eaeaa70000)]
  0x000000eae48ff000 JavaThread "Unconstrained build operations Thread 17" [_thread_blocked, id=2248, stack(0x000000eaeaa70000,0x000000eaeab70000)]
  0x000000eae48fd000 JavaThread "Unconstrained build operations Thread 18" [_thread_blocked, id=1772, stack(0x000000eaeab70000,0x000000eaeac70000)]
  0x000000eae4901000 JavaThread "Unconstrained build operations Thread 19" [_thread_blocked, id=2116, stack(0x000000eaeac70000,0x000000eaead70000)]
  0x000000eae48fe800 JavaThread "Unconstrained build operations Thread 20" [_thread_blocked, id=4364, stack(0x000000eaead70000,0x000000eaeae70000)]
  0x000000eae4901800 JavaThread "Unconstrained build operations Thread 21" [_thread_blocked, id=4200, stack(0x000000eaeae70000,0x000000eaeaf70000)]
  0x000000eae4900000 JavaThread "Unconstrained build operations Thread 22" [_thread_blocked, id=4312, stack(0x000000eaeaf70000,0x000000eaeb070000)]
  0x000000eae4904000 JavaThread "Unconstrained build operations Thread 23" [_thread_blocked, id=4604, stack(0x000000eaeb070000,0x000000eaeb170000)]
  0x000000eae4902800 JavaThread "Unconstrained build operations Thread 24" [_thread_blocked, id=160, stack(0x000000eaeb170000,0x000000eaeb270000)]
  0x000000eae4905800 JavaThread "Unconstrained build operations Thread 25" [_thread_blocked, id=3836, stack(0x000000eaeb270000,0x000000eaeb370000)]
  0x000000eae4903800 JavaThread "Unconstrained build operations Thread 26" [_thread_blocked, id=3408, stack(0x000000eaeb370000,0x000000eaeb470000)]
  0x000000eae4905000 JavaThread "Unconstrained build operations Thread 27" [_thread_blocked, id=3964, stack(0x000000eaeb470000,0x000000eaeb570000)]
  0x000000eae4906800 JavaThread "Unconstrained build operations Thread 28" [_thread_blocked, id=4852, stack(0x000000eaeb570000,0x000000eaeb670000)]
  0x000000eae4907800 JavaThread "Unconstrained build operations Thread 29" [_thread_blocked, id=4704, stack(0x000000eaeb670000,0x000000eaeb770000)]
  0x000000eae619c800 JavaThread "Unconstrained build operations Thread 30" [_thread_blocked, id=4304, stack(0x000000eaeb770000,0x000000eaeb870000)]
  0x000000eae619d800 JavaThread "Unconstrained build operations Thread 31" [_thread_blocked, id=4724, stack(0x000000eaeb870000,0x000000eaeb970000)]
  0x000000eae619b000 JavaThread "Unconstrained build operations Thread 32" [_thread_blocked, id=4760, stack(0x000000eaeb970000,0x000000eaeba70000)]
  0x000000eae619e000 JavaThread "Unconstrained build operations Thread 33" [_thread_blocked, id=4684, stack(0x000000eaeba70000,0x000000eaebb70000)]
  0x000000eae619c000 JavaThread "Unconstrained build operations Thread 34" [_thread_blocked, id=4736, stack(0x000000eaebb70000,0x000000eaebc70000)]
  0x000000eae61a0800 JavaThread "Unconstrained build operations Thread 35" [_thread_blocked, id=4680, stack(0x000000eaebc70000,0x000000eaebd70000)]
  0x000000eae61a1800 JavaThread "Unconstrained build operations Thread 36" [_thread_blocked, id=4840, stack(0x000000eaebd70000,0x000000eaebe70000)]
  0x000000eae619f000 JavaThread "Unconstrained build operations Thread 37" [_thread_blocked, id=4844, stack(0x000000eaebe70000,0x000000eaebf70000)]
  0x000000eae61a2800 JavaThread "Unconstrained build operations Thread 38" [_thread_blocked, id=4728, stack(0x000000eaebf70000,0x000000eaec070000)]
  0x000000eae61a0000 JavaThread "Unconstrained build operations Thread 39" [_thread_blocked, id=1692, stack(0x000000eaec070000,0x000000eaec170000)]
  0x000000eae61a5800 JavaThread "Unconstrained build operations Thread 40" [_thread_blocked, id=2436, stack(0x000000eaec170000,0x000000eaec270000)]
  0x000000eae61a3000 JavaThread "jar transforms Thread 4" [_thread_blocked, id=4560, stack(0x000000eaec270000,0x000000eaec370000)]
  0x000000eae61a6800 JavaThread "Memory manager" [_thread_blocked, id=3312, stack(0x000000eaecb70000,0x000000eaecc70000)]
  0x000000eae61a4800 JavaThread "build event listener" [_thread_blocked, id=2564, stack(0x000000eaecc70000,0x000000eaecd70000)]
  0x000000eae61a9000 JavaThread "included builds" [_thread_blocked, id=1416, stack(0x000000eaeefa0000,0x000000eaef0a0000)]
  0x000000eae61a7000 JavaThread "Execution worker for ':'" [_thread_blocked, id=344, stack(0x000000eaef2d0000,0x000000eaef3d0000)]
  0x000000eae61a8000 JavaThread "Execution worker for ':' Thread 2" [_thread_in_vm, id=2880, stack(0x000000eaf0840000,0x000000eaf0940000)]
  0x000000eae61a9800 JavaThread "Execution worker for ':' Thread 3" [_thread_blocked, id=2632, stack(0x000000eaf0940000,0x000000eaf0a40000)]
  0x000000eae0838000 JavaThread "Cache worker for execution history cache (C:\Users\Nadezhda S\AndroidStudioProjects\API_Project\.gradle\7.4\executionHistory)" [_thread_blocked, id=2476, stack(0x000000eaf0a40000,0x000000eaf0b40000)]
  0x000000eae0839800 JavaThread "Cache worker for Java compile cache (C:\Users\Nadezhda S\.gradle\caches\7.4\javaCompile)" [_thread_blocked, id=1116, stack(0x000000eaf0f40000,0x000000eaf1040000)]
=>0x000000eae2c60000 JavaThread "C2 CompilerThread1" daemon [_thread_in_native, id=4108, stack(0x000000eae03b0000,0x000000eae04b0000)]
  0x000000eae0839000 JavaThread "Build operations" [_thread_blocked, id=4472, stack(0x000000eaf2b10000,0x000000eaf2c10000)]
  0x000000eae083c000 JavaThread "Build operations Thread 2" [_thread_blocked, id=4120, stack(0x000000eaf2c10000,0x000000eaf2d10000)]
  0x000000eae083d000 JavaThread "Build operations Thread 3" [_thread_blocked, id=2776, stack(0x000000eaf2d10000,0x000000eaf2e10000)]
  0x000000eae083a800 JavaThread "Build operations Thread 4" [_thread_blocked, id=4480, stack(0x000000eaf2e10000,0x000000eaf2f10000)]

Other Threads:
  0x000000eadebd4000 VMThread "VM Thread" [stack: 0x000000eadefd0000,0x000000eadf0d0000] [id=4288]
  0x000000eadede7800 WatcherThread [stack: 0x000000eadfab0000,0x000000eadfbb0000] [id=120]
  0x000000eac42be800 GCTaskThread "GC Thread#0" [stack: 0x000000eac3c30000,0x000000eac3d30000] [id=2488]
  0x000000eadefb4800 GCTaskThread "GC Thread#1" [stack: 0x000000eae1480000,0x000000eae1580000] [id=1168]
  0x000000eadfc69000 GCTaskThread "GC Thread#2" [stack: 0x000000eae1580000,0x000000eae1680000] [id=4224]
  0x000000eae0e35800 GCTaskThread "GC Thread#3" [stack: 0x000000eae3ab0000,0x000000eae3bb0000] [id=1484]
  0x000000eac42ef800 ConcurrentGCThread "G1 Main Marker" [stack: 0x000000eadb990000,0x000000eadba90000] [id=1252]
  0x000000eac42f3000 ConcurrentGCThread "G1 Conc#0" [stack: 0x000000eadba90000,0x000000eadbb90000] [id=4344]
  0x000000eade004800 ConcurrentGCThread "G1 Refine#0" [stack: 0x000000eade1d0000,0x000000eade2d0000] [id=4440]
  0x000000eae5f71000 ConcurrentGCThread "G1 Refine#1" [stack: 0x000000eaf2810000,0x000000eaf2910000] [id=4112]
  0x000000eade005800 ConcurrentGCThread "G1 Young RemSet Sampling" [stack: 0x000000eade2d0000,0x000000eade3d0000] [id=4904]

Threads with active compile tasks:
C2 CompilerThread0  38245 13588       4       org.gradle.api.internal.tasks.compile.incremental.serialization.HierarchicalNameSerializer::readName (51 bytes)
C2 CompilerThread1  38245 13596       4       org.gradle.api.internal.tasks.compile.incremental.serialization.HierarchicalNameSerializer::readFirstOccurrenceOfName (60 bytes)

VM state:not at safepoint (normal execution)

VM Mutex/Monitor currently owned by a thread: None

Heap address: 0x0000000080000000, size: 2048 MB, Compressed Oops mode: 32-bit
Narrow klass base: 0x0000000000000000, Narrow klass shift: 3
Compressed class space size: 1073741824 Address: 0x0000000100000000

Heap:
 garbage-first heap   total 328704K, used 229376K [0x0000000080000000, 0x0000000100000000)
  region size 1024K, 18 young (18432K), 2 survivors (2048K)
 Metaspace       used 113618K, capacity 116048K, committed 116184K, reserved 1150976K
  class space    used 14299K, capacity 15236K, committed 15268K, reserved 1048576K
Heap Regions: E=young(eden), S=young(survivor), O=old, HS=humongous(starts), HC=humongous(continues), CS=collection set, F=free, A=archive, TAMS=top-at-mark-start (previous, next)
|   0|0x0000000080000000, 0x0000000080100000, 0x0000000080100000|100%|HS|  |TAMS 0x0000000080100000, 0x0000000080000000| Complete 
|   1|0x0000000080100000, 0x0000000080200000, 0x0000000080200000|100%|HC|  |TAMS 0x0000000080200000, 0x0000000080100000| Complete 
|   2|0x0000000080200000, 0x0000000080300000, 0x0000000080300000|100%|HC|  |TAMS 0x0000000080300000, 0x0000000080200000| Complete 
|   3|0x0000000080300000, 0x0000000080400000, 0x0000000080400000|100%| O|  |TAMS 0x0000000080400000, 0x0000000080300000| Untracked 
|   4|0x0000000080400000, 0x0000000080500000, 0x0000000080500000|100%| O|  |TAMS 0x0000000080500000, 0x0000000080400000| Untracked 
|   5|0x0000000080500000, 0x0000000080600000, 0x0000000080600000|100%| O|  |TAMS 0x0000000080600000, 0x0000000080500000| Untracked 
|   6|0x0000000080600000, 0x0000000080700000, 0x0000000080700000|100%| O|  |TAMS 0x0000000080700000, 0x0000000080600000| Untracked 
|   7|0x0000000080700000, 0x0000000080800000, 0x0000000080800000|100%| O|  |TAMS 0x0000000080800000, 0x0000000080700000| Untracked 
|   8|0x0000000080800000, 0x0000000080900000, 0x0000000080900000|100%| O|  |TAMS 0x0000000080900000, 0x0000000080800000| Untracked 
|   9|0x0000000080900000, 0x0000000080a00000, 0x0000000080a00000|100%| O|  |TAMS 0x0000000080a00000, 0x0000000080900000| Untracked 
|  10|0x0000000080a00000, 0x0000000080b00000, 0x0000000080b00000|100%| O|  |TAMS 0x0000000080b00000, 0x0000000080a00000| Untracked 
|  11|0x0000000080b00000, 0x0000000080c00000, 0x0000000080c00000|100%| O|  |TAMS 0x0000000080c00000, 0x0000000080b00000| Untracked 
|  12|0x0000000080c00000, 0x0000000080d00000, 0x0000000080d00000|100%| O|  |TAMS 0x0000000080d00000, 0x0000000080c00000| Untracked 
|  13|0x0000000080d00000, 0x0000000080e00000, 0x0000000080e00000|100%| O|  |TAMS 0x0000000080e00000, 0x0000000080d00000| Untracked 
|  14|0x0000000080e00000, 0x0000000080f00000, 0x0000000080f00000|100%| O|  |TAMS 0x0000000080f00000, 0x0000000080e00000| Untracked 
|  15|0x0000000080f00000, 0x0000000081000000, 0x0000000081000000|100%| O|  |TAMS 0x0000000081000000, 0x0000000080f00000| Untracked 
|  16|0x0000000081000000, 0x0000000081100000, 0x0000000081100000|100%|HS|  |TAMS 0x0000000081100000, 0x0000000081000000| Complete 
|  17|0x0000000081100000, 0x0000000081200000, 0x0000000081200000|100%| O|  |TAMS 0x0000000081200000, 0x0000000081100000| Untracked 
|  18|0x0000000081200000, 0x0000000081300000, 0x0000000081300000|100%| O|  |TAMS 0x0000000081300000, 0x0000000081200000| Untracked 
|  19|0x0000000081300000, 0x0000000081400000, 0x0000000081400000|100%| O|  |TAMS 0x0000000081400000, 0x0000000081300000| Untracked 
|  20|0x0000000081400000, 0x0000000081500000, 0x0000000081500000|100%| O|  |TAMS 0x0000000081500000, 0x0000000081400000| Untracked 
|  21|0x0000000081500000, 0x0000000081600000, 0x0000000081600000|100%| O|  |TAMS 0x0000000081600000, 0x0000000081500000| Untracked 
|  22|0x0000000081600000, 0x0000000081700000, 0x0000000081700000|100%| O|  |TAMS 0x0000000081700000, 0x0000000081600000| Untracked 
|  23|0x0000000081700000, 0x0000000081800000, 0x0000000081800000|100%|HS|  |TAMS 0x0000000081800000, 0x0000000081700000| Complete 
|  24|0x0000000081800000, 0x0000000081900000, 0x0000000081900000|100%|HS|  |TAMS 0x0000000081900000, 0x0000000081800000| Complete 
|  25|0x0000000081900000, 0x0000000081a00000, 0x0000000081a00000|100%|HS|  |TAMS 0x0000000081a00000, 0x0000000081900000| Complete 
|  26|0x0000000081a00000, 0x0000000081b00000, 0x0000000081b00000|100%|HC|  |TAMS 0x0000000081b00000, 0x0000000081a00000| Complete 
|  27|0x0000000081b00000, 0x0000000081c00000, 0x0000000081c00000|100%|HC|  |TAMS 0x0000000081c00000, 0x0000000081b00000| Complete 
|  28|0x0000000081c00000, 0x0000000081d00000, 0x0000000081d00000|100%| O|  |TAMS 0x0000000081d00000, 0x0000000081c00000| Untracked 
|  29|0x0000000081d00000, 0x0000000081e00000, 0x0000000081e00000|100%|HS|  |TAMS 0x0000000081e00000, 0x0000000081d00000| Complete 
|  30|0x0000000081e00000, 0x0000000081f00000, 0x0000000081f00000|100%|HC|  |TAMS 0x0000000081f00000, 0x0000000081e00000| Complete 
|  31|0x0000000081f00000, 0x0000000082000000, 0x0000000082000000|100%| O|  |TAMS 0x0000000082000000, 0x0000000081f00000| Untracked 
|  32|0x0000000082000000, 0x0000000082100000, 0x0000000082100000|100%| O|  |TAMS 0x0000000082100000, 0x0000000082000000| Untracked 
|  33|0x0000000082100000, 0x0000000082200000, 0x0000000082200000|100%| O|  |TAMS 0x0000000082200000, 0x0000000082100000| Untracked 
|  34|0x0000000082200000, 0x0000000082300000, 0x0000000082300000|100%| O|  |TAMS 0x0000000082300000, 0x0000000082200000| Untracked 
|  35|0x0000000082300000, 0x0000000082400000, 0x0000000082400000|100%| O|  |TAMS 0x0000000082400000, 0x0000000082300000| Untracked 
|  36|0x0000000082400000, 0x0000000082500000, 0x0000000082500000|100%| O|  |TAMS 0x0000000082500000, 0x0000000082400000| Untracked 
|  37|0x0000000082500000, 0x0000000082600000, 0x0000000082600000|100%| O|  |TAMS 0x0000000082600000, 0x0000000082500000| Untracked 
|  38|0x0000000082600000, 0x0000000082700000, 0x0000000082700000|100%| O|  |TAMS 0x0000000082700000, 0x0000000082600000| Untracked 
|  39|0x0000000082700000, 0x0000000082800000, 0x0000000082800000|100%| O|  |TAMS 0x0000000082800000, 0x0000000082700000| Untracked 
|  40|0x0000000082800000, 0x0000000082900000, 0x0000000082900000|100%| O|  |TAMS 0x0000000082900000, 0x0000000082800000| Untracked 
|  41|0x0000000082900000, 0x0000000082a00000, 0x0000000082a00000|100%| O|  |TAMS 0x0000000082a00000, 0x0000000082900000| Untracked 
|  42|0x0000000082a00000, 0x0000000082b00000, 0x0000000082b00000|100%| O|  |TAMS 0x0000000082b00000, 0x0000000082a00000| Untracked 
|  43|0x0000000082b00000, 0x0000000082c00000, 0x0000000082c00000|100%| O|  |TAMS 0x0000000082c00000, 0x0000000082b00000| Untracked 
|  44|0x0000000082c00000, 0x0000000082d00000, 0x0000000082d00000|100%| O|  |TAMS 0x0000000082d00000, 0x0000000082c00000| Untracked 
|  45|0x0000000082d00000, 0x0000000082e00000, 0x0000000082e00000|100%| O|  |TAMS 0x0000000082e00000, 0x0000000082d00000| Untracked 
|  46|0x0000000082e00000, 0x0000000082f00000, 0x0000000082f00000|100%| O|  |TAMS 0x0000000082f00000, 0x0000000082e00000| Untracked 
|  47|0x0000000082f00000, 0x0000000083000000, 0x0000000083000000|100%| O|  |TAMS 0x0000000083000000, 0x0000000082f00000| Untracked 
|  48|0x0000000083000000, 0x0000000083100000, 0x0000000083100000|100%| O|  |TAMS 0x0000000083100000, 0x0000000083000000| Untracked 
|  49|0x0000000083100000, 0x0000000083200000, 0x0000000083200000|100%| O|  |TAMS 0x0000000083200000, 0x0000000083100000| Untracked 
|  50|0x0000000083200000, 0x0000000083300000, 0x0000000083300000|100%| O|  |TAMS 0x0000000083300000, 0x0000000083200000| Untracked 
|  51|0x0000000083300000, 0x0000000083400000, 0x0000000083400000|100%| O|  |TAMS 0x0000000083400000, 0x0000000083300000| Untracked 
|  52|0x0000000083400000, 0x0000000083500000, 0x0000000083500000|100%| O|  |TAMS 0x0000000083500000, 0x0000000083400000| Untracked 
|  53|0x0000000083500000, 0x0000000083600000, 0x0000000083600000|100%| O|  |TAMS 0x0000000083600000, 0x0000000083500000| Untracked 
|  54|0x0000000083600000, 0x0000000083700000, 0x0000000083700000|100%| O|  |TAMS 0x0000000083700000, 0x0000000083600000| Untracked 
|  55|0x0000000083700000, 0x0000000083800000, 0x0000000083800000|100%| O|  |TAMS 0x0000000083800000, 0x0000000083700000| Untracked 
|  56|0x0000000083800000, 0x0000000083900000, 0x0000000083900000|100%| O|  |TAMS 0x0000000083900000, 0x0000000083800000| Untracked 
|  57|0x0000000083900000, 0x0000000083a00000, 0x0000000083a00000|100%| O|  |TAMS 0x0000000083a00000, 0x0000000083900000| Untracked 
|  58|0x0000000083a00000, 0x0000000083b00000, 0x0000000083b00000|100%| O|  |TAMS 0x0000000083b00000, 0x0000000083a00000| Untracked 
|  59|0x0000000083b00000, 0x0000000083c00000, 0x0000000083c00000|100%| O|  |TAMS 0x0000000083c00000, 0x0000000083b00000| Untracked 
|  60|0x0000000083c00000, 0x0000000083d00000, 0x0000000083d00000|100%| O|  |TAMS 0x0000000083d00000, 0x0000000083c00000| Untracked 
|  61|0x0000000083d00000, 0x0000000083e00000, 0x0000000083e00000|100%| O|  |TAMS 0x0000000083e00000, 0x0000000083d00000| Untracked 
|  62|0x0000000083e00000, 0x0000000083f00000, 0x0000000083f00000|100%| O|  |TAMS 0x0000000083f00000, 0x0000000083e00000| Untracked 
|  63|0x0000000083f00000, 0x0000000084000000, 0x0000000084000000|100%| O|  |TAMS 0x0000000084000000, 0x0000000083f00000| Untracked 
|  64|0x0000000084000000, 0x0000000084100000, 0x0000000084100000|100%| O|  |TAMS 0x0000000084100000, 0x0000000084000000| Untracked 
|  65|0x0000000084100000, 0x0000000084200000, 0x0000000084200000|100%| O|  |TAMS 0x0000000084200000, 0x0000000084100000| Untracked 
|  66|0x0000000084200000, 0x0000000084300000, 0x0000000084300000|100%| O|  |TAMS 0x0000000084300000, 0x0000000084200000| Untracked 
|  67|0x0000000084300000, 0x0000000084400000, 0x0000000084400000|100%| O|  |TAMS 0x0000000084400000, 0x0000000084300000| Untracked 
|  68|0x0000000084400000, 0x0000000084500000, 0x0000000084500000|100%| O|  |TAMS 0x0000000084500000, 0x0000000084400000| Untracked 
|  69|0x0000000084500000, 0x0000000084600000, 0x0000000084600000|100%| O|  |TAMS 0x0000000084600000, 0x0000000084500000| Untracked 
|  70|0x0000000084600000, 0x0000000084700000, 0x0000000084700000|100%| O|  |TAMS 0x0000000084700000, 0x0000000084600000| Untracked 
|  71|0x0000000084700000, 0x0000000084800000, 0x0000000084800000|100%| O|  |TAMS 0x0000000084800000, 0x0000000084700000| Untracked 
|  72|0x0000000084800000, 0x0000000084900000, 0x0000000084900000|100%| O|  |TAMS 0x0000000084900000, 0x0000000084800000| Untracked 
|  73|0x0000000084900000, 0x0000000084a00000, 0x0000000084a00000|100%| O|  |TAMS 0x0000000084a00000, 0x0000000084900000| Untracked 
|  74|0x0000000084a00000, 0x0000000084b00000, 0x0000000084b00000|100%| O|  |TAMS 0x0000000084b00000, 0x0000000084a00000| Untracked 
|  75|0x0000000084b00000, 0x0000000084c00000, 0x0000000084c00000|100%| O|  |TAMS 0x0000000084c00000, 0x0000000084b00000| Untracked 
|  76|0x0000000084c00000, 0x0000000084d00000, 0x0000000084d00000|100%| O|  |TAMS 0x0000000084d00000, 0x0000000084c00000| Untracked 
|  77|0x0000000084d00000, 0x0000000084e00000, 0x0000000084e00000|100%| O|  |TAMS 0x0000000084e00000, 0x0000000084d00000| Untracked 
|  78|0x0000000084e00000, 0x0000000084f00000, 0x0000000084f00000|100%|HS|  |TAMS 0x0000000084f00000, 0x0000000084e00000| Complete 
|  79|0x0000000084f00000, 0x0000000085000000, 0x0000000085000000|100%|HC|  |TAMS 0x0000000085000000, 0x0000000084f00000| Complete 
|  80|0x0000000085000000, 0x0000000085100000, 0x0000000085100000|100%| O|  |TAMS 0x0000000085100000, 0x0000000085000000| Untracked 
|  81|0x0000000085100000, 0x0000000085200000, 0x0000000085200000|100%| O|  |TAMS 0x0000000085200000, 0x0000000085100000| Untracked 
|  82|0x0000000085200000, 0x0000000085300000, 0x0000000085300000|100%| O|  |TAMS 0x0000000085300000, 0x0000000085200000| Untracked 
|  83|0x0000000085300000, 0x0000000085400000, 0x0000000085400000|100%| O|  |TAMS 0x0000000085400000, 0x0000000085300000| Untracked 
|  84|0x0000000085400000, 0x0000000085500000, 0x0000000085500000|100%| O|  |TAMS 0x0000000085500000, 0x0000000085400000| Untracked 
|  85|0x0000000085500000, 0x0000000085600000, 0x0000000085600000|100%| O|  |TAMS 0x0000000085600000, 0x0000000085500000| Untracked 
|  86|0x0000000085600000, 0x0000000085700000, 0x0000000085700000|100%| O|  |TAMS 0x0000000085700000, 0x0000000085600000| Untracked 
|  87|0x0000000085700000, 0x0000000085800000, 0x0000000085800000|100%| O|  |TAMS 0x0000000085800000, 0x0000000085700000| Untracked 
|  88|0x0000000085800000, 0x0000000085900000, 0x0000000085900000|100%| O|  |TAMS 0x0000000085900000, 0x0000000085800000| Untracked 
|  89|0x0000000085900000, 0x0000000085a00000, 0x0000000085a00000|100%| O|  |TAMS 0x0000000085a00000, 0x0000000085900000| Untracked 
|  90|0x0000000085a00000, 0x0000000085b00000, 0x0000000085b00000|100%| O|  |TAMS 0x0000000085b00000, 0x0000000085a00000| Untracked 
|  91|0x0000000085b00000, 0x0000000085c00000, 0x0000000085c00000|100%| O|  |TAMS 0x0000000085c00000, 0x0000000085b00000| Untracked 
|  92|0x0000000085c00000, 0x0000000085d00000, 0x0000000085d00000|100%| O|  |TAMS 0x0000000085d00000, 0x0000000085c00000| Untracked 
|  93|0x0000000085d00000, 0x0000000085e00000, 0x0000000085e00000|100%| O|  |TAMS 0x0000000085d00000, 0x0000000085d00000| Untracked 
|  94|0x0000000085e00000, 0x0000000085f00000, 0x0000000085f00000|100%| O|  |TAMS 0x0000000085e00000, 0x0000000085e00000| Untracked 
|  95|0x0000000085f00000, 0x0000000086000000, 0x0000000086000000|100%| O|  |TAMS 0x0000000085f00000, 0x0000000085f00000| Untracked 
|  96|0x0000000086000000, 0x0000000086100000, 0x0000000086100000|100%| O|  |TAMS 0x0000000086000000, 0x0000000086000000| Untracked 
|  97|0x0000000086100000, 0x0000000086100000, 0x0000000086200000|  0%| F|  |TAMS 0x0000000086100000, 0x0000000086100000| Untracked 
|  98|0x0000000086200000, 0x0000000086200000, 0x0000000086300000|  0%| F|  |TAMS 0x0000000086200000, 0x0000000086200000| Untracked 
|  99|0x0000000086300000, 0x0000000086300000, 0x0000000086400000|  0%| F|  |TAMS 0x0000000086300000, 0x0000000086300000| Untracked 
| 100|0x0000000086400000, 0x0000000086400000, 0x0000000086500000|  0%| F|  |TAMS 0x0000000086400000, 0x0000000086400000| Untracked 
| 101|0x0000000086500000, 0x0000000086500000, 0x0000000086600000|  0%| F|  |TAMS 0x0000000086500000, 0x0000000086500000| Untracked 
| 102|0x0000000086600000, 0x0000000086600000, 0x0000000086700000|  0%| F|  |TAMS 0x0000000086600000, 0x0000000086600000| Untracked 
| 103|0x0000000086700000, 0x0000000086700000, 0x0000000086800000|  0%| F|  |TAMS 0x0000000086700000, 0x0000000086700000| Untracked 
| 104|0x0000000086800000, 0x0000000086800000, 0x0000000086900000|  0%| F|  |TAMS 0x0000000086800000, 0x0000000086800000| Untracked 
| 105|0x0000000086900000, 0x0000000086900000, 0x0000000086a00000|  0%| F|  |TAMS 0x0000000086900000, 0x0000000086900000| Untracked 
| 106|0x0000000086a00000, 0x0000000086a00000, 0x0000000086b00000|  0%| F|  |TAMS 0x0000000086a00000, 0x0000000086a00000| Untracked 
| 107|0x0000000086b00000, 0x0000000086b00000, 0x0000000086c00000|  0%| F|  |TAMS 0x0000000086b00000, 0x0000000086b00000| Untracked 
| 108|0x0000000086c00000, 0x0000000086c00000, 0x0000000086d00000|  0%| F|  |TAMS 0x0000000086c00000, 0x0000000086c00000| Untracked 
| 109|0x0000000086d00000, 0x0000000086d00000, 0x0000000086e00000|  0%| F|  |TAMS 0x0000000086d00000, 0x0000000086d00000| Untracked 
| 110|0x0000000086e00000, 0x0000000086e00000, 0x0000000086f00000|  0%| F|  |TAMS 0x0000000086e00000, 0x0000000086e00000| Untracked 
| 111|0x0000000086f00000, 0x0000000086f00000, 0x0000000087000000|  0%| F|  |TAMS 0x0000000086f00000, 0x0000000086f00000| Untracked 
| 112|0x0000000087000000, 0x0000000087000000, 0x0000000087100000|  0%| F|  |TAMS 0x0000000087000000, 0x0000000087000000| Untracked 
| 113|0x0000000087100000, 0x0000000087100000, 0x0000000087200000|  0%| F|  |TAMS 0x0000000087100000, 0x0000000087100000| Untracked 
| 114|0x0000000087200000, 0x0000000087200000, 0x0000000087300000|  0%| F|  |TAMS 0x0000000087200000, 0x0000000087200000| Untracked 
| 115|0x0000000087300000, 0x0000000087400000, 0x0000000087400000|100%| O|  |TAMS 0x0000000087400000, 0x0000000087300000| Untracked 
| 116|0x0000000087400000, 0x0000000087500000, 0x0000000087500000|100%| O|  |TAMS 0x0000000087500000, 0x0000000087400000| Untracked 
| 117|0x0000000087500000, 0x0000000087600000, 0x0000000087600000|100%| O|  |TAMS 0x0000000087600000, 0x0000000087500000| Untracked 
| 118|0x0000000087600000, 0x0000000087700000, 0x0000000087700000|100%| O|  |TAMS 0x0000000087700000, 0x0000000087600000| Untracked 
| 119|0x0000000087700000, 0x0000000087800000, 0x0000000087800000|100%| O|  |TAMS 0x0000000087800000, 0x0000000087700000| Untracked 
| 120|0x0000000087800000, 0x0000000087800000, 0x0000000087900000|  0%| F|  |TAMS 0x0000000087800000, 0x0000000087800000| Untracked 
| 121|0x0000000087900000, 0x0000000087900000, 0x0000000087a00000|  0%| F|  |TAMS 0x0000000087900000, 0x0000000087900000| Untracked 
| 122|0x0000000087a00000, 0x0000000087a00000, 0x0000000087b00000|  0%| F|  |TAMS 0x0000000087a00000, 0x0000000087a00000| Untracked 
| 123|0x0000000087b00000, 0x0000000087b00000, 0x0000000087c00000|  0%| F|  |TAMS 0x0000000087b00000, 0x0000000087b00000| Untracked 
| 124|0x0000000087c00000, 0x0000000087c00000, 0x0000000087d00000|  0%| F|  |TAMS 0x0000000087c00000, 0x0000000087c00000| Untracked 
| 125|0x0000000087d00000, 0x0000000087d00000, 0x0000000087e00000|  0%| F|  |TAMS 0x0000000087d00000, 0x0000000087d00000| Untracked 
| 126|0x0000000087e00000, 0x0000000087e00000, 0x0000000087f00000|  0%| F|  |TAMS 0x0000000087e00000, 0x0000000087e00000| Untracked 
| 127|0x0000000087f00000, 0x0000000087f00000, 0x0000000088000000|  0%| F|  |TAMS 0x0000000087f00000, 0x0000000087f00000| Untracked 
| 128|0x0000000088000000, 0x0000000088000000, 0x0000000088100000|  0%| F|  |TAMS 0x0000000088000000, 0x0000000088000000| Untracked 
| 129|0x0000000088100000, 0x0000000088100000, 0x0000000088200000|  0%| F|  |TAMS 0x0000000088100000, 0x0000000088100000| Untracked 
| 130|0x0000000088200000, 0x0000000088200000, 0x0000000088300000|  0%| F|  |TAMS 0x0000000088200000, 0x0000000088200000| Untracked 
| 131|0x0000000088300000, 0x0000000088300000, 0x0000000088400000|  0%| F|  |TAMS 0x0000000088300000, 0x0000000088300000| Untracked 
| 132|0x0000000088400000, 0x0000000088400000, 0x0000000088500000|  0%| F|  |TAMS 0x0000000088400000, 0x0000000088400000| Untracked 
| 133|0x0000000088500000, 0x0000000088500000, 0x0000000088600000|  0%| F|  |TAMS 0x0000000088500000, 0x0000000088500000| Untracked 
| 134|0x0000000088600000, 0x0000000088600000, 0x0000000088700000|  0%| F|  |TAMS 0x0000000088600000, 0x0000000088600000| Untracked 
| 135|0x0000000088700000, 0x0000000088700000, 0x0000000088800000|  0%| F|  |TAMS 0x0000000088700000, 0x0000000088700000| Untracked 
| 136|0x0000000088800000, 0x0000000088900000, 0x0000000088900000|100%| O|  |TAMS 0x0000000088900000, 0x0000000088800000| Untracked 
| 137|0x0000000088900000, 0x0000000088a00000, 0x0000000088a00000|100%| O|  |TAMS 0x0000000088a00000, 0x0000000088900000| Untracked 
| 138|0x0000000088a00000, 0x0000000088b00000, 0x0000000088b00000|100%| O|  |TAMS 0x0000000088b00000, 0x0000000088a00000| Untracked 
| 139|0x0000000088b00000, 0x0000000088c00000, 0x0000000088c00000|100%| O|  |TAMS 0x0000000088c00000, 0x0000000088b00000| Untracked 
| 140|0x0000000088c00000, 0x0000000088c00000, 0x0000000088d00000|  0%| F|  |TAMS 0x0000000088c00000, 0x0000000088c00000| Untracked 
| 141|0x0000000088d00000, 0x0000000088d00000, 0x0000000088e00000|  0%| F|  |TAMS 0x0000000088d00000, 0x0000000088d00000| Untracked 
| 142|0x0000000088e00000, 0x0000000088e00000, 0x0000000088f00000|  0%| F|  |TAMS 0x0000000088e00000, 0x0000000088e00000| Untracked 
| 143|0x0000000088f00000, 0x0000000088f00000, 0x0000000089000000|  0%| F|  |TAMS 0x0000000088f00000, 0x0000000088f00000| Untracked 
| 144|0x0000000089000000, 0x0000000089100000, 0x0000000089100000|100%| O|  |TAMS 0x0000000089100000, 0x0000000089000000| Untracked 
| 145|0x0000000089100000, 0x0000000089200000, 0x0000000089200000|100%| O|  |TAMS 0x0000000089200000, 0x0000000089100000| Untracked 
| 146|0x0000000089200000, 0x0000000089300000, 0x0000000089300000|100%| O|  |TAMS 0x0000000089300000, 0x0000000089200000| Untracked 
| 147|0x0000000089300000, 0x0000000089400000, 0x0000000089400000|100%| O|  |TAMS 0x0000000089400000, 0x0000000089300000| Untracked 
| 148|0x0000000089400000, 0x0000000089500000, 0x0000000089500000|100%| O|  |TAMS 0x0000000089500000, 0x0000000089400000| Untracked 
| 149|0x0000000089500000, 0x0000000089600000, 0x0000000089600000|100%| O|  |TAMS 0x0000000089600000, 0x0000000089500000| Untracked 
| 150|0x0000000089600000, 0x0000000089700000, 0x0000000089700000|100%| O|  |TAMS 0x0000000089700000, 0x0000000089600000| Untracked 
| 151|0x0000000089700000, 0x0000000089800000, 0x0000000089800000|100%| O|  |TAMS 0x0000000089800000, 0x0000000089700000| Untracked 
| 152|0x0000000089800000, 0x0000000089900000, 0x0000000089900000|100%| O|  |TAMS 0x0000000089900000, 0x0000000089800000| Untracked 
| 153|0x0000000089900000, 0x0000000089a00000, 0x0000000089a00000|100%| O|  |TAMS 0x0000000089a00000, 0x0000000089900000| Untracked 
| 154|0x0000000089a00000, 0x0000000089b00000, 0x0000000089b00000|100%| O|  |TAMS 0x0000000089b00000, 0x0000000089a00000| Untracked 
| 155|0x0000000089b00000, 0x0000000089c00000, 0x0000000089c00000|100%| O|  |TAMS 0x0000000089c00000, 0x0000000089b00000| Untracked 
| 156|0x0000000089c00000, 0x0000000089d00000, 0x0000000089d00000|100%| O|  |TAMS 0x0000000089d00000, 0x0000000089c00000| Untracked 
| 157|0x0000000089d00000, 0x0000000089e00000, 0x0000000089e00000|100%| O|  |TAMS 0x0000000089e00000, 0x0000000089d00000| Untracked 
| 158|0x0000000089e00000, 0x0000000089f00000, 0x0000000089f00000|100%| O|  |TAMS 0x0000000089f00000, 0x0000000089e00000| Untracked 
| 159|0x0000000089f00000, 0x000000008a000000, 0x000000008a000000|100%| O|  |TAMS 0x000000008a000000, 0x0000000089f00000| Untracked 
| 160|0x000000008a000000, 0x000000008a100000, 0x000000008a100000|100%| O|  |TAMS 0x000000008a100000, 0x000000008a000000| Untracked 
| 161|0x000000008a100000, 0x000000008a200000, 0x000000008a200000|100%| O|  |TAMS 0x000000008a200000, 0x000000008a100000| Untracked 
| 162|0x000000008a200000, 0x000000008a300000, 0x000000008a300000|100%| O|  |TAMS 0x000000008a300000, 0x000000008a200000| Untracked 
| 163|0x000000008a300000, 0x000000008a400000, 0x000000008a400000|100%| O|  |TAMS 0x000000008a400000, 0x000000008a300000| Untracked 
| 164|0x000000008a400000, 0x000000008a500000, 0x000000008a500000|100%| O|  |TAMS 0x000000008a500000, 0x000000008a400000| Untracked 
| 165|0x000000008a500000, 0x000000008a600000, 0x000000008a600000|100%| O|  |TAMS 0x000000008a600000, 0x000000008a500000| Untracked 
| 166|0x000000008a600000, 0x000000008a700000, 0x000000008a700000|100%| O|  |TAMS 0x000000008a700000, 0x000000008a600000| Untracked 
| 167|0x000000008a700000, 0x000000008a800000, 0x000000008a800000|100%| O|  |TAMS 0x000000008a800000, 0x000000008a700000| Untracked 
| 168|0x000000008a800000, 0x000000008a900000, 0x000000008a900000|100%| O|  |TAMS 0x000000008a900000, 0x000000008a800000| Untracked 
| 169|0x000000008a900000, 0x000000008aa00000, 0x000000008aa00000|100%| O|  |TAMS 0x000000008aa00000, 0x000000008a900000| Untracked 
| 170|0x000000008aa00000, 0x000000008ab00000, 0x000000008ab00000|100%| O|  |TAMS 0x000000008ab00000, 0x000000008aa00000| Untracked 
| 171|0x000000008ab00000, 0x000000008ac00000, 0x000000008ac00000|100%| O|  |TAMS 0x000000008ac00000, 0x000000008ab00000| Untracked 
| 172|0x000000008ac00000, 0x000000008ad00000, 0x000000008ad00000|100%| O|  |TAMS 0x000000008ad00000, 0x000000008ac00000| Untracked 
| 173|0x000000008ad00000, 0x000000008ae00000, 0x000000008ae00000|100%| O|  |TAMS 0x000000008ae00000, 0x000000008ad00000| Untracked 
| 174|0x000000008ae00000, 0x000000008af00000, 0x000000008af00000|100%| O|  |TAMS 0x000000008af00000, 0x000000008ae00000| Untracked 
| 175|0x000000008af00000, 0x000000008b000000, 0x000000008b000000|100%| O|  |TAMS 0x000000008b000000, 0x000000008af00000| Untracked 
| 176|0x000000008b000000, 0x000000008b100000, 0x000000008b100000|100%| O|  |TAMS 0x000000008b100000, 0x000000008b000000| Untracked 
| 177|0x000000008b100000, 0x000000008b200000, 0x000000008b200000|100%| O|  |TAMS 0x000000008b200000, 0x000000008b100000| Untracked 
| 178|0x000000008b200000, 0x000000008b300000, 0x000000008b300000|100%| O|  |TAMS 0x000000008b300000, 0x000000008b200000| Untracked 
| 179|0x000000008b300000, 0x000000008b400000, 0x000000008b400000|100%| O|  |TAMS 0x000000008b400000, 0x000000008b300000| Untracked 
| 180|0x000000008b400000, 0x000000008b500000, 0x000000008b500000|100%| O|  |TAMS 0x000000008b500000, 0x000000008b400000| Untracked 
| 181|0x000000008b500000, 0x000000008b600000, 0x000000008b600000|100%| O|  |TAMS 0x000000008b600000, 0x000000008b500000| Untracked 
| 182|0x000000008b600000, 0x000000008b700000, 0x000000008b700000|100%| O|  |TAMS 0x000000008b700000, 0x000000008b600000| Untracked 
| 183|0x000000008b700000, 0x000000008b800000, 0x000000008b800000|100%| O|  |TAMS 0x000000008b800000, 0x000000008b700000| Untracked 
| 184|0x000000008b800000, 0x000000008b900000, 0x000000008b900000|100%| O|  |TAMS 0x000000008b900000, 0x000000008b800000| Untracked 
| 185|0x000000008b900000, 0x000000008ba00000, 0x000000008ba00000|100%| O|  |TAMS 0x000000008ba00000, 0x000000008b900000| Untracked 
| 186|0x000000008ba00000, 0x000000008bb00000, 0x000000008bb00000|100%| O|  |TAMS 0x000000008bb00000, 0x000000008ba00000| Untracked 
| 187|0x000000008bb00000, 0x000000008bc00000, 0x000000008bc00000|100%| O|  |TAMS 0x000000008bc00000, 0x000000008bb00000| Untracked 
| 188|0x000000008bc00000, 0x000000008bd00000, 0x000000008bd00000|100%| O|  |TAMS 0x000000008bd00000, 0x000000008bc00000| Untracked 
| 189|0x000000008bd00000, 0x000000008be00000, 0x000000008be00000|100%| O|  |TAMS 0x000000008be00000, 0x000000008bd00000| Untracked 
| 190|0x000000008be00000, 0x000000008be00000, 0x000000008bf00000|  0%| F|  |TAMS 0x000000008be00000, 0x000000008be00000| Untracked 
| 191|0x000000008bf00000, 0x000000008c000000, 0x000000008c000000|100%| O|  |TAMS 0x000000008c000000, 0x000000008bf00000| Untracked 
| 192|0x000000008c000000, 0x000000008c100000, 0x000000008c100000|100%| O|  |TAMS 0x000000008c100000, 0x000000008c000000| Untracked 
| 193|0x000000008c100000, 0x000000008c200000, 0x000000008c200000|100%| O|  |TAMS 0x000000008c200000, 0x000000008c100000| Untracked 
| 194|0x000000008c200000, 0x000000008c300000, 0x000000008c300000|100%| O|  |TAMS 0x000000008c300000, 0x000000008c200000| Untracked 
| 195|0x000000008c300000, 0x000000008c400000, 0x000000008c400000|100%| O|  |TAMS 0x000000008c400000, 0x000000008c300000| Untracked 
| 196|0x000000008c400000, 0x000000008c500000, 0x000000008c500000|100%| O|  |TAMS 0x000000008c500000, 0x000000008c400000| Untracked 
| 197|0x000000008c500000, 0x000000008c600000, 0x000000008c600000|100%| O|  |TAMS 0x000000008c600000, 0x000000008c500000| Untracked 
| 198|0x000000008c600000, 0x000000008c700000, 0x000000008c700000|100%| O|  |TAMS 0x000000008c700000, 0x000000008c600000| Untracked 
| 199|0x000000008c700000, 0x000000008c800000, 0x000000008c800000|100%| O|  |TAMS 0x000000008c800000, 0x000000008c700000| Untracked 
| 200|0x000000008c800000, 0x000000008c900000, 0x000000008c900000|100%| O|  |TAMS 0x000000008c900000, 0x000000008c800000| Untracked 
| 201|0x000000008c900000, 0x000000008ca00000, 0x000000008ca00000|100%| O|  |TAMS 0x000000008ca00000, 0x000000008c900000| Untracked 
| 202|0x000000008ca00000, 0x000000008cb00000, 0x000000008cb00000|100%| O|  |TAMS 0x000000008cb00000, 0x000000008ca00000| Untracked 
| 203|0x000000008cb00000, 0x000000008cc00000, 0x000000008cc00000|100%| O|  |TAMS 0x000000008cc00000, 0x000000008cb00000| Untracked 
| 204|0x000000008cc00000, 0x000000008cd00000, 0x000000008cd00000|100%| O|  |TAMS 0x000000008cd00000, 0x000000008cc00000| Untracked 
| 205|0x000000008cd00000, 0x000000008ce00000, 0x000000008ce00000|100%| O|  |TAMS 0x000000008ce00000, 0x000000008cd00000| Untracked 
| 206|0x000000008ce00000, 0x000000008cf00000, 0x000000008cf00000|100%| O|  |TAMS 0x000000008cf00000, 0x000000008ce00000| Untracked 
| 207|0x000000008cf00000, 0x000000008d000000, 0x000000008d000000|100%| O|  |TAMS 0x000000008d000000, 0x000000008cf00000| Untracked 
| 208|0x000000008d000000, 0x000000008d100000, 0x000000008d100000|100%| O|  |TAMS 0x000000008d100000, 0x000000008d000000| Untracked 
| 209|0x000000008d100000, 0x000000008d200000, 0x000000008d200000|100%| O|  |TAMS 0x000000008d200000, 0x000000008d100000| Untracked 
| 210|0x000000008d200000, 0x000000008d300000, 0x000000008d300000|100%| O|  |TAMS 0x000000008d300000, 0x000000008d200000| Untracked 
| 211|0x000000008d300000, 0x000000008d400000, 0x000000008d400000|100%| O|  |TAMS 0x000000008d400000, 0x000000008d300000| Untracked 
| 212|0x000000008d400000, 0x000000008d500000, 0x000000008d500000|100%| O|  |TAMS 0x000000008d500000, 0x000000008d400000| Untracked 
| 213|0x000000008d500000, 0x000000008d600000, 0x000000008d600000|100%| O|  |TAMS 0x000000008d600000, 0x000000008d500000| Untracked 
| 214|0x000000008d600000, 0x000000008d700000, 0x000000008d700000|100%| O|  |TAMS 0x000000008d700000, 0x000000008d600000| Untracked 
| 215|0x000000008d700000, 0x000000008d800000, 0x000000008d800000|100%| O|  |TAMS 0x000000008d800000, 0x000000008d700000| Untracked 
| 216|0x000000008d800000, 0x000000008d900000, 0x000000008d900000|100%| O|  |TAMS 0x000000008d900000, 0x000000008d800000| Untracked 
| 217|0x000000008d900000, 0x000000008da00000, 0x000000008da00000|100%| O|  |TAMS 0x000000008d900000, 0x000000008d900000| Untracked 
| 218|0x000000008da00000, 0x000000008db00000, 0x000000008db00000|100%| O|  |TAMS 0x000000008da00000, 0x000000008da00000| Untracked 
| 219|0x000000008db00000, 0x000000008dc00000, 0x000000008dc00000|100%| O|  |TAMS 0x000000008db00000, 0x000000008db00000| Untracked 
| 220|0x000000008dc00000, 0x000000008dd00000, 0x000000008dd00000|100%| O|  |TAMS 0x000000008dc00000, 0x000000008dc00000| Untracked 
| 221|0x000000008dd00000, 0x000000008de00000, 0x000000008de00000|100%| O|  |TAMS 0x000000008dd00000, 0x000000008dd00000| Untracked 
| 222|0x000000008de00000, 0x000000008df00000, 0x000000008df00000|100%| O|  |TAMS 0x000000008de00000, 0x000000008de00000| Untracked 
| 223|0x000000008df00000, 0x000000008e000000, 0x000000008e000000|100%| O|  |TAMS 0x000000008df00000, 0x000000008df00000| Untracked 
| 224|0x000000008e000000, 0x000000008e100000, 0x000000008e100000|100%| O|  |TAMS 0x000000008e000000, 0x000000008e000000| Untracked 
| 225|0x000000008e100000, 0x000000008e200000, 0x000000008e200000|100%| O|  |TAMS 0x000000008e100000, 0x000000008e100000| Untracked 
| 226|0x000000008e200000, 0x000000008e300000, 0x000000008e300000|100%| O|  |TAMS 0x000000008e200000, 0x000000008e200000| Untracked 
| 227|0x000000008e300000, 0x000000008e400000, 0x000000008e400000|100%| O|  |TAMS 0x000000008e300000, 0x000000008e300000| Untracked 
| 228|0x000000008e400000, 0x000000008e500000, 0x000000008e500000|100%| O|  |TAMS 0x000000008e400000, 0x000000008e400000| Untracked 
| 229|0x000000008e500000, 0x000000008e600000, 0x000000008e600000|100%| O|  |TAMS 0x000000008e500000, 0x000000008e500000| Untracked 
| 230|0x000000008e600000, 0x000000008e700000, 0x000000008e700000|100%| O|  |TAMS 0x000000008e600000, 0x000000008e600000| Untracked 
| 231|0x000000008e700000, 0x000000008e800000, 0x000000008e800000|100%| O|  |TAMS 0x000000008e700000, 0x000000008e700000| Untracked 
| 232|0x000000008e800000, 0x000000008e900000, 0x000000008e900000|100%| O|  |TAMS 0x000000008e800000, 0x000000008e800000| Untracked 
| 233|0x000000008e900000, 0x000000008ea00000, 0x000000008ea00000|100%| O|  |TAMS 0x000000008e900000, 0x000000008e900000| Untracked 
| 234|0x000000008ea00000, 0x000000008eb00000, 0x000000008eb00000|100%| O|  |TAMS 0x000000008ea00000, 0x000000008ea00000| Untracked 
| 235|0x000000008eb00000, 0x000000008ec00000, 0x000000008ec00000|100%| O|  |TAMS 0x000000008eb00000, 0x000000008eb00000| Untracked 
| 236|0x000000008ec00000, 0x000000008ed00000, 0x000000008ed00000|100%| O|  |TAMS 0x000000008ec00000, 0x000000008ec00000| Untracked 
| 237|0x000000008ed00000, 0x000000008ee00000, 0x000000008ee00000|100%| O|  |TAMS 0x000000008ed00000, 0x000000008ed00000| Untracked 
| 238|0x000000008ee00000, 0x000000008ef00000, 0x000000008ef00000|100%| O|  |TAMS 0x000000008ee00000, 0x000000008ee00000| Untracked 
| 239|0x000000008ef00000, 0x000000008f000000, 0x000000008f000000|100%| O|  |TAMS 0x000000008ef00000, 0x000000008ef00000| Untracked 
| 240|0x000000008f000000, 0x000000008f100000, 0x000000008f100000|100%| O|  |TAMS 0x000000008f000000, 0x000000008f000000| Untracked 
| 241|0x000000008f100000, 0x000000008f200000, 0x000000008f200000|100%| O|  |TAMS 0x000000008f100000, 0x000000008f100000| Untracked 
| 242|0x000000008f200000, 0x000000008f300000, 0x000000008f300000|100%| O|  |TAMS 0x000000008f200000, 0x000000008f200000| Untracked 
| 243|0x000000008f300000, 0x000000008f400000, 0x000000008f400000|100%| O|  |TAMS 0x000000008f300000, 0x000000008f300000| Untracked 
| 244|0x000000008f400000, 0x000000008f500000, 0x000000008f500000|100%| O|  |TAMS 0x000000008f400000, 0x000000008f400000| Untracked 
| 245|0x000000008f500000, 0x000000008f600000, 0x000000008f600000|100%| O|  |TAMS 0x000000008f500000, 0x000000008f500000| Untracked 
| 246|0x000000008f600000, 0x000000008f700000, 0x000000008f700000|100%| O|  |TAMS 0x000000008f600000, 0x000000008f600000| Untracked 
| 247|0x000000008f700000, 0x000000008f700000, 0x000000008f800000|  0%| F|  |TAMS 0x000000008f700000, 0x000000008f700000| Untracked 
| 248|0x000000008f800000, 0x000000008f800000, 0x000000008f900000|  0%| F|  |TAMS 0x000000008f800000, 0x000000008f800000| Untracked 
| 249|0x000000008f900000, 0x000000008f900000, 0x000000008fa00000|  0%| F|  |TAMS 0x000000008f900000, 0x000000008f900000| Untracked 
| 250|0x000000008fa00000, 0x000000008fa00000, 0x000000008fb00000|  0%| F|  |TAMS 0x000000008fa00000, 0x000000008fa00000| Untracked 
| 251|0x000000008fb00000, 0x000000008fb00000, 0x000000008fc00000|  0%| F|  |TAMS 0x000000008fb00000, 0x000000008fb00000| Untracked 
| 252|0x000000008fc00000, 0x000000008fc00000, 0x000000008fd00000|  0%| F|  |TAMS 0x000000008fc00000, 0x000000008fc00000| Untracked 
| 253|0x000000008fd00000, 0x000000008fd00000, 0x000000008fe00000|  0%| F|  |TAMS 0x000000008fd00000, 0x000000008fd00000| Untracked 
| 254|0x000000008fe00000, 0x000000008fe00000, 0x000000008ff00000|  0%| F|  |TAMS 0x000000008fe00000, 0x000000008fe00000| Untracked 
| 255|0x000000008ff00000, 0x000000008ff00000, 0x0000000090000000|  0%| F|  |TAMS 0x000000008ff00000, 0x000000008ff00000| Untracked 
| 256|0x0000000090000000, 0x0000000090000000, 0x0000000090100000|  0%| F|  |TAMS 0x0000000090000000, 0x0000000090000000| Untracked 
| 257|0x0000000090100000, 0x0000000090100000, 0x0000000090200000|  0%| F|  |TAMS 0x0000000090100000, 0x0000000090100000| Untracked 
| 258|0x0000000090200000, 0x0000000090200000, 0x0000000090300000|  0%| F|  |TAMS 0x0000000090200000, 0x0000000090200000| Untracked 
| 259|0x0000000090300000, 0x0000000090300000, 0x0000000090400000|  0%| F|  |TAMS 0x0000000090300000, 0x0000000090300000| Untracked 
| 260|0x0000000090400000, 0x0000000090400000, 0x0000000090500000|  0%| F|  |TAMS 0x0000000090400000, 0x0000000090400000| Untracked 
| 261|0x0000000090500000, 0x0000000090500000, 0x0000000090600000|  0%| F|  |TAMS 0x0000000090500000, 0x0000000090500000| Untracked 
| 262|0x0000000090600000, 0x0000000090600000, 0x0000000090700000|  0%| F|  |TAMS 0x0000000090600000, 0x0000000090600000| Untracked 
| 263|0x0000000090700000, 0x0000000090700000, 0x0000000090800000|  0%| F|  |TAMS 0x0000000090700000, 0x0000000090700000| Untracked 
| 264|0x0000000090800000, 0x0000000090800000, 0x0000000090900000|  0%| F|  |TAMS 0x0000000090800000, 0x0000000090800000| Untracked 
| 265|0x0000000090900000, 0x0000000090900000, 0x0000000090a00000|  0%| F|  |TAMS 0x0000000090900000, 0x0000000090900000| Untracked 
| 266|0x0000000090a00000, 0x0000000090a00000, 0x0000000090b00000|  0%| F|  |TAMS 0x0000000090a00000, 0x0000000090a00000| Untracked 
| 267|0x0000000090b00000, 0x0000000090b00000, 0x0000000090c00000|  0%| F|  |TAMS 0x0000000090b00000, 0x0000000090b00000| Untracked 
| 268|0x0000000090c00000, 0x0000000090c00000, 0x0000000090d00000|  0%| F|  |TAMS 0x0000000090c00000, 0x0000000090c00000| Untracked 
| 269|0x0000000090d00000, 0x0000000090d00000, 0x0000000090e00000|  0%| F|  |TAMS 0x0000000090d00000, 0x0000000090d00000| Untracked 
| 270|0x0000000090e00000, 0x0000000090e00000, 0x0000000090f00000|  0%| F|  |TAMS 0x0000000090e00000, 0x0000000090e00000| Untracked 
| 271|0x0000000090f00000, 0x0000000090f00000, 0x0000000091000000|  0%| F|  |TAMS 0x0000000090f00000, 0x0000000090f00000| Untracked 
| 272|0x0000000091000000, 0x0000000091000000, 0x0000000091100000|  0%| F|  |TAMS 0x0000000091000000, 0x0000000091000000| Untracked 
| 273|0x0000000091100000, 0x0000000091100000, 0x0000000091200000|  0%| F|  |TAMS 0x0000000091100000, 0x0000000091100000| Untracked 
| 274|0x0000000091200000, 0x0000000091200000, 0x0000000091300000|  0%| F|  |TAMS 0x0000000091200000, 0x0000000091200000| Untracked 
| 275|0x0000000091300000, 0x0000000091300000, 0x0000000091400000|  0%| F|  |TAMS 0x0000000091300000, 0x0000000091300000| Untracked 
| 276|0x0000000091400000, 0x0000000091400000, 0x0000000091500000|  0%| F|  |TAMS 0x0000000091400000, 0x0000000091400000| Untracked 
| 277|0x0000000091500000, 0x0000000091500000, 0x0000000091600000|  0%| F|  |TAMS 0x0000000091500000, 0x0000000091500000| Untracked 
| 278|0x0000000091600000, 0x0000000091600000, 0x0000000091700000|  0%| F|  |TAMS 0x0000000091600000, 0x0000000091600000| Untracked 
| 279|0x0000000091700000, 0x0000000091700000, 0x0000000091800000|  0%| F|  |TAMS 0x0000000091700000, 0x0000000091700000| Untracked 
| 280|0x0000000091800000, 0x0000000091800000, 0x0000000091900000|  0%| F|  |TAMS 0x0000000091800000, 0x0000000091800000| Untracked 
| 281|0x0000000091900000, 0x0000000091900000, 0x0000000091a00000|  0%| F|  |TAMS 0x0000000091900000, 0x0000000091900000| Untracked 
| 282|0x0000000091a00000, 0x0000000091a00000, 0x0000000091b00000|  0%| F|  |TAMS 0x0000000091a00000, 0x0000000091a00000| Untracked 
| 283|0x0000000091b00000, 0x0000000091b00000, 0x0000000091c00000|  0%| F|  |TAMS 0x0000000091b00000, 0x0000000091b00000| Untracked 
| 284|0x0000000091c00000, 0x0000000091c00000, 0x0000000091d00000|  0%| F|  |TAMS 0x0000000091c00000, 0x0000000091c00000| Untracked 
| 285|0x0000000091d00000, 0x0000000091d00000, 0x0000000091e00000|  0%| F|  |TAMS 0x0000000091d00000, 0x0000000091d00000| Untracked 
| 286|0x0000000091e00000, 0x0000000091e00000, 0x0000000091f00000|  0%| F|  |TAMS 0x0000000091e00000, 0x0000000091e00000| Untracked 
| 287|0x0000000091f00000, 0x0000000091f00000, 0x0000000092000000|  0%| F|  |TAMS 0x0000000091f00000, 0x0000000091f00000| Untracked 
| 288|0x0000000092000000, 0x0000000092000000, 0x0000000092100000|  0%| F|  |TAMS 0x0000000092000000, 0x0000000092000000| Untracked 
| 289|0x0000000092100000, 0x0000000092100000, 0x0000000092200000|  0%| F|  |TAMS 0x0000000092100000, 0x0000000092100000| Untracked 
| 290|0x0000000092200000, 0x0000000092200000, 0x0000000092300000|  0%| F|  |TAMS 0x0000000092200000, 0x0000000092200000| Untracked 
| 291|0x0000000092300000, 0x0000000092300000, 0x0000000092400000|  0%| F|  |TAMS 0x0000000092300000, 0x0000000092300000| Untracked 
| 292|0x0000000092400000, 0x0000000092400000, 0x0000000092500000|  0%| F|  |TAMS 0x0000000092400000, 0x0000000092400000| Untracked 
| 293|0x0000000092500000, 0x0000000092500000, 0x0000000092600000|  0%| F|  |TAMS 0x0000000092500000, 0x0000000092500000| Untracked 
| 294|0x0000000092600000, 0x0000000092600000, 0x0000000092700000|  0%| F|  |TAMS 0x0000000092600000, 0x0000000092600000| Untracked 
| 295|0x0000000092700000, 0x0000000092700000, 0x0000000092800000|  0%| F|  |TAMS 0x0000000092700000, 0x0000000092700000| Untracked 
| 296|0x0000000092800000, 0x0000000092800000, 0x0000000092900000|  0%| F|  |TAMS 0x0000000092800000, 0x0000000092800000| Untracked 
| 297|0x0000000092900000, 0x0000000092900000, 0x0000000092a00000|  0%| F|  |TAMS 0x0000000092900000, 0x0000000092900000| Untracked 
| 298|0x0000000092a00000, 0x0000000092a00000, 0x0000000092b00000|  0%| F|  |TAMS 0x0000000092a00000, 0x0000000092a00000| Untracked 
| 299|0x0000000092b00000, 0x0000000092b00000, 0x0000000092c00000|  0%| F|  |TAMS 0x0000000092b00000, 0x0000000092b00000| Untracked 
| 300|0x0000000092c00000, 0x0000000092c00000, 0x0000000092d00000|  0%| F|  |TAMS 0x0000000092c00000, 0x0000000092c00000| Untracked 
| 301|0x0000000092d00000, 0x0000000092d00000, 0x0000000092e00000|  0%| F|  |TAMS 0x0000000092d00000, 0x0000000092d00000| Untracked 
| 302|0x0000000092e00000, 0x0000000092e5f238, 0x0000000092f00000| 37%| E|  |TAMS 0x0000000092e00000, 0x0000000092e00000| Complete 
| 303|0x0000000092f00000, 0x0000000093000000, 0x0000000093000000|100%| E|CS|TAMS 0x0000000092f00000, 0x0000000092f00000| Complete 
| 304|0x0000000093000000, 0x0000000093100000, 0x0000000093100000|100%| E|CS|TAMS 0x0000000093000000, 0x0000000093000000| Complete 
| 305|0x0000000093100000, 0x0000000093200000, 0x0000000093200000|100%| S|CS|TAMS 0x0000000093100000, 0x0000000093100000| Complete 
| 306|0x0000000093200000, 0x0000000093300000, 0x0000000093300000|100%| S|CS|TAMS 0x0000000093200000, 0x0000000093200000| Complete 
| 307|0x0000000093300000, 0x0000000093400000, 0x0000000093400000|100%| E|CS|TAMS 0x0000000093300000, 0x0000000093300000| Complete 
| 308|0x0000000093400000, 0x0000000093500000, 0x0000000093500000|100%| E|  |TAMS 0x0000000093400000, 0x0000000093400000| Complete 
| 309|0x0000000093500000, 0x0000000093600000, 0x0000000093600000|100%| E|CS|TAMS 0x0000000093500000, 0x0000000093500000| Complete 
| 310|0x0000000093600000, 0x0000000093700000, 0x0000000093700000|100%| E|CS|TAMS 0x0000000093600000, 0x0000000093600000| Complete 
| 311|0x0000000093700000, 0x0000000093800000, 0x0000000093800000|100%| E|CS|TAMS 0x0000000093700000, 0x0000000093700000| Complete 
| 312|0x0000000093800000, 0x0000000093900000, 0x0000000093900000|100%| E|CS|TAMS 0x0000000093800000, 0x0000000093800000| Complete 
| 313|0x0000000093900000, 0x0000000093a00000, 0x0000000093a00000|100%| E|CS|TAMS 0x0000000093900000, 0x0000000093900000| Complete 
| 314|0x0000000093a00000, 0x0000000093b00000, 0x0000000093b00000|100%| E|CS|TAMS 0x0000000093a00000, 0x0000000093a00000| Complete 
| 315|0x0000000093b00000, 0x0000000093c00000, 0x0000000093c00000|100%| E|CS|TAMS 0x0000000093b00000, 0x0000000093b00000| Complete 
| 316|0x0000000093c00000, 0x0000000093d00000, 0x0000000093d00000|100%| E|CS|TAMS 0x0000000093c00000, 0x0000000093c00000| Complete 
| 317|0x0000000093d00000, 0x0000000093e00000, 0x0000000093e00000|100%| E|CS|TAMS 0x0000000093d00000, 0x0000000093d00000| Complete 
| 318|0x0000000093e00000, 0x0000000093f00000, 0x0000000093f00000|100%| E|CS|TAMS 0x0000000093e00000, 0x0000000093e00000| Complete 
| 319|0x0000000093f00000, 0x0000000094000000, 0x0000000094000000|100%| E|CS|TAMS 0x0000000093f00000, 0x0000000093f00000| Complete 
| 320|0x0000000094000000, 0x0000000094100000, 0x0000000094100000|100%| E|CS|TAMS 0x0000000094000000, 0x0000000094000000| Complete 

Card table byte_map: [0x000000ead7190000,0x000000ead7590000] _byte_map_base: 0x000000ead6d90000

Marking Bits (Prev, Next): (CMBitMap*) 0x000000eac42e6e08, (CMBitMap*) 0x000000eac42e6e40
 Prev Bits: [0x000000ead7990000, 0x000000ead9990000)
 Next Bits: [0x000000ead9990000, 0x000000eadb990000)

Polling page: 0x000000eac22e0000

Metaspace:

Usage:
  Non-class:     98.45 MB capacity,    96.99 MB ( 99%) used,     1.17 MB (  1%) free+waste,   299.06 KB ( <1%) overhead. 
      Class:     14.88 MB capacity,    13.96 MB ( 94%) used,   805.58 KB (  5%) free+waste,   130.50 KB ( <1%) overhead. 
       Both:    113.33 MB capacity,   110.96 MB ( 98%) used,     1.95 MB (  2%) free+waste,   429.56 KB ( <1%) overhead. 

Virtual space:
  Non-class space:      100.00 MB reserved,      98.55 MB ( 99%) committed 
      Class space:        1.00 GB reserved,      14.91 MB (  1%) committed 
             Both:        1.10 GB reserved,     113.46 MB ( 10%) committed 

Chunk freelists:
   Non-Class:  0 bytes
       Class:  0 bytes
        Both:  0 bytes

MaxMetaspaceSize: 17179869184.00 GB
CompressedClassSpaceSize: 1.00 GB
Initial GC threshold: 20.80 MB
Current GC threshold: 187.23 MB
CDS: off

CodeHeap 'non-profiled nmethods': size=120064Kb used=8890Kb max_used=8890Kb free=111173Kb
 bounds [0x000000eacf850000, 0x000000ead0100000, 0x000000ead6d90000]
CodeHeap 'profiled nmethods': size=120000Kb used=30765Kb max_used=30765Kb free=89234Kb
 bounds [0x000000eac8320000, 0x000000eaca130000, 0x000000eacf850000]
CodeHeap 'non-nmethods': size=5696Kb used=2448Kb max_used=2462Kb free=3248Kb
 bounds [0x000000eac7d90000, 0x000000eac8010000, 0x000000eac8320000]
 total_blobs=14547 nmethods=13610 adapters=845
 compilation: enabled
              stopped_count=0, restarted_count=0
 full_count=0

Compilation events (20 events):
Event: 38.145 Thread 0x000000eadec35800 13712   !   2       sun.nio.ch.SocketChannelImpl::write (177 bytes)
Event: 38.147 Thread 0x000000eadec35800 nmethod 13712 0x000000eaca126210 code [0x000000eaca1264e0, 0x000000eaca126d98]
Event: 38.148 Thread 0x000000eadec35800 13713       2       sun.nio.ch.SocketDispatcher::write (8 bytes)
Event: 38.148 Thread 0x000000eadec35800 nmethod 13713 0x000000eaca127590 code [0x000000eaca127740, 0x000000eaca127848]
Event: 38.149 Thread 0x000000eadec35800 13715   !   2       org.gradle.launcher.daemon.server.SynchronizedDispatchConnection::dispatchAndFlush (118 bytes)
Event: 38.150 Thread 0x000000eadec35800 nmethod 13715 0x000000eaca127910 code [0x000000eaca127b80, 0x000000eaca1282a8]
Event: 38.153 Thread 0x000000eadec35800 13716       2       org.gradle.internal.serialize.Serializers$StatefulSerializerAdapter$2::write (18 bytes)
Event: 38.154 Thread 0x000000eadec35800 nmethod 13716 0x000000eaca128890 code [0x000000eaca128a40, 0x000000eaca128b68]
Event: 38.154 Thread 0x000000eadec35800 13717       2       org.gradle.internal.remote.internal.inet.SocketConnection$SocketOutputStream::flush (18 bytes)
Event: 38.154 Thread 0x000000eadec35800 nmethod 13717 0x000000eaca128c90 code [0x000000eaca128e80, 0x000000eaca129078]
Event: 38.155 Thread 0x000000eadec35800 13718   !   2       java.nio.DirectByteBuffer::compact (99 bytes)
Event: 38.156 Thread 0x000000eadec35800 nmethod 13718 0x000000eaca129210 code [0x000000eaca1293e0, 0x000000eaca1295e8]
Event: 38.172 Thread 0x000000eadec35800 13719       2       org.gradle.api.DefaultTask::getState (5 bytes)
Event: 38.172 Thread 0x000000eadec35800 nmethod 13719 0x000000eaca129790 code [0x000000eaca129940, 0x000000eaca129a38]
Event: 38.189 Thread 0x000000eadec35800 13720   !   2       jdk.internal.reflect.GeneratedMethodAccessor27::invoke (66 bytes)
Event: 38.190 Thread 0x000000eadec35800 nmethod 13720 0x000000eaca129b10 code [0x000000eaca129d40, 0x000000eaca12a218]
Event: 38.191 Thread 0x000000eadec35800 13721       2       java.io.ObjectOutputStream$BlockDataOutputStream::writeFloat (46 bytes)
Event: 38.192 Thread 0x000000eadec35800 nmethod 13721 0x000000eaca12a590 code [0x000000eaca12a760, 0x000000eaca12a9b8]
Event: 38.210 Thread 0x000000eadec35800 13722       2       com.google.common.collect.RegularImmutableMap::checkNoConflictInKeyBucket (42 bytes)
Event: 38.210 Thread 0x000000eadec35800 nmethod 13722 0x000000eaca12ab10 code [0x000000eaca12ace0, 0x000000eaca12af28]

GC Heap History (20 events):
Event: 34.763 GC heap before
{Heap before GC invocations=28 (full 0):
 garbage-first heap   total 227328K, used 178924K [0x0000000080000000, 0x0000000100000000)
  region size 1024K, 31 young (31744K), 4 survivors (4096K)
 Metaspace       used 111619K, capacity 113960K, committed 114136K, reserved 1148928K
  class space    used 14070K, capacity 14952K, committed 15012K, reserved 1048576K
}
Event: 34.794 GC heap after
{Heap after GC invocations=29 (full 0):
 garbage-first heap   total 227328K, used 168960K [0x0000000080000000, 0x0000000100000000)
  region size 1024K, 4 young (4096K), 4 survivors (4096K)
 Metaspace       used 111619K, capacity 113960K, committed 114136K, reserved 1148928K
  class space    used 14070K, capacity 14952K, committed 15012K, reserved 1048576K
}
Event: 34.957 GC heap before
{Heap before GC invocations=29 (full 0):
 garbage-first heap   total 227328K, used 183296K [0x0000000080000000, 0x0000000100000000)
  region size 1024K, 18 young (18432K), 4 survivors (4096K)
 Metaspace       used 111620K, capacity 113960K, committed 114136K, reserved 1148928K
  class space    used 14070K, capacity 14952K, committed 15012K, reserved 1048576K
}
Event: 34.981 GC heap after
{Heap after GC invocations=30 (full 0):
 garbage-first heap   total 273408K, used 181248K [0x0000000080000000, 0x0000000100000000)
  region size 1024K, 3 young (3072K), 3 survivors (3072K)
 Metaspace       used 111620K, capacity 113960K, committed 114136K, reserved 1148928K
  class space    used 14070K, capacity 14952K, committed 15012K, reserved 1048576K
}
Event: 35.735 GC heap before
{Heap before GC invocations=30 (full 0):
 garbage-first heap   total 273408K, used 205824K [0x0000000080000000, 0x0000000100000000)
  region size 1024K, 27 young (27648K), 3 survivors (3072K)
 Metaspace       used 111620K, capacity 113960K, committed 114136K, reserved 1148928K
  class space    used 14070K, capacity 14952K, committed 15012K, reserved 1048576K
}
Event: 35.792 GC heap after
{Heap after GC invocations=31 (full 0):
 garbage-first heap   total 273408K, used 199680K [0x0000000080000000, 0x0000000100000000)
  region size 1024K, 4 young (4096K), 4 survivors (4096K)
 Metaspace       used 111620K, capacity 113960K, committed 114136K, reserved 1148928K
  class space    used 14070K, capacity 14952K, committed 15012K, reserved 1048576K
}
Event: 36.323 GC heap before
{Heap before GC invocations=32 (full 0):
 garbage-first heap   total 273408K, used 217088K [0x0000000080000000, 0x0000000100000000)
  region size 1024K, 21 young (21504K), 4 survivors (4096K)
 Metaspace       used 111740K, capacity 114093K, committed 114392K, reserved 1148928K
  class space    used 14070K, capacity 14952K, committed 15012K, reserved 1048576K
}
Event: 36.345 GC heap after
{Heap after GC invocations=33 (full 0):
 garbage-first heap   total 273408K, used 210944K [0x0000000080000000, 0x0000000100000000)
  region size 1024K, 3 young (3072K), 3 survivors (3072K)
 Metaspace       used 111740K, capacity 114093K, committed 114392K, reserved 1148928K
  class space    used 14070K, capacity 14952K, committed 15012K, reserved 1048576K
}
Event: 36.422 GC heap before
{Heap before GC invocations=33 (full 0):
 garbage-first heap   total 273408K, used 222208K [0x0000000080000000, 0x0000000100000000)
  region size 1024K, 15 young (15360K), 3 survivors (3072K)
 Metaspace       used 111740K, capacity 114093K, committed 114392K, reserved 1148928K
  class space    used 14070K, capacity 14952K, committed 15012K, reserved 1048576K
}
Event: 36.442 GC heap after
{Heap after GC invocations=34 (full 0):
 garbage-first heap   total 273408K, used 224256K [0x0000000080000000, 0x0000000100000000)
  region size 1024K, 2 young (2048K), 2 survivors (2048K)
 Metaspace       used 111740K, capacity 114093K, committed 114392K, reserved 1148928K
  class space    used 14070K, capacity 14952K, committed 15012K, reserved 1048576K
}
Event: 36.540 GC heap before
{Heap before GC invocations=34 (full 0):
 garbage-first heap   total 273408K, used 235520K [0x0000000080000000, 0x0000000100000000)
  region size 1024K, 13 young (13312K), 2 survivors (2048K)
 Metaspace       used 111740K, capacity 114093K, committed 114392K, reserved 1148928K
  class space    used 14070K, capacity 14952K, committed 15012K, reserved 1048576K
}
Event: 36.569 GC heap after
{Heap after GC invocations=35 (full 0):
 garbage-first heap   total 273408K, used 236544K [0x0000000080000000, 0x0000000100000000)
  region size 1024K, 2 young (2048K), 2 survivors (2048K)
 Metaspace       used 111740K, capacity 114093K, committed 114392K, reserved 1148928K
  class space    used 14070K, capacity 14952K, committed 15012K, reserved 1048576K
}
Event: 36.638 GC heap before
{Heap before GC invocations=35 (full 0):
 garbage-first heap   total 273408K, used 247808K [0x0000000080000000, 0x0000000100000000)
  region size 1024K, 13 young (13312K), 2 survivors (2048K)
 Metaspace       used 111740K, capacity 114093K, committed 114392K, reserved 1148928K
  class space    used 14070K, capacity 14952K, committed 15012K, reserved 1048576K
}
Event: 36.670 GC heap after
{Heap after GC invocations=36 (full 0):
 garbage-first heap   total 273408K, used 248832K [0x0000000080000000, 0x0000000100000000)
  region size 1024K, 2 young (2048K), 2 survivors (2048K)
 Metaspace       used 111740K, capacity 114093K, committed 114392K, reserved 1148928K
  class space    used 14070K, capacity 14952K, committed 15012K, reserved 1048576K
}
Event: 36.917 GC heap before
{Heap before GC invocations=36 (full 0):
 garbage-first heap   total 273408K, used 260096K [0x0000000080000000, 0x0000000100000000)
  region size 1024K, 13 young (13312K), 2 survivors (2048K)
 Metaspace       used 111777K, capacity 114157K, committed 114392K, reserved 1148928K
  class space    used 14071K, capacity 14952K, committed 15012K, reserved 1048576K
}
Event: 36.934 GC heap after
{Heap after GC invocations=37 (full 0):
 garbage-first heap   total 273408K, used 254464K [0x0000000080000000, 0x0000000100000000)
  region size 1024K, 2 young (2048K), 2 survivors (2048K)
 Metaspace       used 111777K, capacity 114157K, committed 114392K, reserved 1148928K
  class space    used 14071K, capacity 14952K, committed 15012K, reserved 1048576K
}
Event: 37.635 GC heap before
{Heap before GC invocations=38 (full 0):
 garbage-first heap   total 273408K, used 227840K [0x0000000080000000, 0x0000000100000000)
  region size 1024K, 13 young (13312K), 2 survivors (2048K)
 Metaspace       used 113291K, capacity 115752K, committed 115928K, reserved 1150976K
  class space    used 14245K, capacity 15143K, committed 15268K, reserved 1048576K
}
Event: 37.645 GC heap after
{Heap after GC invocations=39 (full 0):
 garbage-first heap   total 328704K, used 219660K [0x0000000080000000, 0x0000000100000000)
  region size 1024K, 2 young (2048K), 2 survivors (2048K)
 Metaspace       used 113291K, capacity 115752K, committed 115928K, reserved 1150976K
  class space    used 14245K, capacity 15143K, committed 15268K, reserved 1048576K
}
Event: 37.773 GC heap before
{Heap before GC invocations=39 (full 0):
 garbage-first heap   total 328704K, used 232972K [0x0000000080000000, 0x0000000100000000)
  region size 1024K, 16 young (16384K), 2 survivors (2048K)
 Metaspace       used 113306K, capacity 115752K, committed 115928K, reserved 1150976K
  class space    used 14245K, capacity 15143K, committed 15268K, reserved 1048576K
}
Event: 37.784 GC heap after
{Heap after GC invocations=40 (full 0):
 garbage-first heap   total 328704K, used 215040K [0x0000000080000000, 0x0000000100000000)
  region size 1024K, 2 young (2048K), 2 survivors (2048K)
 Metaspace       used 113306K, capacity 115752K, committed 115928K, reserved 1150976K
  class space    used 14245K, capacity 15143K, committed 15268K, reserved 1048576K
}

Deoptimization events (20 events):
Event: 37.962 Thread 0x000000eae61a8000 Uncommon trap: trap_request=0xffffff4d fr.pc=0x000000eacff1fd78 relative=0x0000000000002558
Event: 37.962 Thread 0x000000eae61a8000 Uncommon trap: reason=unstable_if action=reinterpret pc=0x000000eacff1fd78 method=org.gradle.internal.snapshot.ChildMap$Entry.handlePath(Lorg/gradle/internal/snapshot/VfsRelativePath;Lorg/gradle/internal/snapshot/CaseSensitivity;Lorg/gradle/internal/snaps
Event: 37.962 Thread 0x000000eae61a8000 DEOPT PACKING pc=0x000000eacff1fd78 sp=0x000000eaf093ac10
Event: 37.962 Thread 0x000000eae61a8000 DEOPT UNPACKING pc=0x000000eac7dda1af sp=0x000000eaf093abf0 mode 2
Event: 37.981 Thread 0x000000eae0838000 DEOPT PACKING pc=0x000000eaca1166e9 sp=0x000000eaf0b3ddd0
Event: 37.982 Thread 0x000000eae0838000 DEOPT UNPACKING pc=0x000000eac7dda95e sp=0x000000eaf0b3d270 mode 0
Event: 37.999 Thread 0x000000eae23b9800 DEOPT PACKING pc=0x000000eac8d804f6 sp=0x000000eae41ac370
Event: 37.999 Thread 0x000000eae23b9800 DEOPT UNPACKING pc=0x000000eac7dda95e sp=0x000000eae41ab840 mode 0
Event: 38.006 Thread 0x000000eae61a8000 Uncommon trap: trap_request=0xffffffc6 fr.pc=0x000000eacfd01588 relative=0x00000000000000c8
Event: 38.007 Thread 0x000000eae61a8000 Uncommon trap: reason=bimorphic_or_optimized_type_check action=maybe_recompile pc=0x000000eacfd01588 method=com.google.common.collect.RegularImmutableMap.checkNoConflictInKeyBucket(Ljava/lang/Object;Ljava/util/Map$Entry;Lcom/google/common/collect/Immutabl
Event: 38.007 Thread 0x000000eae61a8000 DEOPT PACKING pc=0x000000eacfd01588 sp=0x000000eaf093d190
Event: 38.007 Thread 0x000000eae61a8000 DEOPT UNPACKING pc=0x000000eac7dda1af sp=0x000000eaf093d138 mode 2
Event: 38.059 Thread 0x000000eae619c800 DEOPT PACKING pc=0x000000eac9d1aa44 sp=0x000000eaeb86d980
Event: 38.059 Thread 0x000000eae619c800 DEOPT UNPACKING pc=0x000000eac7dda95e sp=0x000000eaeb86cf20 mode 0
Event: 38.118 Thread 0x000000eae5030000 DEOPT PACKING pc=0x000000eac9d1aa44 sp=0x000000eaea36d690
Event: 38.118 Thread 0x000000eae5030000 DEOPT UNPACKING pc=0x000000eac7dda95e sp=0x000000eaea36cc30 mode 0
Event: 38.134 Thread 0x000000eae61a8000 Uncommon trap: trap_request=0xffffffc6 fr.pc=0x000000eacfd01588 relative=0x00000000000000c8
Event: 38.134 Thread 0x000000eae61a8000 Uncommon trap: reason=bimorphic_or_optimized_type_check action=maybe_recompile pc=0x000000eacfd01588 method=com.google.common.collect.RegularImmutableMap.checkNoConflictInKeyBucket(Ljava/lang/Object;Ljava/util/Map$Entry;Lcom/google/common/collect/Immutabl
Event: 38.134 Thread 0x000000eae61a8000 DEOPT PACKING pc=0x000000eacfd01588 sp=0x000000eaf093d190
Event: 38.134 Thread 0x000000eae61a8000 DEOPT UNPACKING pc=0x000000eac7dda1af sp=0x000000eaf093d138 mode 2

Classes redefined (0 events):
No events

Internal exceptions (20 events):
Event: 37.282 Thread 0x000000eae61a8000 Exception <a 'sun/nio/fs/WindowsException'{0x00000000906e6470}> (0x00000000906e6470) thrown at [./src/hotspot/share/prims/jni.cpp, line 616]
Event: 37.283 Thread 0x000000eae61a8000 Exception <a 'sun/nio/fs/WindowsException'{0x00000000906e7698}> (0x00000000906e7698) thrown at [./src/hotspot/share/prims/jni.cpp, line 616]
Event: 37.283 Thread 0x000000eae61a8000 Exception <a 'sun/nio/fs/WindowsException'{0x00000000906e7800}> (0x00000000906e7800) thrown at [./src/hotspot/share/prims/jni.cpp, line 616]
Event: 37.283 Thread 0x000000eae61a8000 Exception <a 'sun/nio/fs/WindowsException'{0x00000000906e9a30}> (0x00000000906e9a30) thrown at [./src/hotspot/share/prims/jni.cpp, line 616]
Event: 37.348 Thread 0x000000eae61a8000 Exception <a 'sun/nio/fs/WindowsException'{0x000000009059f938}> (0x000000009059f938) thrown at [./src/hotspot/share/prims/jni.cpp, line 616]
Event: 37.357 Thread 0x000000eae61a8000 Exception <a 'sun/nio/fs/WindowsException'{0x00000000905b07a0}> (0x00000000905b07a0) thrown at [./src/hotspot/share/prims/jni.cpp, line 616]
Event: 37.357 Thread 0x000000eae61a8000 Exception <a 'sun/nio/fs/WindowsException'{0x00000000905b1a30}> (0x00000000905b1a30) thrown at [./src/hotspot/share/prims/jni.cpp, line 616]
Event: 37.357 Thread 0x000000eae61a8000 Exception <a 'sun/nio/fs/WindowsException'{0x00000000905b2a90}> (0x00000000905b2a90) thrown at [./src/hotspot/share/prims/jni.cpp, line 616]
Event: 37.358 Thread 0x000000eae61a8000 Exception <a 'sun/nio/fs/WindowsException'{0x00000000905b3cf0}> (0x00000000905b3cf0) thrown at [./src/hotspot/share/prims/jni.cpp, line 616]
Event: 37.358 Thread 0x000000eae61a8000 Exception <a 'sun/nio/fs/WindowsException'{0x00000000905b3e80}> (0x00000000905b3e80) thrown at [./src/hotspot/share/prims/jni.cpp, line 616]
Event: 37.358 Thread 0x000000eae61a8000 Exception <a 'sun/nio/fs/WindowsException'{0x00000000905b60e8}> (0x00000000905b60e8) thrown at [./src/hotspot/share/prims/jni.cpp, line 616]
Event: 37.362 Thread 0x000000eae61a8000 Exception <a 'sun/nio/fs/WindowsException'{0x00000000905c0e78}> (0x00000000905c0e78) thrown at [./src/hotspot/share/prims/jni.cpp, line 616]
Event: 37.451 Thread 0x000000eae61a8000 Exception <a 'sun/nio/fs/WindowsException'{0x0000000090439a90}> (0x0000000090439a90) thrown at [./src/hotspot/share/prims/jni.cpp, line 616]
Event: 37.457 Thread 0x000000eae61a8000 Exception <a 'sun/nio/fs/WindowsException'{0x00000000904410e8}> (0x00000000904410e8) thrown at [./src/hotspot/share/prims/jni.cpp, line 616]
Event: 37.508 Thread 0x000000eae61a8000 Exception <a 'sun/nio/fs/WindowsException'{0x0000000090497a08}> (0x0000000090497a08) thrown at [./src/hotspot/share/prims/jni.cpp, line 616]
Event: 37.529 Thread 0x000000eae61a8000 Exception <a 'sun/nio/fs/WindowsException'{0x00000000904b2340}> (0x00000000904b2340) thrown at [./src/hotspot/share/prims/jni.cpp, line 616]
Event: 37.975 Thread 0x000000eae61a8000 Exception <a 'java/lang/NoSuchMethodError'{0x0000000093bec320}: 'java.lang.Object java.lang.invoke.DirectMethodHandle$Holder.newInvokeSpecial(java.lang.Object, java.lang.Object, java.lang.Object, java.lang.Object)'> (0x0000000093bec320) thrown at [./src/hotspot/share/interpreter/linkResolver.cpp, line 773]
Event: 37.995 Thread 0x000000eae23b9800 Exception <a 'java/lang/NoSuchMethodError'{0x0000000093aeaa48}: <clinit>> (0x0000000093aeaa48) thrown at [./src/hotspot/share/prims/jni.cpp, line 1366]
Event: 38.001 Thread 0x000000eae23b9800 Exception <a 'java/lang/NoSuchMethodError'{0x0000000093915e48}: <clinit>> (0x0000000093915e48) thrown at [./src/hotspot/share/prims/jni.cpp, line 1366]
Event: 38.003 Thread 0x000000eae23b9800 Exception <a 'java/lang/NoSuchMethodError'{0x0000000093926e18}: <clinit>> (0x0000000093926e18) thrown at [./src/hotspot/share/prims/jni.cpp, line 1366]

Events (20 events):
Event: 37.987 loading class org/gradle/caching/internal/origin/OriginMetadata
Event: 37.987 loading class org/gradle/caching/internal/origin/OriginMetadata done
Event: 37.987 loading class org/gradle/internal/execution/history/AfterExecutionState
Event: 37.987 loading class org/gradle/internal/execution/history/AfterExecutionState done
Event: 37.988 loading class org/gradle/internal/build/event/types/DefaultAnnotationProcessorResult
Event: 37.988 loading class org/gradle/internal/build/event/types/DefaultAnnotationProcessorResult done
Event: 37.989 loading class org/gradle/api/internal/tasks/compile/tooling/JavaCompileTaskSuccessResultPostProcessor$1
Event: 37.989 loading class org/gradle/api/internal/tasks/compile/tooling/JavaCompileTaskSuccessResultPostProcessor$1 done
Event: 37.990 loading class org/gradle/tooling/events/task/internal/java/DefaultAnnotationProcessorResult
Event: 37.990 loading class org/gradle/tooling/events/task/internal/java/DefaultAnnotationProcessorResult done
Event: 37.991 loading class org/gradle/tooling/events/task/java/JavaCompileTaskOperationResult$AnnotationProcessorResult$Type
Event: 37.991 loading class org/gradle/tooling/events/task/java/JavaCompileTaskOperationResult$AnnotationProcessorResult$Type done
Event: 37.993 loading class org/gradle/tooling/events/task/internal/java/DefaultJavaCompileTaskSuccessResult
Event: 37.993 loading class org/gradle/tooling/events/task/internal/java/DefaultJavaCompileTaskSuccessResult done
Event: 37.996 loading class org/gradle/tooling/events/task/java/JavaCompileTaskOperationResult
Event: 37.996 loading class org/gradle/tooling/events/task/java/JavaCompileTaskOperationResult done
Event: 37.999 loading class com/google/common/collect/ImmutableList$SerializedForm
Event: 37.999 loading class com/google/common/collect/ImmutableList$SerializedForm done
Event: 38.062 Executing VM operation: RevokeBias
Event: 38.063 Executing VM operation: RevokeBias done


Dynamic libraries:
0x00007ff714a20000 - 0x00007ff714a2a000 	C:\Program Files\Android\Android Studio\jre\bin\java.exe
0x00007ffb21010000 - 0x00007ffb211bd000 	C:\Windows\SYSTEM32\ntdll.dll
0x00007ffb204e0000 - 0x00007ffb2061f000 	C:\Windows\system32\KERNEL32.DLL
0x00007ffb1e440000 - 0x00007ffb1e555000 	C:\Windows\system32\KERNELBASE.dll
0x00007ffb1aef0000 - 0x00007ffb1af09000 	C:\Program Files\Android\Android Studio\jre\bin\jli.dll
0x00007ffb16c60000 - 0x00007ffb16c77000 	C:\Program Files\Android\Android Studio\jre\bin\VCRUNTIME140.dll
0x00007ffb16c50000 - 0x00007ffb16c54000 	C:\Windows\SYSTEM32\api-ms-win-crt-stdio-l1-1-0.dll
0x00007ffb169c0000 - 0x00007ffb169c4000 	C:\Windows\SYSTEM32\api-ms-win-crt-runtime-l1-1-0.dll
0x00007ffb10390000 - 0x00007ffb10393000 	C:\Windows\SYSTEM32\api-ms-win-crt-environment-l1-1-0.dll
0x00007ffb10370000 - 0x00007ffb10375000 	C:\Windows\SYSTEM32\api-ms-win-crt-math-l1-1-0.dll
0x00007ffafeb30000 - 0x00007ffafeb33000 	C:\Windows\SYSTEM32\api-ms-win-crt-locale-l1-1-0.dll
0x00007ffb10340000 - 0x00007ffb10343000 	C:\Windows\SYSTEM32\api-ms-win-crt-heap-l1-1-0.dll
0x00007ffb1b990000 - 0x00007ffb1bc0b000 	C:\Windows\WinSxS\amd64_microsoft.windows.common-controls_6595b64144ccf1df_6.0.9600.19394_none_62486577ecb635cf\COMCTL32.dll
0x00007ffb1e740000 - 0x00007ffb1e8b7000 	C:\Windows\system32\USER32.dll
0x00007ffb10360000 - 0x00007ffb10363000 	C:\Windows\SYSTEM32\api-ms-win-crt-filesystem-l1-1-0.dll
0x00007ffb16c40000 - 0x00007ffb16c44000 	C:\Windows\SYSTEM32\api-ms-win-crt-string-l1-1-0.dll
0x00007ffb103a0000 - 0x00007ffb103a4000 	C:\Windows\SYSTEM32\api-ms-win-crt-convert-l1-1-0.dll
0x00007ffb20f00000 - 0x00007ffb20faa000 	C:\Windows\system32\msvcrt.dll
0x00007ffb20210000 - 0x00007ffb2035e000 	C:\Windows\system32\GDI32.dll
0x00007ffb0fe50000 - 0x00007ffb0ff44000 	C:\Windows\SYSTEM32\ucrtbase.DLL
0x00007ffb1e6f0000 - 0x00007ffb1e726000 	C:\Windows\system32\IMM32.DLL
0x00007ffb20360000 - 0x00007ffb204b1000 	C:\Windows\system32\MSCTF.dll
0x00007ffafeb40000 - 0x00007ffafebdd000 	C:\Program Files\Android\Android Studio\jre\bin\msvcp140.dll
0x00007ffafeb20000 - 0x00007ffafeb25000 	C:\Windows\SYSTEM32\api-ms-win-crt-multibyte-l1-1-0.dll
0x00007ffb10350000 - 0x00007ffb10353000 	C:\Windows\SYSTEM32\api-ms-win-crt-time-l1-1-0.dll
0x00007ffb10380000 - 0x00007ffb10383000 	C:\Windows\SYSTEM32\api-ms-win-crt-utility-l1-1-0.dll
0x00007ffafbd30000 - 0x00007ffafc832000 	C:\Program Files\Android\Android Studio\jre\bin\server\jvm.dll
0x00007ffb20d90000 - 0x00007ffb20e3d000 	C:\Windows\system32\ADVAPI32.dll
0x00007ffb1ac10000 - 0x00007ffb1ac19000 	C:\Windows\SYSTEM32\WSOCK32.dll
0x00007ffb14a70000 - 0x00007ffb14a92000 	C:\Windows\SYSTEM32\WINMM.dll
0x00007ffb169d0000 - 0x00007ffb169da000 	C:\Windows\SYSTEM32\VERSION.dll
0x00007ffb20190000 - 0x00007ffb20197000 	C:\Windows\system32\PSAPI.DLL
0x00007ffb1e690000 - 0x00007ffb1e6eb000 	C:\Windows\SYSTEM32\sechost.dll
0x00007ffb20ab0000 - 0x00007ffb20be5000 	C:\Windows\system32\RPCRT4.dll
0x00007ffb20fb0000 - 0x00007ffb2100a000 	C:\Windows\system32\WS2_32.dll
0x00007ffb14a40000 - 0x00007ffb14a6a000 	C:\Windows\SYSTEM32\WINMMBASE.dll
0x00007ffb1e560000 - 0x00007ffb1e58e000 	C:\Windows\system32\SspiCli.dll
0x00007ffb204c0000 - 0x00007ffb204c9000 	C:\Windows\system32\NSI.dll
0x00007ffb1e640000 - 0x00007ffb1e68f000 	C:\Windows\SYSTEM32\cfgmgr32.dll
0x00007ffb1cee0000 - 0x00007ffb1cf08000 	C:\Windows\SYSTEM32\DEVOBJ.dll
0x00007ffb0fe30000 - 0x00007ffb0fe41000 	C:\Program Files\Android\Android Studio\jre\bin\verify.dll
0x00007ffb101a0000 - 0x00007ffb1032a000 	C:\Windows\SYSTEM32\DBGHELP.DLL
0x00007ffafece0000 - 0x00007ffafed09000 	C:\Program Files\Android\Android Studio\jre\bin\java.dll
0x00007ffb10330000 - 0x00007ffb1033b000 	C:\Program Files\Android\Android Studio\jre\bin\jimage.dll
0x00007ffafecc0000 - 0x00007ffafecd8000 	C:\Program Files\Android\Android Studio\jre\bin\zip.dll
0x00007ffb1e8c0000 - 0x00007ffb1fdec000 	C:\Windows\system32\SHELL32.dll
0x00007ffb20680000 - 0x00007ffb20892000 	C:\Windows\SYSTEM32\combase.dll
0x00007ffb20620000 - 0x00007ffb20674000 	C:\Windows\system32\SHLWAPI.dll
0x00007ffb1c180000 - 0x00007ffb1c232000 	C:\Windows\SYSTEM32\SHCORE.dll
0x00007ffb1e0b0000 - 0x00007ffb1e0c5000 	C:\Windows\SYSTEM32\profapi.dll
0x00007ffafeca0000 - 0x00007ffafecba000 	C:\Program Files\Android\Android Studio\jre\bin\net.dll
0x00007ffb16fa0000 - 0x00007ffb17069000 	C:\Windows\SYSTEM32\WINHTTP.dll
0x00007ffb1d8f0000 - 0x00007ffb1d949000 	C:\Windows\system32\mswsock.dll
0x00007ffafec80000 - 0x00007ffafec94000 	C:\Program Files\Android\Android Studio\jre\bin\nio.dll
0x00007ffafa640000 - 0x00007ffafa667000 	C:\Users\Nadezhda S\.gradle\native\e1d6ef7f7dcc3fd88c89a11ec53ec762bb8ba0a96d01ffa2cd45eb1d1d8dd5c5\windows-amd64\native-platform.dll
0x00007ffafec70000 - 0x00007ffafec7a000 	C:\Program Files\Android\Android Studio\jre\bin\management.dll
0x00007ffafec60000 - 0x00007ffafec6d000 	C:\Program Files\Android\Android Studio\jre\bin\management_ext.dll
0x00007ffb1d950000 - 0x00007ffb1d970000 	C:\Windows\SYSTEM32\CRYPTSP.dll
0x00007ffb1d570000 - 0x00007ffb1d5a6000 	C:\Windows\system32\rsaenh.dll
0x00007ffb1db90000 - 0x00007ffb1dbb6000 	C:\Windows\SYSTEM32\bcrypt.dll
0x00007ffb1d680000 - 0x00007ffb1d6a1000 	C:\Windows\SYSTEM32\USERENV.dll
0x00007ffb1deb0000 - 0x00007ffb1df13000 	C:\Windows\system32\bcryptprimitives.dll
0x00007ffb1df20000 - 0x00007ffb1df2b000 	C:\Windows\SYSTEM32\CRYPTBASE.dll
0x00007ffb1ae30000 - 0x00007ffb1ae5a000 	C:\Windows\SYSTEM32\IPHLPAPI.DLL
0x00007ffb1ac00000 - 0x00007ffb1ac0a000 	C:\Windows\SYSTEM32\WINNSI.DLL
0x00007ffb1a7a0000 - 0x00007ffb1a7b6000 	C:\Windows\SYSTEM32\dhcpcsvc6.DLL
0x00007ffb1a7c0000 - 0x00007ffb1a7da000 	C:\Windows\SYSTEM32\dhcpcsvc.DLL

dbghelp: loaded successfully - version: 4.0.5 - missing functions: none
symbol engine: initialized successfully - sym options: 0x614 - pdb path: .;C:\Program Files\Android\Android Studio\jre\bin;C:\Windows\SYSTEM32;C:\Windows\WinSxS\amd64_microsoft.windows.common-controls_6595b64144ccf1df_6.0.9600.19394_none_62486577ecb635cf;C:\Program Files\Android\Android Studio\jre\bin\server;C:\Users\Nadezhda S\.gradle\native\e1d6ef7f7dcc3fd88c89a11ec53ec762bb8ba0a96d01ffa2cd45eb1d1d8dd5c5\windows-amd64

VM Arguments:
jvm_args: --add-opens=java.base/java.util=ALL-UNNAMED --add-opens=java.base/java.lang=ALL-UNNAMED --add-opens=java.base/java.lang.invoke=ALL-UNNAMED --add-opens=java.base/java.util=ALL-UNNAMED --add-opens=java.prefs/java.util.prefs=ALL-UNNAMED --add-opens=java.prefs/java.util.prefs=ALL-UNNAMED --add-opens=java.base/java.nio.charset=ALL-UNNAMED --add-opens=java.base/java.net=ALL-UNNAMED --add-opens=java.base/java.util.concurrent.atomic=ALL-UNNAMED -Xmx2048m -Dfile.encoding=UTF-8 -Duser.country=RU -Duser.language=ru -Duser.variant 
java_command: org.gradle.launcher.daemon.bootstrap.GradleDaemon 7.4
java_class_path (initial): C:\Users\Nadezhda S\.gradle\wrapper\dists\gradle-7.4-bin\c0gwcg53nkjbqw7r0h0umtfvt\gradle-7.4\lib\gradle-launcher-7.4.jar
Launcher Type: SUN_STANDARD

[Global flags]
     intx CICompilerCount                          = 3                                         {product} {ergonomic}
     uint ConcGCThreads                            = 1                                         {product} {ergonomic}
     uint G1ConcRefinementThreads                  = 4                                         {product} {ergonomic}
   size_t G1HeapRegionSize                         = 1048576                                   {product} {ergonomic}
    uintx GCDrainStackTargetSize                   = 64                                        {product} {ergonomic}
   size_t InitialHeapSize                          = 134217728                                 {product} {ergonomic}
   size_t MarkStackSize                            = 4194304                                   {product} {ergonomic}
   size_t MaxHeapSize                              = 2147483648                                {product} {command line}
   size_t MaxNewSize                               = 1287651328                                {product} {ergonomic}
   size_t MinHeapDeltaBytes                        = 1048576                                   {product} {ergonomic}
    uintx NonNMethodCodeHeapSize                   = 5830732                                {pd product} {ergonomic}
    uintx NonProfiledCodeHeapSize                  = 122913754                              {pd product} {ergonomic}
    uintx ProfiledCodeHeapSize                     = 122913754                              {pd product} {ergonomic}
    uintx ReservedCodeCacheSize                    = 251658240                              {pd product} {ergonomic}
     bool SegmentedCodeCache                       = true                                      {product} {ergonomic}
     bool UseCompressedClassPointers               = true                                 {lp64_product} {ergonomic}
     bool UseCompressedOops                        = true                                 {lp64_product} {ergonomic}
     bool UseG1GC                                  = true                                      {product} {ergonomic}
     bool UseLargePagesIndividualAllocation        = false                                  {pd product} {ergonomic}

Logging:
Log output configuration:
 #0: stdout all=warning uptime,level,tags
 #1: stderr all=off uptime,level,tags

Environment Variables:
PATH=C:\Windows\system32;C:\Windows;C:\Windows\System32\Wbem;C:\Windows\System32\WindowsPowerShell\v1.0\;C:\Program Files\Git\cmd
USERNAME=Nadezhda S
OS=Windows_NT
PROCESSOR_IDENTIFIER=Intel64 Family 6 Model 42 Stepping 7, GenuineIntel



---------------  S Y S T E M  ---------------

OS: Windows 8.1 , 64 bit Build 9600 (6.3.9600.20389)
OS uptime: 0 days 0:20 hours

CPU:total 4 (initial active 4) (2 cores per cpu, 2 threads per core) family 6 model 42 stepping 7 microcode 0x28, cmov, cx8, fxsr, mmx, sse, sse2, sse3, ssse3, sse4.1, sse4.2, popcnt, avx, aes, clmul, ht, tsc, tscinvbit

Memory: 4k page, system-wide physical 8105M (1274M free)
TotalPageFile size 8105M (AvailPageFile size 8M)
current process WorkingSet (physical memory assigned to process): 590M, peak: 592M
current process commit charge ("private bytes"): 657M, peak: 661M

vm_info: OpenJDK 64-Bit Server VM (11.0.13+0-b1751.21-8125866) for windows-amd64 JRE (11.0.13+0-b1751.21-8125866), built on Feb  2 2022 03:00:22 by "builder" with MS VC++ 14.0 (VS2015)

END.
