#
# There is insufficient memory for the Java Runtime Environment to continue.
# Native memory allocation (mmap) failed to map 38797312 bytes for Failed to commit area from 0x000000008b900000 to 0x000000008de00000 of length 38797312.
# Possible reasons:
#   The system is out of physical RAM or swap space
#   The process is running with CompressedOops enabled, and the Java Heap may be blocking the growth of the native heap
# Possible solutions:
#   Reduce memory load on the system
#   Increase physical memory or swap space
#   Check if swap backing store is full
#   Decrease Java heap size (-Xmx/-Xms)
#   Decrease number of Java threads
#   Decrease Java thread stack sizes (-Xss)
#   Set larger code cache with -XX:ReservedCodeCacheSize=
#   JVM is running with Unscaled Compressed Oops mode in which the Java heap is
#     placed in the first 4GB address space. The Java Heap base address is the
#     maximum limit for the native heap growth. Please use -XX:HeapBaseMinAddress
#     to set the Java Heap base and to place the Java Heap above 4GB virtual address.
# This output file may be truncated or incomplete.
#
#  Out of Memory Error (./src/hotspot/os/windows/os_windows.cpp:3619), pid=4480, tid=4312
#
# JRE version: OpenJDK Runtime Environment (11.0.13) (build 11.0.13+0-b1751.21-8125866)
# Java VM: OpenJDK 64-Bit Server VM (11.0.13+0-b1751.21-8125866, mixed mode, tiered, compressed oops, g1 gc, windows-amd64)
# No core dump will be written. Minidumps are not enabled by default on client versions of Windows
#

---------------  S U M M A R Y ------------

Command Line: --add-opens=java.base/java.util=ALL-UNNAMED --add-opens=java.base/java.lang=ALL-UNNAMED --add-opens=java.base/java.lang.invoke=ALL-UNNAMED --add-opens=java.base/java.util=ALL-UNNAMED --add-opens=java.prefs/java.util.prefs=ALL-UNNAMED --add-opens=java.prefs/java.util.prefs=ALL-UNNAMED --add-opens=java.base/java.nio.charset=ALL-UNNAMED --add-opens=java.base/java.net=ALL-UNNAMED --add-opens=java.base/java.util.concurrent.atomic=ALL-UNNAMED -Xmx2048m -Dfile.encoding=UTF-8 -Duser.country=RU -Duser.language=ru -Duser.variant org.gradle.launcher.daemon.bootstrap.GradleDaemon 7.4

Host: Intel(R) Core(TM) i5-2450M CPU @ 2.50GHz, 4 cores, 7G,  Windows 8.1 , 64 bit Build 9600 (6.3.9600.20389)
Time: Sun Nov 13 00:50:51 2022 RTZ 4 (ceia) elapsed time: 19.296799 seconds (0d 0h 0m 19s)

---------------  T H R E A D  ---------------

Current thread (0x00000024f4024000):  VMThread "VM Thread" [stack: 0x00000024f4420000,0x00000024f4520000] [id=4312]

Stack: [0x00000024f4420000,0x00000024f4520000]
[error occurred during error reporting (printing stack bounds), id 0xc0000005, EXCEPTION_ACCESS_VIOLATION (0xc0000005) at pc=0x00000024dd1e112d]

Native frames: (J=compiled Java code, j=interpreted, Vv=VM code, C=native code)
V  [jvm.dll+0x6100fa]
V  [jvm.dll+0x747090]
V  [jvm.dll+0x7486ad]
V  [jvm.dll+0x748ce5]
V  [jvm.dll+0x748c9b]
V  [jvm.dll+0x60f224]
V  [jvm.dll+0x60f9b8]
C  [ntdll.dll+0x92f3d]
C  [ntdll.dll+0x54557]
C  [ntdll.dll+0x920ca]
C  0x00000024dd1e112d

VM_Operation (0x00000024f90a5cb0): G1CollectForAllocation, mode: safepoint, requested by thread 0x00000024f5ad7000


---------------  P R O C E S S  ---------------

Threads class SMR info:
_java_thread_list=0x000000248141b640, length=77, elements={
0x00000024d96f5800, 0x00000024f402d000, 0x00000024f402e800, 0x00000024f4088800,
0x00000024f408a800, 0x00000024f408b800, 0x00000024f408d000, 0x00000024f3608800,
0x00000024f3611000, 0x00000024f41dc800, 0x00000024f441d800, 0x00000024f7518800,
0x00000024f64ae800, 0x00000024f749b800, 0x00000024f5fc0800, 0x00000024f5f82800,
0x00000024f7a94800, 0x00000024f5ad7000, 0x00000024f662a800, 0x00000024f7b91800,
0x00000024f749a000, 0x00000024f7497800, 0x00000024f7498800, 0x00000024f7499000,
0x00000024f802c800, 0x00000024f802d800, 0x00000024f802b000, 0x00000024f802e800,
0x00000024f802c000, 0x00000024f8030000, 0x00000024f8030800, 0x00000024f8032800,
0x00000024f8031800, 0x00000024f8035000, 0x00000024f8033000, 0x00000024f8035800,
0x00000024f8036800, 0x00000024f8034000, 0x00000024f8039800, 0x00000024f8038000,
0x00000024f8039000, 0x00000024f8037800, 0x00000024fa7ba800, 0x00000024fa7ba000,
0x00000024fa7be000, 0x00000024fa7bb800, 0x00000024fa7bd000, 0x00000024fa7be800,
0x00000024fa7bc800, 0x00000024fa7c1000, 0x00000024fa7c2000, 0x00000024fa7bf800,
0x00000024fa7c0800, 0x00000024fa7c3800, 0x00000024fa7c3000, 0x00000024fa7c6000,
0x00000024fa7c7000, 0x00000024fa7c4800, 0x00000024fa7c5000, 0x00000024fa7c7800,
0x00000024fa7c8800, 0x00000024fad71800, 0x00000024fad72800, 0x00000024fad73800,
0x00000024fad71000, 0x00000024fad76000, 0x00000024fad74000, 0x00000024fad77800,
0x00000024fad75000, 0x00000024fad78000, 0x00000024fad79000, 0x00000024fad76800,
0x00000024fad7a000, 0x00000024fad7b800, 0x00000024fad7c800, 0x00000024fad7a800,
0x00000024fad7f800
}

Java Threads: ( => current thread )
  0x00000024d96f5800 JavaThread "main" [_thread_blocked, id=4344, stack(0x00000024d7650000,0x00000024d7750000)]
  0x00000024f402d000 JavaThread "Reference Handler" daemon [_thread_blocked, id=3212, stack(0x00000024f4520000,0x00000024f4620000)]
  0x00000024f402e800 JavaThread "Finalizer" daemon [_thread_blocked, id=4768, stack(0x00000024f4620000,0x00000024f4720000)]
  0x00000024f4088800 JavaThread "Signal Dispatcher" daemon [_thread_blocked, id=4184, stack(0x00000024f4800000,0x00000024f4900000)]
  0x00000024f408a800 JavaThread "Attach Listener" daemon [_thread_blocked, id=1772, stack(0x00000024f4900000,0x00000024f4a00000)]
  0x00000024f408b800 JavaThread "Service Thread" daemon [_thread_blocked, id=4200, stack(0x00000024f4a00000,0x00000024f4b00000)]
  0x00000024f408d000 JavaThread "C2 CompilerThread0" daemon [_thread_blocked, id=4364, stack(0x00000024f4b00000,0x00000024f4c00000)]
  0x00000024f3608800 JavaThread "C1 CompilerThread0" daemon [_thread_blocked, id=4948, stack(0x00000024f4c00000,0x00000024f4d00000)]
  0x00000024f3611000 JavaThread "Sweeper thread" daemon [_thread_blocked, id=4448, stack(0x00000024f4d00000,0x00000024f4e00000)]
  0x00000024f41dc800 JavaThread "Common-Cleaner" daemon [_thread_blocked, id=2116, stack(0x00000024f4e00000,0x00000024f4f00000)]
  0x00000024f441d800 JavaThread "C2 CompilerThread1" daemon [_thread_in_native, id=4764, stack(0x00000024f5800000,0x00000024f5900000)]
  0x00000024f7518800 JavaThread "Daemon health stats" [_thread_blocked, id=4108, stack(0x00000024f86d0000,0x00000024f87d0000)]
  0x00000024f64ae800 JavaThread "Incoming local TCP Connector on port 50403" [_thread_in_native, id=4432, stack(0x00000024f82a0000,0x00000024f83a0000)]
  0x00000024f749b800 JavaThread "Daemon periodic checks" [_thread_blocked, id=4808, stack(0x00000024f83a0000,0x00000024f84a0000)]
  0x00000024f5fc0800 JavaThread "Daemon" [_thread_blocked, id=4436, stack(0x00000024f8cb0000,0x00000024f8db0000)]
  0x00000024f5f82800 JavaThread "Handler for socket connection from /127.0.0.1:50403 to /127.0.0.1:50404" [_thread_in_native, id=3456, stack(0x00000024f8db0000,0x00000024f8eb0000)]
  0x00000024f7a94800 JavaThread "Cancel handler" [_thread_blocked, id=5068, stack(0x00000024f8eb0000,0x00000024f8fb0000)]
  0x00000024f5ad7000 JavaThread "Daemon worker" [_thread_blocked, id=1384, stack(0x00000024f8fb0000,0x00000024f90b0000)]
  0x00000024f662a800 JavaThread "Asynchronous log dispatcher for DefaultDaemonConnection: socket connection from /127.0.0.1:50403 to /127.0.0.1:50404" [_thread_blocked, id=4604, stack(0x00000024f90b0000,0x00000024f91b0000)]
  0x00000024f7b91800 JavaThread "Stdin handler" [_thread_blocked, id=3624, stack(0x00000024f92b0000,0x00000024f93b0000)]
  0x00000024f749a000 JavaThread "Daemon client event forwarder" [_thread_blocked, id=2776, stack(0x00000024f93b0000,0x00000024f94b0000)]
  0x00000024f7497800 JavaThread "Cache worker for journal cache (C:\Users\Nadezhda S\.gradle\caches\journal-1)" [_thread_blocked, id=3720, stack(0x00000024f97b0000,0x00000024f98b0000)]
  0x00000024f7498800 JavaThread "File lock request listener" [_thread_in_native, id=3716, stack(0x00000024f98b0000,0x00000024f99b0000)]
  0x00000024f7499000 JavaThread "Cache worker for file hash cache (C:\Users\Nadezhda S\.gradle\caches\7.4\fileHashes)" [_thread_blocked, id=4524, stack(0x00000024f99b0000,0x00000024f9ab0000)]
  0x00000024f802c800 JavaThread "Cache worker for checksums cache (C:\Users\Nadezhda S\AndroidStudioProjects\API_Project\.gradle\7.4\checksums)" [_thread_blocked, id=1520, stack(0x00000024f9eb0000,0x00000024f9fb0000)]
  0x00000024f802d800 JavaThread "Cache worker for cache directory md-rule (C:\Users\Nadezhda S\.gradle\caches\7.4\md-rule)" [_thread_blocked, id=4496, stack(0x00000024fc470000,0x00000024fc570000)]
  0x00000024f802b000 JavaThread "Cache worker for file hash cache (C:\Users\Nadezhda S\AndroidStudioProjects\API_Project\.gradle\7.4\fileHashes)" [_thread_blocked, id=4116, stack(0x00000024fbf70000,0x00000024fc070000)]
  0x00000024f802e800 JavaThread "Cache worker for cache directory md-supplier (C:\Users\Nadezhda S\.gradle\caches\7.4\md-supplier)" [_thread_blocked, id=4812, stack(0x00000024fc070000,0x00000024fc170000)]
  0x00000024f802c000 JavaThread "Cache worker for execution history cache (C:\Users\Nadezhda S\.gradle\caches\7.4\executionHistory)" [_thread_blocked, id=4844, stack(0x00000024fc170000,0x00000024fc270000)]
  0x00000024f8030000 JavaThread "jar transforms" [_thread_blocked, id=5032, stack(0x00000024fcf70000,0x00000024fd070000)]
  0x00000024f8030800 JavaThread "Cache worker for file content cache (C:\Users\Nadezhda S\.gradle\caches\7.4\fileContent)" [_thread_blocked, id=160, stack(0x00000024fd070000,0x00000024fd170000)]
  0x00000024f8032800 JavaThread "jar transforms Thread 2" [_thread_blocked, id=2516, stack(0x00000024fd2f0000,0x00000024fd3f0000)]
  0x00000024f8031800 JavaThread "Cache worker for dependencies-accessors (C:\Users\Nadezhda S\AndroidStudioProjects\API_Project\.gradle\7.4\dependencies-accessors)" [_thread_blocked, id=608, stack(0x00000024fd170000,0x00000024fd270000)]
  0x00000024f8035000 JavaThread "jar transforms Thread 3" [_thread_blocked, id=2176, stack(0x00000024fd850000,0x00000024fd950000)]
  0x00000024f8033000 JavaThread "Cache worker for Build Output Cleanup Cache (C:\Users\Nadezhda S\AndroidStudioProjects\API_Project\.gradle\buildOutputCleanup)" [_thread_blocked, id=3964, stack(0x00000024fdf80000,0x00000024fe080000)]
  0x00000024f8035800 JavaThread "Unconstrained build operations" [_thread_blocked, id=4548, stack(0x00000024fdd50000,0x00000024fde50000)]
  0x00000024f8036800 JavaThread "Unconstrained build operations Thread 2" [_thread_blocked, id=4944, stack(0x00000024fde50000,0x00000024fdf50000)]
  0x00000024f8034000 JavaThread "Unconstrained build operations Thread 3" [_thread_blocked, id=4684, stack(0x00000024fe080000,0x00000024fe180000)]
  0x00000024f8039800 JavaThread "Unconstrained build operations Thread 4" [_thread_blocked, id=4180, stack(0x00000024fe180000,0x00000024fe280000)]
  0x00000024f8038000 JavaThread "Unconstrained build operations Thread 5" [_thread_blocked, id=4136, stack(0x00000024fe280000,0x00000024fe380000)]
  0x00000024f8039000 JavaThread "Unconstrained build operations Thread 6" [_thread_blocked, id=4356, stack(0x00000024fe380000,0x00000024fe480000)]
  0x00000024f8037800 JavaThread "Unconstrained build operations Thread 7" [_thread_blocked, id=4292, stack(0x00000024fe480000,0x00000024fe580000)]
  0x00000024fa7ba800 JavaThread "Unconstrained build operations Thread 8" [_thread_blocked, id=5028, stack(0x00000024fe580000,0x00000024fe680000)]
  0x00000024fa7ba000 JavaThread "Unconstrained build operations Thread 9" [_thread_blocked, id=1168, stack(0x00000024fe680000,0x00000024fe780000)]
  0x00000024fa7be000 JavaThread "Unconstrained build operations Thread 10" [_thread_blocked, id=4932, stack(0x00000024fe780000,0x00000024fe880000)]
  0x00000024fa7bb800 JavaThread "Unconstrained build operations Thread 11" [_thread_blocked, id=4752, stack(0x00000024fe880000,0x00000024fe980000)]
  0x00000024fa7bd000 JavaThread "Unconstrained build operations Thread 12" [_thread_blocked, id=4308, stack(0x00000024fe980000,0x00000024fea80000)]
  0x00000024fa7be800 JavaThread "Unconstrained build operations Thread 13" [_thread_blocked, id=4300, stack(0x00000024fea80000,0x00000024feb80000)]
  0x00000024fa7bc800 JavaThread "Unconstrained build operations Thread 14" [_thread_blocked, id=4332, stack(0x00000024feb80000,0x00000024fec80000)]
  0x00000024fa7c1000 JavaThread "Unconstrained build operations Thread 15" [_thread_blocked, id=4172, stack(0x00000024fec80000,0x00000024fed80000)]
  0x00000024fa7c2000 JavaThread "Unconstrained build operations Thread 16" [_thread_blocked, id=384, stack(0x00000024fed80000,0x00000024fee80000)]
  0x00000024fa7bf800 JavaThread "Unconstrained build operations Thread 17" [_thread_blocked, id=4656, stack(0x00000024fee80000,0x00000024fef80000)]
  0x00000024fa7c0800 JavaThread "Unconstrained build operations Thread 18" [_thread_blocked, id=2976, stack(0x00000024fef80000,0x00000024ff080000)]
  0x00000024fa7c3800 JavaThread "Unconstrained build operations Thread 19" [_thread_blocked, id=4772, stack(0x00000024ff080000,0x00000024ff180000)]
  0x00000024fa7c3000 JavaThread "Unconstrained build operations Thread 20" [_thread_blocked, id=3272, stack(0x00000024ff180000,0x00000024ff280000)]
  0x00000024fa7c6000 JavaThread "Unconstrained build operations Thread 21" [_thread_blocked, id=4988, stack(0x00000024ff280000,0x00000024ff380000)]
  0x00000024fa7c7000 JavaThread "Unconstrained build operations Thread 22" [_thread_blocked, id=4072, stack(0x00000024ff380000,0x00000024ff480000)]
  0x00000024fa7c4800 JavaThread "Unconstrained build operations Thread 23" [_thread_blocked, id=32, stack(0x00000024ff480000,0x00000024ff580000)]
  0x00000024fa7c5000 JavaThread "Unconstrained build operations Thread 24" [_thread_blocked, id=4744, stack(0x00000024ff580000,0x00000024ff680000)]
  0x00000024fa7c7800 JavaThread "Unconstrained build operations Thread 25" [_thread_blocked, id=2488, stack(0x00000024ff680000,0x00000024ff780000)]
  0x00000024fa7c8800 JavaThread "Unconstrained build operations Thread 26" [_thread_blocked, id=3684, stack(0x00000024ff780000,0x00000024ff880000)]
  0x00000024fad71800 JavaThread "Unconstrained build operations Thread 27" [_thread_blocked, id=728, stack(0x00000024ff880000,0x00000024ff980000)]
  0x00000024fad72800 JavaThread "Unconstrained build operations Thread 28" [_thread_blocked, id=2848, stack(0x00000024ff980000,0x00000024ffa80000)]
  0x00000024fad73800 JavaThread "Unconstrained build operations Thread 29" [_thread_blocked, id=4648, stack(0x00000024ffa80000,0x00000024ffb80000)]
  0x00000024fad71000 JavaThread "Unconstrained build operations Thread 30" [_thread_blocked, id=892, stack(0x00000024ffb80000,0x00000024ffc80000)]
  0x00000024fad76000 JavaThread "Unconstrained build operations Thread 31" [_thread_blocked, id=4840, stack(0x00000024ffc80000,0x00000024ffd80000)]
  0x00000024fad74000 JavaThread "Unconstrained build operations Thread 32" [_thread_blocked, id=4920, stack(0x00000024ffd80000,0x00000024ffe80000)]
  0x00000024fad77800 JavaThread "Unconstrained build operations Thread 33" [_thread_blocked, id=5004, stack(0x00000024ffe80000,0x00000024fff80000)]
  0x00000024fad75000 JavaThread "Unconstrained build operations Thread 34" [_thread_blocked, id=4748, stack(0x0000002480000000,0x0000002480100000)]
  0x00000024fad78000 JavaThread "Unconstrained build operations Thread 35" [_thread_blocked, id=848, stack(0x0000002480100000,0x0000002480200000)]
  0x00000024fad79000 JavaThread "Unconstrained build operations Thread 36" [_thread_blocked, id=3152, stack(0x0000002480200000,0x0000002480300000)]
  0x00000024fad76800 JavaThread "Unconstrained build operations Thread 37" [_thread_blocked, id=1420, stack(0x0000002480300000,0x0000002480400000)]
  0x00000024fad7a000 JavaThread "Unconstrained build operations Thread 38" [_thread_blocked, id=2472, stack(0x0000002480400000,0x0000002480500000)]
  0x00000024fad7b800 JavaThread "Unconstrained build operations Thread 39" [_thread_blocked, id=4848, stack(0x0000002480500000,0x0000002480600000)]
  0x00000024fad7c800 JavaThread "Unconstrained build operations Thread 40" [_thread_blocked, id=4856, stack(0x0000002480600000,0x0000002480700000)]
  0x00000024fad7a800 JavaThread "jar transforms Thread 4" [_thread_blocked, id=4196, stack(0x0000002480700000,0x0000002480800000)]
  0x00000024fad7f800 JavaThread "Memory manager" [_thread_blocked, id=4716, stack(0x0000002482570000,0x0000002482670000)]

Other Threads:
=>0x00000024f4024000 VMThread "VM Thread" [stack: 0x00000024f4420000,0x00000024f4520000] [id=4312]
  0x00000024f41fe800 WatcherThread [stack: 0x00000024f4f00000,0x00000024f5000000] [id=2464]
  0x00000024d970e800 GCTaskThread "GC Thread#0" [stack: 0x00000024d9090000,0x00000024d9190000] [id=4516]
  0x00000024f5584800 GCTaskThread "GC Thread#1" [stack: 0x00000024f68d0000,0x00000024f69d0000] [id=4904]
  0x00000024f52cc000 GCTaskThread "GC Thread#2" [stack: 0x00000024f69d0000,0x00000024f6ad0000] [id=3836]
  0x00000024f7b91000 GCTaskThread "GC Thread#3" [stack: 0x00000024f96b0000,0x00000024f97b0000] [id=5000]
  0x00000024d9740800 ConcurrentGCThread "G1 Main Marker" [stack: 0x00000024f0de0000,0x00000024f0ee0000] [id=4352]
  0x00000024d9747800 ConcurrentGCThread "G1 Conc#0" [stack: 0x00000024f0ee0000,0x00000024f0fe0000] [id=4460]
  0x00000024f3458800 ConcurrentGCThread "G1 Refine#0" [stack: 0x00000024f3620000,0x00000024f3720000] [id=4076]
  0x00000024f3459000 ConcurrentGCThread "G1 Young RemSet Sampling" [stack: 0x00000024f3720000,0x00000024f3820000] [id=1408]

Threads with active compile tasks:
C2 CompilerThread0  19307 7678       4       java.util.TreeMap::put (247 bytes)
C2 CompilerThread1  19307 7622       4       org.gradle.internal.reflect.MutableClassDetails::property (41 bytes)

VM state:at safepoint (normal execution)

VM Mutex/Monitor currently owned by a thread:  ([mutex/lock_event])
[0x00000024d96f29b0] Threads_lock - owner thread: 0x00000024f4024000
[0x00000024d96f2bf0] Heap_lock - owner thread: 0x00000024f5ad7000

Heap address: 0x0000000080000000, size: 2048 MB, Compressed Oops mode: 32-bit
Narrow klass base: 0x0000000000000000, Narrow klass shift: 3
Compressed class space size: 1073741824 Address: 0x0000000100000000

Heap:
 garbage-first heap   total 227328K, used 67549K [0x0000000080000000, 0x0000000100000000)
  region size 1024K, 10 young (10240K), 10 survivors (10240K)
 Metaspace       used 77042K, capacity 78658K, committed 78832K, reserved 1118208K
  class space    used 9915K, capacity 10517K, committed 10648K, reserved 1048576K
Heap Regions: E=young(eden), S=young(survivor), O=old, HS=humongous(starts), HC=humongous(continues), CS=collection set, F=free, A=archive, TAMS=top-at-mark-start (previous, next)
|   0|0x0000000080000000, 0x0000000080100000, 0x0000000080100000|100%|HS|  |TAMS 0x0000000080100000, 0x0000000080000000| Complete 
|   1|0x0000000080100000, 0x0000000080200000, 0x0000000080200000|100%|HC|  |TAMS 0x0000000080200000, 0x0000000080100000| Complete 
|   2|0x0000000080200000, 0x0000000080300000, 0x0000000080300000|100%|HC|  |TAMS 0x0000000080300000, 0x0000000080200000| Complete 
|   3|0x0000000080300000, 0x0000000080400000, 0x0000000080400000|100%| O|  |TAMS 0x0000000080400000, 0x0000000080300000| Untracked 
|   4|0x0000000080400000, 0x0000000080500000, 0x0000000080500000|100%| O|  |TAMS 0x0000000080500000, 0x0000000080400000| Untracked 
|   5|0x0000000080500000, 0x0000000080600000, 0x0000000080600000|100%| O|  |TAMS 0x0000000080600000, 0x0000000080500000| Untracked 
|   6|0x0000000080600000, 0x0000000080700000, 0x0000000080700000|100%| O|  |TAMS 0x0000000080700000, 0x0000000080600000| Untracked 
|   7|0x0000000080700000, 0x0000000080800000, 0x0000000080800000|100%| O|  |TAMS 0x0000000080800000, 0x0000000080700000| Untracked 
|   8|0x0000000080800000, 0x0000000080900000, 0x0000000080900000|100%| O|  |TAMS 0x0000000080900000, 0x0000000080800000| Untracked 
|   9|0x0000000080900000, 0x0000000080a00000, 0x0000000080a00000|100%| O|  |TAMS 0x0000000080a00000, 0x0000000080900000| Untracked 
|  10|0x0000000080a00000, 0x0000000080b00000, 0x0000000080b00000|100%| O|  |TAMS 0x0000000080b00000, 0x0000000080a00000| Untracked 
|  11|0x0000000080b00000, 0x0000000080c00000, 0x0000000080c00000|100%| O|  |TAMS 0x0000000080c00000, 0x0000000080b00000| Untracked 
|  12|0x0000000080c00000, 0x0000000080d00000, 0x0000000080d00000|100%| O|  |TAMS 0x0000000080d00000, 0x0000000080c00000| Untracked 
|  13|0x0000000080d00000, 0x0000000080e00000, 0x0000000080e00000|100%| O|  |TAMS 0x0000000080e00000, 0x0000000080d00000| Untracked 
|  14|0x0000000080e00000, 0x0000000080f00000, 0x0000000080f00000|100%|HS|  |TAMS 0x0000000080f00000, 0x0000000080e00000| Complete 
|  15|0x0000000080f00000, 0x0000000081000000, 0x0000000081000000|100%| O|  |TAMS 0x0000000081000000, 0x0000000080f00000| Untracked 
|  16|0x0000000081000000, 0x0000000081100000, 0x0000000081100000|100%| O|  |TAMS 0x0000000081100000, 0x0000000081000000| Untracked 
|  17|0x0000000081100000, 0x0000000081200000, 0x0000000081200000|100%| O|  |TAMS 0x0000000081200000, 0x0000000081100000| Untracked 
|  18|0x0000000081200000, 0x0000000081300000, 0x0000000081300000|100%| O|  |TAMS 0x0000000081300000, 0x0000000081200000| Untracked 
|  19|0x0000000081300000, 0x0000000081400000, 0x0000000081400000|100%| O|  |TAMS 0x0000000081400000, 0x0000000081300000| Untracked 
|  20|0x0000000081400000, 0x0000000081500000, 0x0000000081500000|100%| O|  |TAMS 0x0000000081500000, 0x0000000081400000| Untracked 
|  21|0x0000000081500000, 0x0000000081600000, 0x0000000081600000|100%| O|  |TAMS 0x0000000081600000, 0x0000000081500000| Untracked 
|  22|0x0000000081600000, 0x0000000081700000, 0x0000000081700000|100%| O|  |TAMS 0x0000000081700000, 0x0000000081600000| Untracked 
|  23|0x0000000081700000, 0x0000000081800000, 0x0000000081800000|100%| O|  |TAMS 0x0000000081800000, 0x0000000081700000| Untracked 
|  24|0x0000000081800000, 0x0000000081900000, 0x0000000081900000|100%| O|  |TAMS 0x0000000081900000, 0x0000000081800000| Untracked 
|  25|0x0000000081900000, 0x0000000081a00000, 0x0000000081a00000|100%|HS|  |TAMS 0x0000000081a00000, 0x0000000081900000| Complete 
|  26|0x0000000081a00000, 0x0000000081b00000, 0x0000000081b00000|100%|HS|  |TAMS 0x0000000081b00000, 0x0000000081a00000| Complete 
|  27|0x0000000081b00000, 0x0000000081c00000, 0x0000000081c00000|100%|HS|  |TAMS 0x0000000081c00000, 0x0000000081b00000| Complete 
|  28|0x0000000081c00000, 0x0000000081d00000, 0x0000000081d00000|100%|HC|  |TAMS 0x0000000081d00000, 0x0000000081c00000| Complete 
|  29|0x0000000081d00000, 0x0000000081e00000, 0x0000000081e00000|100%|HC|  |TAMS 0x0000000081e00000, 0x0000000081d00000| Complete 
|  30|0x0000000081e00000, 0x0000000081f00000, 0x0000000081f00000|100%| O|  |TAMS 0x0000000081f00000, 0x0000000081e00000| Untracked 
|  31|0x0000000081f00000, 0x0000000082000000, 0x0000000082000000|100%|HS|  |TAMS 0x0000000082000000, 0x0000000081f00000| Complete 
|  32|0x0000000082000000, 0x0000000082100000, 0x0000000082100000|100%|HC|  |TAMS 0x0000000082100000, 0x0000000082000000| Complete 
|  33|0x0000000082100000, 0x0000000082200000, 0x0000000082200000|100%| O|  |TAMS 0x0000000082200000, 0x0000000082100000| Untracked 
|  34|0x0000000082200000, 0x0000000082300000, 0x0000000082300000|100%| O|  |TAMS 0x0000000082300000, 0x0000000082200000| Untracked 
|  35|0x0000000082300000, 0x0000000082400000, 0x0000000082400000|100%| O|  |TAMS 0x0000000082400000, 0x0000000082300000| Untracked 
|  36|0x0000000082400000, 0x0000000082500000, 0x0000000082500000|100%| O|  |TAMS 0x0000000082500000, 0x0000000082400000| Untracked 
|  37|0x0000000082500000, 0x0000000082600000, 0x0000000082600000|100%| O|  |TAMS 0x0000000082600000, 0x0000000082500000| Untracked 
|  38|0x0000000082600000, 0x0000000082700000, 0x0000000082700000|100%| O|  |TAMS 0x0000000082700000, 0x0000000082600000| Untracked 
|  39|0x0000000082700000, 0x0000000082800000, 0x0000000082800000|100%| O|  |TAMS 0x0000000082800000, 0x0000000082700000| Untracked 
|  40|0x0000000082800000, 0x0000000082900000, 0x0000000082900000|100%| O|  |TAMS 0x0000000082900000, 0x0000000082800000| Untracked 
|  41|0x0000000082900000, 0x0000000082a00000, 0x0000000082a00000|100%| O|  |TAMS 0x0000000082a00000, 0x0000000082900000| Untracked 
|  42|0x0000000082a00000, 0x0000000082b00000, 0x0000000082b00000|100%| O|  |TAMS 0x0000000082b00000, 0x0000000082a00000| Untracked 
|  43|0x0000000082b00000, 0x0000000082c00000, 0x0000000082c00000|100%| O|  |TAMS 0x0000000082c00000, 0x0000000082b00000| Untracked 
|  44|0x0000000082c00000, 0x0000000082d00000, 0x0000000082d00000|100%| O|  |TAMS 0x0000000082d00000, 0x0000000082c00000| Untracked 
|  45|0x0000000082d00000, 0x0000000082e00000, 0x0000000082e00000|100%| O|  |TAMS 0x0000000082e00000, 0x0000000082d00000| Untracked 
|  46|0x0000000082e00000, 0x0000000082f00000, 0x0000000082f00000|100%| O|  |TAMS 0x0000000082f00000, 0x0000000082e00000| Untracked 
|  47|0x0000000082f00000, 0x0000000083000000, 0x0000000083000000|100%| O|  |TAMS 0x0000000083000000, 0x0000000082f00000| Untracked 
|  48|0x0000000083000000, 0x0000000083100000, 0x0000000083100000|100%| O|  |TAMS 0x0000000083100000, 0x0000000083000000| Untracked 
|  49|0x0000000083100000, 0x0000000083200000, 0x0000000083200000|100%| O|  |TAMS 0x0000000083100000, 0x0000000083100000| Untracked 
|  50|0x0000000083200000, 0x0000000083300000, 0x0000000083300000|100%| O|  |TAMS 0x0000000083200000, 0x0000000083200000| Untracked 
|  51|0x0000000083300000, 0x0000000083400000, 0x0000000083400000|100%| O|  |TAMS 0x0000000083300000, 0x0000000083300000| Untracked 
|  52|0x0000000083400000, 0x0000000083500000, 0x0000000083500000|100%| O|  |TAMS 0x0000000083400000, 0x0000000083400000| Untracked 
|  53|0x0000000083500000, 0x0000000083600000, 0x0000000083600000|100%| O|  |TAMS 0x0000000083500000, 0x0000000083500000| Untracked 
|  54|0x0000000083600000, 0x0000000083700000, 0x0000000083700000|100%| O|  |TAMS 0x0000000083600000, 0x0000000083600000| Untracked 
|  55|0x0000000083700000, 0x00000000837f7600, 0x0000000083800000| 96%| O|  |TAMS 0x0000000083700000, 0x0000000083700000| Untracked 
|  56|0x0000000083800000, 0x0000000083800000, 0x0000000083900000|  0%| F|  |TAMS 0x0000000083800000, 0x0000000083800000| Untracked 
|  57|0x0000000083900000, 0x0000000083900000, 0x0000000083a00000|  0%| F|  |TAMS 0x0000000083900000, 0x0000000083900000| Untracked 
|  58|0x0000000083a00000, 0x0000000083a00000, 0x0000000083b00000|  0%| F|  |TAMS 0x0000000083a00000, 0x0000000083a00000| Untracked 
|  59|0x0000000083b00000, 0x0000000083b00000, 0x0000000083c00000|  0%| F|  |TAMS 0x0000000083b00000, 0x0000000083b00000| Untracked 
|  60|0x0000000083c00000, 0x0000000083c00000, 0x0000000083d00000|  0%| F|  |TAMS 0x0000000083c00000, 0x0000000083c00000| Untracked 
|  61|0x0000000083d00000, 0x0000000083d00000, 0x0000000083e00000|  0%| F|  |TAMS 0x0000000083d00000, 0x0000000083d00000| Untracked 
|  62|0x0000000083e00000, 0x0000000083e00000, 0x0000000083f00000|  0%| F|  |TAMS 0x0000000083e00000, 0x0000000083e00000| Untracked 
|  63|0x0000000083f00000, 0x0000000083f00000, 0x0000000084000000|  0%| F|  |TAMS 0x0000000083f00000, 0x0000000083f00000| Untracked 
|  64|0x0000000084000000, 0x0000000084000000, 0x0000000084100000|  0%| F|  |TAMS 0x0000000084000000, 0x0000000084000000| Untracked 
|  65|0x0000000084100000, 0x0000000084100000, 0x0000000084200000|  0%| F|  |TAMS 0x0000000084100000, 0x0000000084100000| Untracked 
|  66|0x0000000084200000, 0x0000000084200000, 0x0000000084300000|  0%| F|  |TAMS 0x0000000084200000, 0x0000000084200000| Untracked 
|  67|0x0000000084300000, 0x0000000084300000, 0x0000000084400000|  0%| F|  |TAMS 0x0000000084300000, 0x0000000084300000| Untracked 
|  68|0x0000000084400000, 0x0000000084400000, 0x0000000084500000|  0%| F|  |TAMS 0x0000000084400000, 0x0000000084400000| Untracked 
|  69|0x0000000084500000, 0x0000000084500000, 0x0000000084600000|  0%| F|  |TAMS 0x0000000084500000, 0x0000000084500000| Untracked 
|  70|0x0000000084600000, 0x0000000084600000, 0x0000000084700000|  0%| F|  |TAMS 0x0000000084600000, 0x0000000084600000| Untracked 
|  71|0x0000000084700000, 0x0000000084700000, 0x0000000084800000|  0%| F|  |TAMS 0x0000000084700000, 0x0000000084700000| Untracked 
|  72|0x0000000084800000, 0x0000000084800000, 0x0000000084900000|  0%| F|  |TAMS 0x0000000084800000, 0x0000000084800000| Untracked 
|  73|0x0000000084900000, 0x0000000084900000, 0x0000000084a00000|  0%| F|  |TAMS 0x0000000084900000, 0x0000000084900000| Untracked 
|  74|0x0000000084a00000, 0x0000000084a00000, 0x0000000084b00000|  0%| F|  |TAMS 0x0000000084a00000, 0x0000000084a00000| Untracked 
|  75|0x0000000084b00000, 0x0000000084b00000, 0x0000000084c00000|  0%| F|  |TAMS 0x0000000084b00000, 0x0000000084b00000| Untracked 
|  76|0x0000000084c00000, 0x0000000084c00000, 0x0000000084d00000|  0%| F|  |TAMS 0x0000000084c00000, 0x0000000084c00000| Untracked 
|  77|0x0000000084d00000, 0x0000000084d00000, 0x0000000084e00000|  0%| F|  |TAMS 0x0000000084d00000, 0x0000000084d00000| Untracked 
|  78|0x0000000084e00000, 0x0000000084e00000, 0x0000000084f00000|  0%| F|  |TAMS 0x0000000084e00000, 0x0000000084e00000| Untracked 
|  79|0x0000000084f00000, 0x0000000084f00000, 0x0000000085000000|  0%| F|  |TAMS 0x0000000084f00000, 0x0000000084f00000| Untracked 
|  80|0x0000000085000000, 0x0000000085000000, 0x0000000085100000|  0%| F|  |TAMS 0x0000000085000000, 0x0000000085000000| Untracked 
|  81|0x0000000085100000, 0x0000000085100000, 0x0000000085200000|  0%| F|  |TAMS 0x0000000085100000, 0x0000000085100000| Untracked 
|  82|0x0000000085200000, 0x0000000085200000, 0x0000000085300000|  0%| F|  |TAMS 0x0000000085200000, 0x0000000085200000| Untracked 
|  83|0x0000000085300000, 0x0000000085300000, 0x0000000085400000|  0%| F|  |TAMS 0x0000000085300000, 0x0000000085300000| Untracked 
|  84|0x0000000085400000, 0x0000000085400000, 0x0000000085500000|  0%| F|  |TAMS 0x0000000085400000, 0x0000000085400000| Untracked 
|  85|0x0000000085500000, 0x0000000085500000, 0x0000000085600000|  0%| F|  |TAMS 0x0000000085500000, 0x0000000085500000| Untracked 
|  86|0x0000000085600000, 0x0000000085600000, 0x0000000085700000|  0%| F|  |TAMS 0x0000000085600000, 0x0000000085600000| Untracked 
|  87|0x0000000085700000, 0x0000000085700000, 0x0000000085800000|  0%| F|  |TAMS 0x0000000085700000, 0x0000000085700000| Untracked 
|  88|0x0000000085800000, 0x0000000085800000, 0x0000000085900000|  0%| F|  |TAMS 0x0000000085800000, 0x0000000085800000| Untracked 
|  89|0x0000000085900000, 0x0000000085900000, 0x0000000085a00000|  0%| F|  |TAMS 0x0000000085900000, 0x0000000085900000| Untracked 
|  90|0x0000000085a00000, 0x0000000085a00000, 0x0000000085b00000|  0%| F|  |TAMS 0x0000000085a00000, 0x0000000085a00000| Untracked 
|  91|0x0000000085b00000, 0x0000000085b00000, 0x0000000085c00000|  0%| F|  |TAMS 0x0000000085b00000, 0x0000000085b00000| Untracked 
|  92|0x0000000085c00000, 0x0000000085d00000, 0x0000000085d00000|100%| S|CS|TAMS 0x0000000085c00000, 0x0000000085c00000| Complete 
|  93|0x0000000085d00000, 0x0000000085d00000, 0x0000000085e00000|  0%| F|  |TAMS 0x0000000085d00000, 0x0000000085d00000| Untracked 
|  94|0x0000000085e00000, 0x0000000085e00000, 0x0000000085f00000|  0%| F|  |TAMS 0x0000000085e00000, 0x0000000085e00000| Untracked 
|  95|0x0000000085f00000, 0x0000000085f00000, 0x0000000086000000|  0%| F|  |TAMS 0x0000000085f00000, 0x0000000085f00000| Untracked 
|  96|0x0000000086000000, 0x0000000086100000, 0x0000000086100000|100%| S|CS|TAMS 0x0000000086000000, 0x0000000086000000| Complete 
|  97|0x0000000086100000, 0x0000000086200000, 0x0000000086200000|100%| S|CS|TAMS 0x0000000086100000, 0x0000000086100000| Complete 
|  98|0x0000000086200000, 0x0000000086300000, 0x0000000086300000|100%| S|CS|TAMS 0x0000000086200000, 0x0000000086200000| Complete 
|  99|0x0000000086300000, 0x0000000086400000, 0x0000000086400000|100%| S|CS|TAMS 0x0000000086300000, 0x0000000086300000| Complete 
| 100|0x0000000086400000, 0x0000000086500000, 0x0000000086500000|100%| S|CS|TAMS 0x0000000086400000, 0x0000000086400000| Complete 
| 101|0x0000000086500000, 0x0000000086600000, 0x0000000086600000|100%| S|CS|TAMS 0x0000000086500000, 0x0000000086500000| Complete 
| 102|0x0000000086600000, 0x0000000086700000, 0x0000000086700000|100%| S|CS|TAMS 0x0000000086600000, 0x0000000086600000| Complete 
| 103|0x0000000086700000, 0x0000000086800000, 0x0000000086800000|100%| S|CS|TAMS 0x0000000086700000, 0x0000000086700000| Complete 
| 104|0x0000000086800000, 0x0000000086800000, 0x0000000086900000|  0%| F|  |TAMS 0x0000000086800000, 0x0000000086800000| Untracked 
| 105|0x0000000086900000, 0x0000000086900000, 0x0000000086a00000|  0%| F|  |TAMS 0x0000000086900000, 0x0000000086900000| Untracked 
| 106|0x0000000086a00000, 0x0000000086a00000, 0x0000000086b00000|  0%| F|  |TAMS 0x0000000086a00000, 0x0000000086a00000| Untracked 
| 107|0x0000000086b00000, 0x0000000086c00000, 0x0000000086c00000|100%| S|CS|TAMS 0x0000000086b00000, 0x0000000086b00000| Complete 
| 108|0x0000000086c00000, 0x0000000086c00000, 0x0000000086d00000|  0%| F|  |TAMS 0x0000000086c00000, 0x0000000086c00000| Untracked 
| 109|0x0000000086d00000, 0x0000000086d00000, 0x0000000086e00000|  0%| F|  |TAMS 0x0000000086d00000, 0x0000000086d00000| Untracked 
| 110|0x0000000086e00000, 0x0000000086e00000, 0x0000000086f00000|  0%| F|  |TAMS 0x0000000086e00000, 0x0000000086e00000| Untracked 
| 111|0x0000000086f00000, 0x0000000086f00000, 0x0000000087000000|  0%| F|  |TAMS 0x0000000086f00000, 0x0000000086f00000| Untracked 
| 112|0x0000000087000000, 0x0000000087000000, 0x0000000087100000|  0%| F|  |TAMS 0x0000000087000000, 0x0000000087000000| Untracked 
| 113|0x0000000087100000, 0x0000000087100000, 0x0000000087200000|  0%| F|  |TAMS 0x0000000087100000, 0x0000000087100000| Untracked 
| 114|0x0000000087200000, 0x0000000087200000, 0x0000000087300000|  0%| F|  |TAMS 0x0000000087200000, 0x0000000087200000| Untracked 
| 115|0x0000000087300000, 0x0000000087300000, 0x0000000087400000|  0%| F|  |TAMS 0x0000000087300000, 0x0000000087300000| Untracked 
| 116|0x0000000087400000, 0x0000000087400000, 0x0000000087500000|  0%| F|  |TAMS 0x0000000087400000, 0x0000000087400000| Untracked 
| 117|0x0000000087500000, 0x0000000087500000, 0x0000000087600000|  0%| F|  |TAMS 0x0000000087500000, 0x0000000087500000| Untracked 
| 118|0x0000000087600000, 0x0000000087600000, 0x0000000087700000|  0%| F|  |TAMS 0x0000000087600000, 0x0000000087600000| Untracked 
| 119|0x0000000087700000, 0x0000000087700000, 0x0000000087800000|  0%| F|  |TAMS 0x0000000087700000, 0x0000000087700000| Untracked 
| 120|0x0000000087800000, 0x0000000087800000, 0x0000000087900000|  0%| F|  |TAMS 0x0000000087800000, 0x0000000087800000| Untracked 
| 121|0x0000000087900000, 0x0000000087900000, 0x0000000087a00000|  0%| F|  |TAMS 0x0000000087900000, 0x0000000087900000| Untracked 
| 122|0x0000000087a00000, 0x0000000087a00000, 0x0000000087b00000|  0%| F|  |TAMS 0x0000000087a00000, 0x0000000087a00000| Untracked 
| 123|0x0000000087b00000, 0x0000000087b00000, 0x0000000087c00000|  0%| F|  |TAMS 0x0000000087b00000, 0x0000000087b00000| Untracked 
| 124|0x0000000087c00000, 0x0000000087c00000, 0x0000000087d00000|  0%| F|  |TAMS 0x0000000087c00000, 0x0000000087c00000| Untracked 
| 125|0x0000000087d00000, 0x0000000087d00000, 0x0000000087e00000|  0%| F|  |TAMS 0x0000000087d00000, 0x0000000087d00000| Untracked 
| 126|0x0000000087e00000, 0x0000000087e00000, 0x0000000087f00000|  0%| F|  |TAMS 0x0000000087e00000, 0x0000000087e00000| Untracked 
| 127|0x0000000087f00000, 0x0000000087f00000, 0x0000000088000000|  0%| F|  |TAMS 0x0000000087f00000, 0x0000000087f00000| Untracked 
| 128|0x0000000088000000, 0x0000000088000000, 0x0000000088100000|  0%| F|  |TAMS 0x0000000088000000, 0x0000000088000000| Untracked 
| 129|0x0000000088100000, 0x0000000088100000, 0x0000000088200000|  0%| F|  |TAMS 0x0000000088100000, 0x0000000088100000| Untracked 
| 130|0x0000000088200000, 0x0000000088200000, 0x0000000088300000|  0%| F|  |TAMS 0x0000000088200000, 0x0000000088200000| Untracked 
| 131|0x0000000088300000, 0x0000000088300000, 0x0000000088400000|  0%| F|  |TAMS 0x0000000088300000, 0x0000000088300000| Untracked 
| 132|0x0000000088400000, 0x0000000088400000, 0x0000000088500000|  0%| F|  |TAMS 0x0000000088400000, 0x0000000088400000| Untracked 
| 133|0x0000000088500000, 0x0000000088500000, 0x0000000088600000|  0%| F|  |TAMS 0x0000000088500000, 0x0000000088500000| Untracked 
| 134|0x0000000088600000, 0x0000000088600000, 0x0000000088700000|  0%| F|  |TAMS 0x0000000088600000, 0x0000000088600000| Untracked 
| 135|0x0000000088700000, 0x0000000088700000, 0x0000000088800000|  0%| F|  |TAMS 0x0000000088700000, 0x0000000088700000| Untracked 
| 136|0x0000000088800000, 0x0000000088800000, 0x0000000088900000|  0%| F|  |TAMS 0x0000000088800000, 0x0000000088800000| Untracked 
| 137|0x0000000088900000, 0x0000000088900000, 0x0000000088a00000|  0%| F|  |TAMS 0x0000000088900000, 0x0000000088900000| Untracked 
| 138|0x0000000088a00000, 0x0000000088a00000, 0x0000000088b00000|  0%| F|  |TAMS 0x0000000088a00000, 0x0000000088a00000| Untracked 
| 139|0x0000000088b00000, 0x0000000088b00000, 0x0000000088c00000|  0%| F|  |TAMS 0x0000000088b00000, 0x0000000088b00000| Untracked 
| 140|0x0000000088c00000, 0x0000000088c00000, 0x0000000088d00000|  0%| F|  |TAMS 0x0000000088c00000, 0x0000000088c00000| Untracked 
| 141|0x0000000088d00000, 0x0000000088d00000, 0x0000000088e00000|  0%| F|  |TAMS 0x0000000088d00000, 0x0000000088d00000| Untracked 
| 142|0x0000000088e00000, 0x0000000088e00000, 0x0000000088f00000|  0%| F|  |TAMS 0x0000000088e00000, 0x0000000088e00000| Untracked 
| 143|0x0000000088f00000, 0x0000000088f00000, 0x0000000089000000|  0%| F|  |TAMS 0x0000000088f00000, 0x0000000088f00000| Untracked 
| 144|0x0000000089000000, 0x0000000089000000, 0x0000000089100000|  0%| F|  |TAMS 0x0000000089000000, 0x0000000089000000| Untracked 
| 145|0x0000000089100000, 0x0000000089100000, 0x0000000089200000|  0%| F|  |TAMS 0x0000000089100000, 0x0000000089100000| Untracked 
| 146|0x0000000089200000, 0x0000000089200000, 0x0000000089300000|  0%| F|  |TAMS 0x0000000089200000, 0x0000000089200000| Untracked 
| 147|0x0000000089300000, 0x0000000089300000, 0x0000000089400000|  0%| F|  |TAMS 0x0000000089300000, 0x0000000089300000| Untracked 
| 148|0x0000000089400000, 0x0000000089400000, 0x0000000089500000|  0%| F|  |TAMS 0x0000000089400000, 0x0000000089400000| Untracked 
| 149|0x0000000089500000, 0x0000000089500000, 0x0000000089600000|  0%| F|  |TAMS 0x0000000089500000, 0x0000000089500000| Untracked 
| 150|0x0000000089600000, 0x0000000089600000, 0x0000000089700000|  0%| F|  |TAMS 0x0000000089600000, 0x0000000089600000| Untracked 
| 151|0x0000000089700000, 0x0000000089700000, 0x0000000089800000|  0%| F|  |TAMS 0x0000000089700000, 0x0000000089700000| Untracked 
| 152|0x0000000089800000, 0x0000000089800000, 0x0000000089900000|  0%| F|  |TAMS 0x0000000089800000, 0x0000000089800000| Untracked 
| 153|0x0000000089900000, 0x0000000089900000, 0x0000000089a00000|  0%| F|  |TAMS 0x0000000089900000, 0x0000000089900000| Untracked 
| 154|0x0000000089a00000, 0x0000000089a00000, 0x0000000089b00000|  0%| F|  |TAMS 0x0000000089a00000, 0x0000000089a00000| Untracked 
| 155|0x0000000089b00000, 0x0000000089b00000, 0x0000000089c00000|  0%| F|  |TAMS 0x0000000089b00000, 0x0000000089b00000| Untracked 
| 156|0x0000000089c00000, 0x0000000089c00000, 0x0000000089d00000|  0%| F|  |TAMS 0x0000000089c00000, 0x0000000089c00000| Untracked 
| 157|0x0000000089d00000, 0x0000000089d00000, 0x0000000089e00000|  0%| F|  |TAMS 0x0000000089d00000, 0x0000000089d00000| Untracked 
| 158|0x0000000089e00000, 0x0000000089e00000, 0x0000000089f00000|  0%| F|  |TAMS 0x0000000089e00000, 0x0000000089e00000| Untracked 
| 159|0x0000000089f00000, 0x0000000089f00000, 0x000000008a000000|  0%| F|  |TAMS 0x0000000089f00000, 0x0000000089f00000| Untracked 
| 160|0x000000008a000000, 0x000000008a000000, 0x000000008a100000|  0%| F|  |TAMS 0x000000008a000000, 0x000000008a000000| Untracked 
| 161|0x000000008a100000, 0x000000008a100000, 0x000000008a200000|  0%| F|  |TAMS 0x000000008a100000, 0x000000008a100000| Untracked 
| 162|0x000000008a200000, 0x000000008a200000, 0x000000008a300000|  0%| F|  |TAMS 0x000000008a200000, 0x000000008a200000| Untracked 
| 163|0x000000008a300000, 0x000000008a300000, 0x000000008a400000|  0%| F|  |TAMS 0x000000008a300000, 0x000000008a300000| Untracked 
| 164|0x000000008a400000, 0x000000008a400000, 0x000000008a500000|  0%| F|  |TAMS 0x000000008a400000, 0x000000008a400000| Untracked 
| 165|0x000000008a500000, 0x000000008a500000, 0x000000008a600000|  0%| F|  |TAMS 0x000000008a500000, 0x000000008a500000| Untracked 
| 166|0x000000008a600000, 0x000000008a600000, 0x000000008a700000|  0%| F|  |TAMS 0x000000008a600000, 0x000000008a600000| Untracked 
| 167|0x000000008a700000, 0x000000008a700000, 0x000000008a800000|  0%| F|  |TAMS 0x000000008a700000, 0x000000008a700000| Untracked 
| 168|0x000000008a800000, 0x000000008a800000, 0x000000008a900000|  0%| F|  |TAMS 0x000000008a800000, 0x000000008a800000| Untracked 
| 169|0x000000008a900000, 0x000000008a900000, 0x000000008aa00000|  0%| F|  |TAMS 0x000000008a900000, 0x000000008a900000| Untracked 
| 170|0x000000008aa00000, 0x000000008aa00000, 0x000000008ab00000|  0%| F|  |TAMS 0x000000008aa00000, 0x000000008aa00000| Untracked 
| 171|0x000000008ab00000, 0x000000008ab00000, 0x000000008ac00000|  0%| F|  |TAMS 0x000000008ab00000, 0x000000008ab00000| Untracked 
| 172|0x000000008ac00000, 0x000000008ac00000, 0x000000008ad00000|  0%| F|  |TAMS 0x000000008ac00000, 0x000000008ac00000| Untracked 
| 173|0x000000008ad00000, 0x000000008ad00000, 0x000000008ae00000|  0%| F|  |TAMS 0x000000008ad00000, 0x000000008ad00000| Untracked 
| 174|0x000000008ae00000, 0x000000008ae00000, 0x000000008af00000|  0%| F|  |TAMS 0x000000008ae00000, 0x000000008ae00000| Untracked 
| 175|0x000000008af00000, 0x000000008af00000, 0x000000008b000000|  0%| F|  |TAMS 0x000000008af00000, 0x000000008af00000| Untracked 
| 176|0x000000008b000000, 0x000000008b000000, 0x000000008b100000|  0%| F|  |TAMS 0x000000008b000000, 0x000000008b000000| Untracked 
| 177|0x000000008b100000, 0x000000008b100000, 0x000000008b200000|  0%| F|  |TAMS 0x000000008b100000, 0x000000008b100000| Untracked 
| 178|0x000000008b200000, 0x000000008b200000, 0x000000008b300000|  0%| F|  |TAMS 0x000000008b200000, 0x000000008b200000| Untracked 
| 179|0x000000008b300000, 0x000000008b300000, 0x000000008b400000|  0%| F|  |TAMS 0x000000008b300000, 0x000000008b300000| Untracked 
| 180|0x000000008b400000, 0x000000008b400000, 0x000000008b500000|  0%| F|  |TAMS 0x000000008b400000, 0x000000008b400000| Untracked 
| 181|0x000000008b500000, 0x000000008b500000, 0x000000008b600000|  0%| F|  |TAMS 0x000000008b500000, 0x000000008b500000| Untracked 
| 182|0x000000008b600000, 0x000000008b600000, 0x000000008b700000|  0%| F|  |TAMS 0x000000008b600000, 0x000000008b600000| Untracked 
| 183|0x000000008b700000, 0x000000008b700000, 0x000000008b800000|  0%| F|  |TAMS 0x000000008b700000, 0x000000008b700000| Untracked 
| 184|0x000000008b800000, 0x000000008b800000, 0x000000008b900000|  0%| F|  |TAMS 0x000000008b800000, 0x000000008b800000| Untracked 

Card table byte_map: [0x00000024ec5e0000,0x00000024ec9e0000] _byte_map_base: 0x00000024ec1e0000

Marking Bits (Prev, Next): (CMBitMap*) 0x00000024d97379c8, (CMBitMap*) 0x00000024d9737a00
 Prev Bits: [0x00000024ecde0000, 0x00000024eede0000)
 Next Bits: [0x00000024eede0000, 0x00000024f0de0000)

Polling page: 0x00000024d7750000

Metaspace:

Usage:
  Non-class:     66.54 MB capacity,    65.55 MB ( 99%) used,   826.63 KB (  1%) free+waste,   187.63 KB ( <1%) overhead. 
      Class:     10.27 MB capacity,     9.68 MB ( 94%) used,   515.56 KB (  5%) free+waste,    86.00 KB ( <1%) overhead. 
       Both:     76.81 MB capacity,    75.24 MB ( 98%) used,     1.31 MB (  2%) free+waste,   273.63 KB ( <1%) overhead. 

Virtual space:
  Non-class space:       68.00 MB reserved,      66.59 MB ( 98%) committed 
      Class space:        1.00 GB reserved,      10.40 MB (  1%) committed 
             Both:        1.07 GB reserved,      76.98 MB (  7%) committed 

Chunk freelists:
   Non-Class:  43.00 KB
       Class:  11.00 KB
        Both:  54.00 KB

MaxMetaspaceSize: 17179869184.00 GB
CompressedClassSpaceSize: 1.00 GB
Initial GC threshold: 20.80 MB
Current GC threshold: 109.56 MB
CDS: off

CodeHeap 'non-profiled nmethods': size=120064Kb used=4716Kb max_used=4716Kb free=115347Kb
 bounds [0x00000024e4ca0000, 0x00000024e5140000, 0x00000024ec1e0000]
CodeHeap 'profiled nmethods': size=120000Kb used=16749Kb max_used=16749Kb free=103250Kb
 bounds [0x00000024dd770000, 0x00000024de7d0000, 0x00000024e4ca0000]
CodeHeap 'non-nmethods': size=5696Kb used=2352Kb max_used=2420Kb free=3343Kb
 bounds [0x00000024dd1e0000, 0x00000024dd450000, 0x00000024dd770000]
 total_blobs=8510 nmethods=7641 adapters=781
 compilation: enabled
              stopped_count=0, restarted_count=0
 full_count=0

Compilation events (20 events):
Event: 19.231 Thread 0x00000024f3608800 7683       3       java.util.HashMap::put (13 bytes)
Event: 19.232 Thread 0x00000024f3608800 nmethod 7683 0x00000024de7c3b90 code [0x00000024de7c3d60, 0x00000024de7c4058]
Event: 19.232 Thread 0x00000024f3608800 7684       3       java.util.HashMap::putVal (300 bytes)
Event: 19.234 Thread 0x00000024f3608800 nmethod 7684 0x00000024de7c4190 code [0x00000024de7c4460, 0x00000024de7c5598]
Event: 19.234 Thread 0x00000024f3608800 7685       3       java.util.HashMap::comparableClassFor (115 bytes)
Event: 19.236 Thread 0x00000024f3608800 nmethod 7685 0x00000024de7c5a90 code [0x00000024de7c5d20, 0x00000024de7c6a98]
Event: 19.236 Thread 0x00000024f408d000 nmethod 7257 0x00000024e5129390 code [0x00000024e5129fc0, 0x00000024e5135328]
Event: 19.238 Thread 0x00000024f408d000 7678       4       java.util.TreeMap::put (247 bytes)
Event: 19.241 Thread 0x00000024f3608800 7687       3       java.lang.reflect.Constructor::getTypeParameters (20 bytes)
Event: 19.243 Thread 0x00000024f3608800 nmethod 7687 0x00000024de7c6e10 code [0x00000024de7c70e0, 0x00000024de7c8338]
Event: 19.253 Thread 0x00000024f3608800 7688   !   3       jdk.internal.reflect.GeneratedConstructorAccessor4::newInstance (53 bytes)
Event: 19.254 Thread 0x00000024f3608800 nmethod 7688 0x00000024de7c8910 code [0x00000024de7c8b60, 0x00000024de7c93c8]
Event: 19.258 Thread 0x00000024f3608800 7689       3       java.util.HashMap$TreeNode::find (172 bytes)
Event: 19.259 Thread 0x00000024f3608800 nmethod 7689 0x00000024de7c9810 code [0x00000024de7c9a60, 0x00000024de7ca458]
Event: 19.259 Thread 0x00000024f3608800 7690       3       org.objectweb.asm.ClassWriter::<init> (7 bytes)
Event: 19.259 Thread 0x00000024f3608800 nmethod 7690 0x00000024de7ca790 code [0x00000024de7ca940, 0x00000024de7caa88]
Event: 19.259 Thread 0x00000024f3608800 7691       3       org.objectweb.asm.ClassWriter::<init> (68 bytes)
Event: 19.260 Thread 0x00000024f3608800 nmethod 7691 0x00000024de7cab10 code [0x00000024de7cad00, 0x00000024de7cb188]
Event: 19.260 Thread 0x00000024f3608800 7692       3       org.objectweb.asm.ClassWriter::visitEnd (1 bytes)
Event: 19.260 Thread 0x00000024f3608800 nmethod 7692 0x00000024de7cb310 code [0x00000024de7cb4c0, 0x00000024de7cb5b8]

GC Heap History (20 events):
Event: 3.526 GC heap after
{Heap after GC invocations=4 (full 0):
 garbage-first heap   total 131072K, used 17083K [0x0000000080000000, 0x0000000100000000)
  region size 1024K, 8 young (8192K), 8 survivors (8192K)
 Metaspace       used 19501K, capacity 19957K, committed 20224K, reserved 1067008K
  class space    used 2352K, capacity 2506K, committed 2560K, reserved 1048576K
}
Event: 3.706 GC heap before
{Heap before GC invocations=4 (full 0):
 garbage-first heap   total 131072K, used 28347K [0x0000000080000000, 0x0000000100000000)
  region size 1024K, 20 young (20480K), 8 survivors (8192K)
 Metaspace       used 20750K, capacity 21196K, committed 21296K, reserved 1069056K
  class space    used 2522K, capacity 2685K, committed 2688K, reserved 1048576K
}
Event: 3.717 GC heap after
{Heap after GC invocations=5 (full 0):
 garbage-first heap   total 157696K, used 17753K [0x0000000080000000, 0x0000000100000000)
  region size 1024K, 4 young (4096K), 4 survivors (4096K)
 Metaspace       used 20750K, capacity 21196K, committed 21296K, reserved 1069056K
  class space    used 2522K, capacity 2685K, committed 2688K, reserved 1048576K
}
Event: 5.216 GC heap before
{Heap before GC invocations=6 (full 0):
 garbage-first heap   total 157696K, used 87385K [0x0000000080000000, 0x0000000100000000)
  region size 1024K, 72 young (73728K), 4 survivors (4096K)
 Metaspace       used 27482K, capacity 28080K, committed 28284K, reserved 1073152K
  class space    used 3565K, capacity 3773K, committed 3788K, reserved 1048576K
}
Event: 5.226 GC heap after
{Heap after GC invocations=7 (full 0):
 garbage-first heap   total 157696K, used 20107K [0x0000000080000000, 0x0000000100000000)
  region size 1024K, 6 young (6144K), 6 survivors (6144K)
 Metaspace       used 27482K, capacity 28080K, committed 28284K, reserved 1073152K
  class space    used 3565K, capacity 3773K, committed 3788K, reserved 1048576K
}
Event: 6.417 GC heap before
{Heap before GC invocations=7 (full 0):
 garbage-first heap   total 157696K, used 65163K [0x0000000080000000, 0x0000000100000000)
  region size 1024K, 51 young (52224K), 6 survivors (6144K)
 Metaspace       used 35178K, capacity 35892K, committed 35964K, reserved 1081344K
  class space    used 4494K, capacity 4787K, committed 4812K, reserved 1048576K
}
Event: 6.437 GC heap after
{Heap after GC invocations=8 (full 0):
 garbage-first heap   total 157696K, used 23491K [0x0000000080000000, 0x0000000100000000)
  region size 1024K, 9 young (9216K), 9 survivors (9216K)
 Metaspace       used 35178K, capacity 35892K, committed 35964K, reserved 1081344K
  class space    used 4494K, capacity 4787K, committed 4812K, reserved 1048576K
}
Event: 8.270 GC heap before
{Heap before GC invocations=9 (full 0):
 garbage-first heap   total 157696K, used 107459K [0x0000000080000000, 0x0000000100000000)
  region size 1024K, 89 young (91136K), 9 survivors (9216K)
 Metaspace       used 41618K, capacity 42562K, committed 42748K, reserved 1087488K
  class space    used 5274K, capacity 5631K, committed 5708K, reserved 1048576K
}
Event: 8.296 GC heap after
{Heap after GC invocations=10 (full 0):
 garbage-first heap   total 157696K, used 30167K [0x0000000080000000, 0x0000000100000000)
  region size 1024K, 12 young (12288K), 12 survivors (12288K)
 Metaspace       used 41618K, capacity 42562K, committed 42748K, reserved 1087488K
  class space    used 5274K, capacity 5631K, committed 5708K, reserved 1048576K
}
Event: 10.111 GC heap before
{Heap before GC invocations=10 (full 0):
 garbage-first heap   total 157696K, used 113111K [0x0000000080000000, 0x0000000100000000)
  region size 1024K, 92 young (94208K), 12 survivors (12288K)
 Metaspace       used 47983K, capacity 49093K, committed 49148K, reserved 1091584K
  class space    used 6055K, capacity 6465K, committed 6476K, reserved 1048576K
}
Event: 10.140 GC heap after
{Heap after GC invocations=11 (full 0):
 garbage-first heap   total 189440K, used 32982K [0x0000000080000000, 0x0000000100000000)
  region size 1024K, 9 young (9216K), 9 survivors (9216K)
 Metaspace       used 47983K, capacity 49093K, committed 49148K, reserved 1091584K
  class space    used 6055K, capacity 6465K, committed 6476K, reserved 1048576K
}
Event: 12.384 GC heap before
{Heap before GC invocations=11 (full 0):
 garbage-first heap   total 189440K, used 139478K [0x0000000080000000, 0x0000000100000000)
  region size 1024K, 105 young (107520K), 9 survivors (9216K)
 Metaspace       used 57061K, capacity 58425K, committed 58620K, reserved 1099776K
  class space    used 7149K, capacity 7658K, committed 7756K, reserved 1048576K
}
Event: 12.410 GC heap after
{Heap after GC invocations=12 (full 0):
 garbage-first heap   total 189440K, used 50874K [0x0000000080000000, 0x0000000100000000)
  region size 1024K, 13 young (13312K), 13 survivors (13312K)
 Metaspace       used 57061K, capacity 58425K, committed 58620K, reserved 1099776K
  class space    used 7149K, capacity 7658K, committed 7756K, reserved 1048576K
}
Event: 12.852 GC heap before
{Heap before GC invocations=12 (full 0):
 garbage-first heap   total 189440K, used 63162K [0x0000000080000000, 0x0000000100000000)
  region size 1024K, 26 young (26624K), 13 survivors (13312K)
 Metaspace       used 59092K, capacity 60443K, committed 60580K, reserved 1101824K
  class space    used 7431K, capacity 7970K, committed 8012K, reserved 1048576K
}
Event: 12.877 GC heap after
{Heap after GC invocations=13 (full 0):
 garbage-first heap   total 189440K, used 52118K [0x0000000080000000, 0x0000000100000000)
  region size 1024K, 2 young (2048K), 2 survivors (2048K)
 Metaspace       used 59092K, capacity 60443K, committed 60580K, reserved 1101824K
  class space    used 7431K, capacity 7970K, committed 8012K, reserved 1048576K
}
Event: 15.338 GC heap before
{Heap before GC invocations=14 (full 0):
 garbage-first heap   total 189440K, used 140182K [0x0000000080000000, 0x0000000100000000)
  region size 1024K, 81 young (82944K), 2 survivors (2048K)
 Metaspace       used 65226K, capacity 66642K, committed 66800K, reserved 1107968K
  class space    used 8206K, capacity 8762K, committed 8856K, reserved 1048576K
}
Event: 15.358 GC heap after
{Heap after GC invocations=15 (full 0):
 garbage-first heap   total 189440K, used 57484K [0x0000000080000000, 0x0000000100000000)
  region size 1024K, 8 young (8192K), 8 survivors (8192K)
 Metaspace       used 65226K, capacity 66642K, committed 66800K, reserved 1107968K
  class space    used 8206K, capacity 8762K, committed 8856K, reserved 1048576K
}
Event: 17.000 GC heap before
{Heap before GC invocations=16 (full 0):
 garbage-first heap   total 189440K, used 137356K [0x0000000080000000, 0x0000000100000000)
  region size 1024K, 86 young (88064K), 8 survivors (8192K)
 Metaspace       used 69328K, capacity 70732K, committed 70896K, reserved 1112064K
  class space    used 8701K, capacity 9266K, committed 9368K, reserved 1048576K
}
Event: 17.034 GC heap after
{Heap after GC invocations=17 (full 0):
 garbage-first heap   total 189440K, used 63317K [0x0000000080000000, 0x0000000100000000)
  region size 1024K, 6 young (6144K), 6 survivors (6144K)
 Metaspace       used 69328K, capacity 70732K, committed 70896K, reserved 1112064K
  class space    used 8701K, capacity 9266K, committed 9368K, reserved 1048576K
}
Event: 19.271 GC heap before
{Heap before GC invocations=17 (full 0):
 garbage-first heap   total 189440K, used 142165K [0x0000000080000000, 0x0000000100000000)
  region size 1024K, 83 young (84992K), 6 survivors (6144K)
 Metaspace       used 77042K, capacity 78658K, committed 78832K, reserved 1118208K
  class space    used 9915K, capacity 10517K, committed 10648K, reserved 1048576K
}

Deoptimization events (20 events):
Event: 18.889 Thread 0x00000024f5ad7000 Uncommon trap: trap_request=0xffffff4d fr.pc=0x00000024e4f9fa6c relative=0x00000000000001ac
Event: 18.889 Thread 0x00000024f5ad7000 Uncommon trap: reason=unstable_if action=reinterpret pc=0x00000024e4f9fa6c method=java.util.HashMap.getNode(ILjava/lang/Object;)Ljava/util/HashMap$Node; @ 84 c2
Event: 18.889 Thread 0x00000024f5ad7000 DEOPT PACKING pc=0x00000024e4f9fa6c sp=0x00000024f90a8f30
Event: 18.889 Thread 0x00000024f5ad7000 DEOPT UNPACKING pc=0x00000024dd22a1af sp=0x00000024f90a8eb8 mode 2
Event: 19.050 Thread 0x00000024f5ad7000 DEOPT PACKING pc=0x00000024de6352e7 sp=0x00000024f90a93c0
Event: 19.050 Thread 0x00000024f5ad7000 DEOPT UNPACKING pc=0x00000024dd22a95e sp=0x00000024f90a8908 mode 0
Event: 19.186 Thread 0x00000024f5ad7000 DEOPT PACKING pc=0x00000024de444da7 sp=0x00000024f90a7710
Event: 19.186 Thread 0x00000024f5ad7000 DEOPT UNPACKING pc=0x00000024dd22a95e sp=0x00000024f90a6ba0 mode 0
Event: 19.192 Thread 0x00000024f5ad7000 DEOPT PACKING pc=0x00000024de38075e sp=0x00000024f90a79d0
Event: 19.192 Thread 0x00000024f5ad7000 DEOPT UNPACKING pc=0x00000024dd22a95e sp=0x00000024f90a6f70 mode 0
Event: 19.231 Thread 0x00000024f5ad7000 Uncommon trap: trap_request=0xffffff4d fr.pc=0x00000024e4f2d27c relative=0x00000000000006fc
Event: 19.231 Thread 0x00000024f5ad7000 Uncommon trap: reason=unstable_if action=reinterpret pc=0x00000024e4f2d27c method=java.util.HashMap.putVal(ILjava/lang/Object;Ljava/lang/Object;ZZ)Ljava/lang/Object; @ 109 c2
Event: 19.231 Thread 0x00000024f5ad7000 DEOPT PACKING pc=0x00000024e4f2d27c sp=0x00000024f90a7730
Event: 19.231 Thread 0x00000024f5ad7000 DEOPT UNPACKING pc=0x00000024dd22a1af sp=0x00000024f90a7648 mode 2
Event: 19.231 Thread 0x00000024f5ad7000 Uncommon trap: trap_request=0xffffff4d fr.pc=0x00000024e4e2a3ec relative=0x000000000000066c
Event: 19.231 Thread 0x00000024f5ad7000 Uncommon trap: reason=unstable_if action=reinterpret pc=0x00000024e4e2a3ec method=java.util.HashMap.putVal(ILjava/lang/Object;Ljava/lang/Object;ZZ)Ljava/lang/Object; @ 109 c2
Event: 19.231 Thread 0x00000024f5ad7000 DEOPT PACKING pc=0x00000024e4e2a3ec sp=0x00000024f90a7680
Event: 19.231 Thread 0x00000024f5ad7000 DEOPT UNPACKING pc=0x00000024dd22a1af sp=0x00000024f90a7638 mode 2
Event: 19.238 Thread 0x00000024f5ad7000 DEOPT PACKING pc=0x00000024de38075e sp=0x00000024f90a79d0
Event: 19.238 Thread 0x00000024f5ad7000 DEOPT UNPACKING pc=0x00000024dd22a95e sp=0x00000024f90a6f70 mode 0

Classes redefined (0 events):
No events

Internal exceptions (20 events):
Event: 16.520 Thread 0x00000024f5ad7000 Exception <a 'java/lang/ClassNotFoundException'{0x000000008795f6b0}: com/android/build/gradle/internal/dsl/BuildFeaturesImplCustomizer> (0x000000008795f6b0) thrown at [./src/hotspot/share/classfile/systemDictionary.cpp, line 231]
Event: 16.522 Thread 0x00000024f5ad7000 Exception <a 'java/lang/ClassNotFoundException'{0x000000008798bfe0}: com/android/build/gradle/internal/dsl/ApplicationBuildFeaturesImplCustomizer> (0x000000008798bfe0) thrown at [./src/hotspot/share/classfile/systemDictionary.cpp, line 231]
Event: 16.524 Thread 0x00000024f5ad7000 Exception <a 'java/lang/ClassNotFoundException'{0x00000000879b4e98}: com/android/build/gradle/internal/dsl/ApplicationBuildFeaturesImpl_DecoratedCustomizer> (0x00000000879b4e98) thrown at [./src/hotspot/share/classfile/systemDictionary.cpp, line 231]
Event: 16.535 Thread 0x00000024f5ad7000 Exception <a 'java/lang/ClassNotFoundException'{0x0000000087893a60}: org/gradle/api/internal/artifacts/dsl/dependencies/DefaultDependencyHandler_DecoratedBeanInfo> (0x0000000087893a60) thrown at [./src/hotspot/share/classfile/systemDictionary.cpp, line 231]
Event: 16.537 Thread 0x00000024f5ad7000 Exception <a 'java/lang/ClassNotFoundException'{0x00000000878e5790}: org/gradle/api/internal/artifacts/dsl/dependencies/DefaultDependencyHandlerBeanInfo> (0x00000000878e5790) thrown at [./src/hotspot/share/classfile/systemDictionary.cpp, line 231]
Event: 16.538 Thread 0x00000024f5ad7000 Exception <a 'java/lang/ClassNotFoundException'{0x0000000087737c18}: org/gradle/api/internal/artifacts/dsl/dependencies/DefaultDependencyHandlerCustomizer> (0x0000000087737c18) thrown at [./src/hotspot/share/classfile/systemDictionary.cpp, line 231]
Event: 16.541 Thread 0x00000024f5ad7000 Exception <a 'java/lang/ClassNotFoundException'{0x00000000877b4190}: org/gradle/api/internal/artifacts/dsl/dependencies/DefaultDependencyHandler_DecoratedCustomizer> (0x00000000877b4190) thrown at [./src/hotspot/share/classfile/systemDictionary.cpp, line 231]
Event: 18.055 Thread 0x00000024f5ad7000 Exception <a 'java/lang/ClassNotFoundException'{0x0000000089429818}: com/android/build/gradle/internal/api/ApkVariantOutputImpl_DecoratedBeanInfo> (0x0000000089429818) thrown at [./src/hotspot/share/classfile/systemDictionary.cpp, line 231]
Event: 18.056 Thread 0x00000024f5ad7000 Exception <a 'java/lang/ClassNotFoundException'{0x0000000089447308}: com/android/build/gradle/internal/api/ApkVariantOutputImplBeanInfo> (0x0000000089447308) thrown at [./src/hotspot/share/classfile/systemDictionary.cpp, line 231]
Event: 18.057 Thread 0x00000024f5ad7000 Exception <a 'java/lang/ClassNotFoundException'{0x00000000894656b8}: com/android/build/gradle/internal/api/BaseVariantOutputImplBeanInfo> (0x00000000894656b8) thrown at [./src/hotspot/share/classfile/systemDictionary.cpp, line 231]
Event: 18.058 Thread 0x00000024f5ad7000 Exception <a 'java/lang/ClassNotFoundException'{0x0000000089483d68}: com/android/build/gradle/internal/api/BaseVariantOutputImplCustomizer> (0x0000000089483d68) thrown at [./src/hotspot/share/classfile/systemDictionary.cpp, line 231]
Event: 18.061 Thread 0x00000024f5ad7000 Exception <a 'java/lang/ClassNotFoundException'{0x00000000894b5038}: com/android/build/gradle/internal/api/ApkVariantOutputImplCustomizer> (0x00000000894b5038) thrown at [./src/hotspot/share/classfile/systemDictionary.cpp, line 231]
Event: 18.064 Thread 0x00000024f5ad7000 Exception <a 'java/lang/ClassNotFoundException'{0x00000000894e23c8}: com/android/build/gradle/internal/api/ApkVariantOutputImpl_DecoratedCustomizer> (0x00000000894e23c8) thrown at [./src/hotspot/share/classfile/systemDictionary.cpp, line 231]
Event: 18.125 Thread 0x00000024f5ad7000 Exception <a 'java/lang/ClassNotFoundException'{0x0000000089194a08}: com/android/build/gradle/internal/api/ReadOnlyBuildTypeBeanInfo> (0x0000000089194a08) thrown at [./src/hotspot/share/classfile/systemDictionary.cpp, line 231]
Event: 18.125 Thread 0x00000024f5ad7000 Exception <a 'java/lang/ClassNotFoundException'{0x00000000891b2e58}: com/android/build/gradle/internal/api/ReadOnlyBaseConfigBeanInfo> (0x00000000891b2e58) thrown at [./src/hotspot/share/classfile/systemDictionary.cpp, line 231]
Event: 18.126 Thread 0x00000024f5ad7000 Exception <a 'java/lang/ClassNotFoundException'{0x00000000891d1900}: com/android/build/gradle/internal/api/ReadOnlyBaseConfigCustomizer> (0x00000000891d1900) thrown at [./src/hotspot/share/classfile/systemDictionary.cpp, line 231]
Event: 18.128 Thread 0x00000024f5ad7000 Exception <a 'java/lang/ClassNotFoundException'{0x00000000891ff4a0}: com/android/build/gradle/internal/api/ReadOnlyBuildTypeCustomizer> (0x00000000891ff4a0) thrown at [./src/hotspot/share/classfile/systemDictionary.cpp, line 231]
Event: 18.576 Thread 0x00000024f5ad7000 Implicit null exception at 0x00000024e4f1f031 to 0x00000024e4f1f6dd
Event: 18.577 Thread 0x00000024f5ad7000 Implicit null exception at 0x00000024e4f1e196 to 0x00000024e4f1e810
Event: 19.269 Thread 0x00000024f5ad7000 Exception <a 'java/lang/NoSuchMethodError'{0x0000000086cf1870}: 'java.lang.Object java.lang.invoke.Invokers$Holder.linkToTargetMethod(java.lang.Object, int, java.lang.Object)'> (0x0000000086cf1870) thrown at [./src/hotspot/share/interpreter/linkResolver.cpp, line 773]

Events (20 events):
Event: 19.267 loading class org/gradle/api/internal/file/copy/CopySpecInternal$CopySpecAddress done
Event: 19.268 loading class org/gradle/api/internal/file/copy/CopySpecInternal$CopySpecAddress
Event: 19.268 loading class org/gradle/api/internal/file/copy/CopySpecInternal$CopySpecAddress done
Event: 19.268 loading class org/gradle/api/internal/file/copy/DefaultCopySpec
Event: 19.268 loading class org/gradle/api/internal/file/copy/DefaultCopySpec done
Event: 19.269 Executing VM operation: RevokeBias
Event: 19.269 Executing VM operation: RevokeBias done
Event: 19.269 loading class org/gradle/api/internal/file/copy/DefaultCopySpec$DefaultCopySpecAddress
Event: 19.269 loading class org/gradle/api/internal/file/copy/DefaultCopySpec$DefaultCopySpecAddress done
Event: 19.270 loading class org/gradle/api/internal/file/copy/CopySpecInternal$CopySpecAddress
Event: 19.270 loading class org/gradle/api/internal/file/copy/CopySpecInternal$CopySpecAddress done
Event: 19.270 loading class org/gradle/api/internal/file/copy/DefaultCopySpec
Event: 19.270 loading class org/gradle/api/internal/file/copy/DefaultCopySpec done
Event: 19.271 loading class org/gradle/api/file/FileTree
Event: 19.271 loading class org/gradle/api/file/FileTree done
Event: 19.271 loading class org/gradle/api/file/FileTree
Event: 19.271 loading class org/gradle/api/file/FileTree done
Event: 19.271 loading class org/gradle/api/internal/file/copy/CopySpecResolver
Event: 19.271 loading class org/gradle/api/internal/file/copy/CopySpecResolver done
Event: 19.271 Executing VM operation: G1CollectForAllocation


Dynamic libraries:
0x00007ff714a20000 - 0x00007ff714a2a000 	C:\Program Files\Android\Android Studio\jre\bin\java.exe
0x00007ffb21010000 - 0x00007ffb211bd000 	C:\Windows\SYSTEM32\ntdll.dll
0x00007ffb204e0000 - 0x00007ffb2061f000 	C:\Windows\system32\KERNEL32.DLL
0x00007ffb1e440000 - 0x00007ffb1e555000 	C:\Windows\system32\KERNELBASE.dll
0x00007ffb1aef0000 - 0x00007ffb1af09000 	C:\Program Files\Android\Android Studio\jre\bin\jli.dll
0x00007ffb16c60000 - 0x00007ffb16c77000 	C:\Program Files\Android\Android Studio\jre\bin\VCRUNTIME140.dll
0x00007ffb16c50000 - 0x00007ffb16c54000 	C:\Windows\SYSTEM32\api-ms-win-crt-stdio-l1-1-0.dll
0x00007ffb169c0000 - 0x00007ffb169c4000 	C:\Windows\SYSTEM32\api-ms-win-crt-runtime-l1-1-0.dll
0x00007ffb10390000 - 0x00007ffb10393000 	C:\Windows\SYSTEM32\api-ms-win-crt-environment-l1-1-0.dll
0x00007ffb10370000 - 0x00007ffb10375000 	C:\Windows\SYSTEM32\api-ms-win-crt-math-l1-1-0.dll
0x00007ffafeb30000 - 0x00007ffafeb33000 	C:\Windows\SYSTEM32\api-ms-win-crt-locale-l1-1-0.dll
0x00007ffb10340000 - 0x00007ffb10343000 	C:\Windows\SYSTEM32\api-ms-win-crt-heap-l1-1-0.dll
0x00007ffb1b990000 - 0x00007ffb1bc0b000 	C:\Windows\WinSxS\amd64_microsoft.windows.common-controls_6595b64144ccf1df_6.0.9600.19394_none_62486577ecb635cf\COMCTL32.dll
0x00007ffb1e740000 - 0x00007ffb1e8b7000 	C:\Windows\system32\USER32.dll
0x00007ffb10360000 - 0x00007ffb10363000 	C:\Windows\SYSTEM32\api-ms-win-crt-filesystem-l1-1-0.dll
0x00007ffb16c40000 - 0x00007ffb16c44000 	C:\Windows\SYSTEM32\api-ms-win-crt-string-l1-1-0.dll
0x00007ffb103a0000 - 0x00007ffb103a4000 	C:\Windows\SYSTEM32\api-ms-win-crt-convert-l1-1-0.dll
0x00007ffb20f00000 - 0x00007ffb20faa000 	C:\Windows\system32\msvcrt.dll
0x00007ffb20210000 - 0x00007ffb2035e000 	C:\Windows\system32\GDI32.dll
0x00007ffb0fe50000 - 0x00007ffb0ff44000 	C:\Windows\SYSTEM32\ucrtbase.DLL
0x00007ffb1e6f0000 - 0x00007ffb1e726000 	C:\Windows\system32\IMM32.DLL
0x00007ffb20360000 - 0x00007ffb204b1000 	C:\Windows\system32\MSCTF.dll
0x00007ffafeb40000 - 0x00007ffafebdd000 	C:\Program Files\Android\Android Studio\jre\bin\msvcp140.dll
0x00007ffafeb20000 - 0x00007ffafeb25000 	C:\Windows\SYSTEM32\api-ms-win-crt-multibyte-l1-1-0.dll
0x00007ffb10350000 - 0x00007ffb10353000 	C:\Windows\SYSTEM32\api-ms-win-crt-time-l1-1-0.dll
0x00007ffb10380000 - 0x00007ffb10383000 	C:\Windows\SYSTEM32\api-ms-win-crt-utility-l1-1-0.dll
0x00007ffafbd30000 - 0x00007ffafc832000 	C:\Program Files\Android\Android Studio\jre\bin\server\jvm.dll
0x00007ffb20d90000 - 0x00007ffb20e3d000 	C:\Windows\system32\ADVAPI32.dll
0x00007ffb1ac10000 - 0x00007ffb1ac19000 	C:\Windows\SYSTEM32\WSOCK32.dll
0x00007ffb14a70000 - 0x00007ffb14a92000 	C:\Windows\SYSTEM32\WINMM.dll
0x00007ffb169d0000 - 0x00007ffb169da000 	C:\Windows\SYSTEM32\VERSION.dll
0x00007ffb20190000 - 0x00007ffb20197000 	C:\Windows\system32\PSAPI.DLL
0x00007ffb1e690000 - 0x00007ffb1e6eb000 	C:\Windows\SYSTEM32\sechost.dll
0x00007ffb20ab0000 - 0x00007ffb20be5000 	C:\Windows\system32\RPCRT4.dll
0x00007ffb20fb0000 - 0x00007ffb2100a000 	C:\Windows\system32\WS2_32.dll
0x00007ffb14a40000 - 0x00007ffb14a6a000 	C:\Windows\SYSTEM32\WINMMBASE.dll
0x00007ffb1e560000 - 0x00007ffb1e58e000 	C:\Windows\system32\SspiCli.dll
0x00007ffb204c0000 - 0x00007ffb204c9000 	C:\Windows\system32\NSI.dll
0x00007ffb1e640000 - 0x00007ffb1e68f000 	C:\Windows\SYSTEM32\cfgmgr32.dll
0x00007ffb1cee0000 - 0x00007ffb1cf08000 	C:\Windows\SYSTEM32\DEVOBJ.dll
0x00007ffb0fe30000 - 0x00007ffb0fe41000 	C:\Program Files\Android\Android Studio\jre\bin\verify.dll
0x00007ffb101a0000 - 0x00007ffb1032a000 	C:\Windows\SYSTEM32\DBGHELP.DLL
0x00007ffafece0000 - 0x00007ffafed09000 	C:\Program Files\Android\Android Studio\jre\bin\java.dll
0x00007ffb10330000 - 0x00007ffb1033b000 	C:\Program Files\Android\Android Studio\jre\bin\jimage.dll
0x00007ffafecc0000 - 0x00007ffafecd8000 	C:\Program Files\Android\Android Studio\jre\bin\zip.dll
0x00007ffb1e8c0000 - 0x00007ffb1fdec000 	C:\Windows\system32\SHELL32.dll
0x00007ffb20680000 - 0x00007ffb20892000 	C:\Windows\SYSTEM32\combase.dll
0x00007ffb20620000 - 0x00007ffb20674000 	C:\Windows\system32\SHLWAPI.dll
0x00007ffb1c180000 - 0x00007ffb1c232000 	C:\Windows\SYSTEM32\SHCORE.dll
0x00007ffb1e0b0000 - 0x00007ffb1e0c5000 	C:\Windows\SYSTEM32\profapi.dll
0x00007ffafeca0000 - 0x00007ffafecba000 	C:\Program Files\Android\Android Studio\jre\bin\net.dll
0x00007ffb16fa0000 - 0x00007ffb17069000 	C:\Windows\SYSTEM32\WINHTTP.dll
0x00007ffb1d8f0000 - 0x00007ffb1d949000 	C:\Windows\system32\mswsock.dll
0x00007ffafec80000 - 0x00007ffafec94000 	C:\Program Files\Android\Android Studio\jre\bin\nio.dll
0x00007ffafa640000 - 0x00007ffafa667000 	C:\Users\Nadezhda S\.gradle\native\e1d6ef7f7dcc3fd88c89a11ec53ec762bb8ba0a96d01ffa2cd45eb1d1d8dd5c5\windows-amd64\native-platform.dll
0x00007ffafec70000 - 0x00007ffafec7a000 	C:\Program Files\Android\Android Studio\jre\bin\management.dll
0x00007ffafec60000 - 0x00007ffafec6d000 	C:\Program Files\Android\Android Studio\jre\bin\management_ext.dll
0x00007ffb1d950000 - 0x00007ffb1d970000 	C:\Windows\SYSTEM32\CRYPTSP.dll
0x00007ffb1d570000 - 0x00007ffb1d5a6000 	C:\Windows\system32\rsaenh.dll
0x00007ffb1db90000 - 0x00007ffb1dbb6000 	C:\Windows\SYSTEM32\bcrypt.dll
0x00007ffb1d680000 - 0x00007ffb1d6a1000 	C:\Windows\SYSTEM32\USERENV.dll
0x00007ffb1deb0000 - 0x00007ffb1df13000 	C:\Windows\system32\bcryptprimitives.dll
0x00007ffb1df20000 - 0x00007ffb1df2b000 	C:\Windows\SYSTEM32\CRYPTBASE.dll
0x00007ffb1ae30000 - 0x00007ffb1ae5a000 	C:\Windows\SYSTEM32\IPHLPAPI.DLL
0x00007ffb1ac00000 - 0x00007ffb1ac0a000 	C:\Windows\SYSTEM32\WINNSI.DLL
0x00007ffb1a7a0000 - 0x00007ffb1a7b6000 	C:\Windows\SYSTEM32\dhcpcsvc6.DLL
0x00007ffb1a7c0000 - 0x00007ffb1a7da000 	C:\Windows\SYSTEM32\dhcpcsvc.DLL

dbghelp: loaded successfully - version: 4.0.5 - missing functions: none
symbol engine: initialized successfully - sym options: 0x614 - pdb path: .;C:\Program Files\Android\Android Studio\jre\bin;C:\Windows\SYSTEM32;C:\Windows\WinSxS\amd64_microsoft.windows.common-controls_6595b64144ccf1df_6.0.9600.19394_none_62486577ecb635cf;C:\Program Files\Android\Android Studio\jre\bin\server;C:\Users\Nadezhda S\.gradle\native\e1d6ef7f7dcc3fd88c89a11ec53ec762bb8ba0a96d01ffa2cd45eb1d1d8dd5c5\windows-amd64

VM Arguments:
jvm_args: --add-opens=java.base/java.util=ALL-UNNAMED --add-opens=java.base/java.lang=ALL-UNNAMED --add-opens=java.base/java.lang.invoke=ALL-UNNAMED --add-opens=java.base/java.util=ALL-UNNAMED --add-opens=java.prefs/java.util.prefs=ALL-UNNAMED --add-opens=java.prefs/java.util.prefs=ALL-UNNAMED --add-opens=java.base/java.nio.charset=ALL-UNNAMED --add-opens=java.base/java.net=ALL-UNNAMED --add-opens=java.base/java.util.concurrent.atomic=ALL-UNNAMED -Xmx2048m -Dfile.encoding=UTF-8 -Duser.country=RU -Duser.language=ru -Duser.variant 
java_command: org.gradle.launcher.daemon.bootstrap.GradleDaemon 7.4
java_class_path (initial): C:\Users\Nadezhda S\.gradle\wrapper\dists\gradle-7.4-bin\c0gwcg53nkjbqw7r0h0umtfvt\gradle-7.4\lib\gradle-launcher-7.4.jar
Launcher Type: SUN_STANDARD

[Global flags]
     intx CICompilerCount                          = 3                                         {product} {ergonomic}
     uint ConcGCThreads                            = 1                                         {product} {ergonomic}
     uint G1ConcRefinementThreads                  = 4                                         {product} {ergonomic}
   size_t G1HeapRegionSize                         = 1048576                                   {product} {ergonomic}
    uintx GCDrainStackTargetSize                   = 64                                        {product} {ergonomic}
   size_t InitialHeapSize                          = 134217728                                 {product} {ergonomic}
   size_t MarkStackSize                            = 4194304                                   {product} {ergonomic}
   size_t MaxHeapSize                              = 2147483648                                {product} {command line}
   size_t MaxNewSize                               = 1287651328                                {product} {ergonomic}
   size_t MinHeapDeltaBytes                        = 1048576                                   {product} {ergonomic}
    uintx NonNMethodCodeHeapSize                   = 5830732                                {pd product} {ergonomic}
    uintx NonProfiledCodeHeapSize                  = 122913754                              {pd product} {ergonomic}
    uintx ProfiledCodeHeapSize                     = 122913754                              {pd product} {ergonomic}
    uintx ReservedCodeCacheSize                    = 251658240                              {pd product} {ergonomic}
     bool SegmentedCodeCache                       = true                                      {product} {ergonomic}
     bool UseCompressedClassPointers               = true                                 {lp64_product} {ergonomic}
     bool UseCompressedOops                        = true                                 {lp64_product} {ergonomic}
     bool UseG1GC                                  = true                                      {product} {ergonomic}
     bool UseLargePagesIndividualAllocation        = false                                  {pd product} {ergonomic}

Logging:
Log output configuration:
 #0: stdout all=warning uptime,level,tags
 #1: stderr all=off uptime,level,tags

Environment Variables:
PATH=C:\Windows\system32;C:\Windows;C:\Windows\System32\Wbem;C:\Windows\System32\WindowsPowerShell\v1.0\;C:\Program Files\Git\cmd
USERNAME=Nadezhda S
OS=Windows_NT
PROCESSOR_IDENTIFIER=Intel64 Family 6 Model 42 Stepping 7, GenuineIntel



---------------  S Y S T E M  ---------------

OS: Windows 8.1 , 64 bit Build 9600 (6.3.9600.20389)
OS uptime: 0 days 0:42 hours

CPU:total 4 (initial active 4) (2 cores per cpu, 2 threads per core) family 6 model 42 stepping 7 microcode 0x28, cmov, cx8, fxsr, mmx, sse, sse2, sse3, ssse3, sse4.1, sse4.2, popcnt, avx, aes, clmul, ht, tsc, tscinvbit

Memory: 4k page, system-wide physical 8105M (1250M free)
TotalPageFile size 8105M (AvailPageFile size 26M)
current process WorkingSet (physical memory assigned to process): 418M, peak: 426M
current process commit charge ("private bytes"): 449M, peak: 486M

vm_info: OpenJDK 64-Bit Server VM (11.0.13+0-b1751.21-8125866) for windows-amd64 JRE (11.0.13+0-b1751.21-8125866), built on Feb  2 2022 03:00:22 by "builder" with MS VC++ 14.0 (VS2015)

END.
