#
# There is insufficient memory for the Java Runtime Environment to continue.
# Native memory allocation (mmap) failed to map 178257920 bytes for Failed to commit area from 0x0000000091500000 to 0x000000009bf00000 of length 178257920.
# Possible reasons:
#   The system is out of physical RAM or swap space
#   The process is running with CompressedOops enabled, and the Java Heap may be blocking the growth of the native heap
# Possible solutions:
#   Reduce memory load on the system
#   Increase physical memory or swap space
#   Check if swap backing store is full
#   Decrease Java heap size (-Xmx/-Xms)
#   Decrease number of Java threads
#   Decrease Java thread stack sizes (-Xss)
#   Set larger code cache with -XX:ReservedCodeCacheSize=
#   JVM is running with Unscaled Compressed Oops mode in which the Java heap is
#     placed in the first 4GB address space. The Java Heap base address is the
#     maximum limit for the native heap growth. Please use -XX:HeapBaseMinAddress
#     to set the Java Heap base and to place the Java Heap above 4GB virtual address.
# This output file may be truncated or incomplete.
#
#  Out of Memory Error (./src/hotspot/os/windows/os_windows.cpp:3619), pid=3720, tid=376
#
# JRE version: OpenJDK Runtime Environment (11.0.13) (build 11.0.13+0-b1751.21-8125866)
# Java VM: OpenJDK 64-Bit Server VM (11.0.13+0-b1751.21-8125866, mixed mode, tiered, compressed oops, g1 gc, windows-amd64)
# No core dump will be written. Minidumps are not enabled by default on client versions of Windows
#

---------------  S U M M A R Y ------------

Command Line: --add-opens=java.base/java.util=ALL-UNNAMED --add-opens=java.base/java.lang=ALL-UNNAMED --add-opens=java.base/java.lang.invoke=ALL-UNNAMED --add-opens=java.base/java.util=ALL-UNNAMED --add-opens=java.prefs/java.util.prefs=ALL-UNNAMED --add-opens=java.prefs/java.util.prefs=ALL-UNNAMED --add-opens=java.base/java.nio.charset=ALL-UNNAMED --add-opens=java.base/java.net=ALL-UNNAMED --add-opens=java.base/java.util.concurrent.atomic=ALL-UNNAMED -Xmx2048m -Dfile.encoding=UTF-8 -Duser.country=RU -Duser.language=ru -Duser.variant org.gradle.launcher.daemon.bootstrap.GradleDaemon 7.4

Host: Intel(R) Core(TM) i5-2450M CPU @ 2.50GHz, 4 cores, 7G,  Windows 8.1 , 64 bit Build 9600 (6.3.9600.20389)
Time: Sun Nov 13 00:27:04 2022 RTZ 4 (ceia) elapsed time: 859.625659 seconds (0d 0h 14m 19s)

---------------  T H R E A D  ---------------

Current thread (0x0000005150f1c800):  VMThread "VM Thread" [stack: 0x0000005151d20000,0x0000005151e20000] [id=376]

Stack: [0x0000005151d20000,0x0000005151e20000]
[error occurred during error reporting (printing stack bounds), id 0xc0000005, EXCEPTION_ACCESS_VIOLATION (0xc0000005) at pc=0x000000513aae112d]

Native frames: (J=compiled Java code, j=interpreted, Vv=VM code, C=native code)
V  [jvm.dll+0x6100fa]
V  [jvm.dll+0x747090]
V  [jvm.dll+0x7486ad]
V  [jvm.dll+0x748ce5]
V  [jvm.dll+0x748c9b]
V  [jvm.dll+0x60f224]
V  [jvm.dll+0x60f9b8]
C  [ntdll.dll+0x92f3d]
C  [ntdll.dll+0x54557]
C  [ntdll.dll+0x920ca]
C  0x000000513aae112d

VM_Operation (0x0000005162e78e40): G1CollectForAllocation, mode: safepoint, requested by thread 0x00000051586a9000


---------------  P R O C E S S  ---------------

Threads class SMR info:
_java_thread_list=0x000000515ac837d0, length=91, elements={
0x0000005136ff5800, 0x000000515194e800, 0x0000005151958000, 0x0000005151969800,
0x000000515196c000, 0x000000515196d000, 0x00000051519b6000, 0x00000051519c1800,
0x00000051519c4000, 0x0000005151b37000, 0x0000005151d1d800, 0x000000515485e000,
0x0000005154d8a800, 0x0000005155079800, 0x0000005155079000, 0x0000005155077000,
0x000000515507e000, 0x000000515507c000, 0x00000051598cc800, 0x00000051598cd800,
0x00000051598cb000, 0x00000051587d6800, 0x0000005152bbc000, 0x0000005152bc3800,
0x00000051587ca000, 0x00000051587c8000, 0x00000051587c8800, 0x00000051587cb000,
0x00000051587cc000, 0x00000051587c9800, 0x00000051587cd800, 0x00000051587ce800,
0x00000051587cf000, 0x00000051587cc800, 0x00000051587d2800, 0x00000051587d0000,
0x00000051587d1000, 0x00000051587d3000, 0x00000051587d4000, 0x00000051587d1800,
0x00000051587d5000, 0x00000051587d5800, 0x0000005152bbd000, 0x0000005152bbb000,
0x0000005152bc0000, 0x0000005152bbd800, 0x0000005152bc1000, 0x0000005152bbe800,
0x0000005152bc1800, 0x0000005152bbf800, 0x0000005152bc4000, 0x0000005152bc5000,
0x0000005152bc2800, 0x0000005152bc6000, 0x0000005152bc8800, 0x0000005152bc7800,
0x0000005152bc6800, 0x00000051598ce800, 0x00000051598cc000, 0x00000051598cf000,
0x00000051598d1000, 0x00000051598d0000, 0x000000515507a800, 0x0000005155078000,
0x000000515507b800, 0x000000515507d000, 0x000000515869f000, 0x00000051586a0000,
0x00000051586a1000, 0x000000515869e800, 0x00000051586a1800, 0x00000051586a2800,
0x00000051586a5000, 0x00000051586a3800, 0x00000051586a4000, 0x00000051586a6800,
0x00000051586a7800, 0x00000051586a6000, 0x00000051586aa800, 0x00000051586a8000,
0x00000051586aa000, 0x00000051586a9000, 0x00000051586ad000, 0x00000051586ab800,
0x00000051586ac800, 0x000000515857e800, 0x000000515857f000, 0x0000005158580000,
0x0000005158582800, 0x0000005158581800, 0x000000516323e000
}

Java Threads: ( => current thread )
  0x0000005136ff5800 JavaThread "main" [_thread_blocked, id=2460, stack(0x00000051366a0000,0x00000051367a0000)]
  0x000000515194e800 JavaThread "Reference Handler" daemon [_thread_blocked, id=2880, stack(0x0000005151e20000,0x0000005151f20000)]
  0x0000005151958000 JavaThread "Finalizer" daemon [_thread_blocked, id=2632, stack(0x0000005151f20000,0x0000005152020000)]
  0x0000005151969800 JavaThread "Signal Dispatcher" daemon [_thread_blocked, id=2476, stack(0x0000005152100000,0x0000005152200000)]
  0x000000515196c000 JavaThread "Attach Listener" daemon [_thread_blocked, id=3064, stack(0x0000005152200000,0x0000005152300000)]
  0x000000515196d000 JavaThread "Service Thread" daemon [_thread_blocked, id=1116, stack(0x0000005152300000,0x0000005152400000)]
  0x00000051519b6000 JavaThread "C2 CompilerThread0" daemon [_thread_blocked, id=3984, stack(0x0000005152400000,0x0000005152500000)]
  0x00000051519c1800 JavaThread "C1 CompilerThread0" daemon [_thread_blocked, id=2560, stack(0x0000005152500000,0x0000005152600000)]
  0x00000051519c4000 JavaThread "Sweeper thread" daemon [_thread_blocked, id=3292, stack(0x0000005152600000,0x0000005152700000)]
  0x0000005151b37000 JavaThread "Common-Cleaner" daemon [_thread_blocked, id=1436, stack(0x0000005152700000,0x0000005152800000)]
  0x0000005151d1d800 JavaThread "Daemon health stats" [_thread_blocked, id=3220, stack(0x0000005153100000,0x0000005153200000)]
  0x000000515485e000 JavaThread "Incoming local TCP Connector on port 49362" [_thread_in_native, id=3716, stack(0x0000005156080000,0x0000005156180000)]
  0x0000005154d8a800 JavaThread "Daemon periodic checks" [_thread_blocked, id=1140, stack(0x0000005156480000,0x0000005156580000)]
  0x0000005155079800 JavaThread "Cache worker for journal cache (C:\Users\Nadezhda S\.gradle\caches\journal-1)" [_thread_blocked, id=2176, stack(0x0000005156f80000,0x0000005157080000)]
  0x0000005155079000 JavaThread "File lock request listener" [_thread_in_native, id=4028, stack(0x0000005157080000,0x0000005157180000)]
  0x0000005155077000 JavaThread "Cache worker for file hash cache (C:\Users\Nadezhda S\.gradle\caches\7.4\fileHashes)" [_thread_blocked, id=2996, stack(0x0000005157180000,0x0000005157280000)]
  0x000000515507e000 JavaThread "Cache worker for execution history cache (C:\Users\Nadezhda S\.gradle\caches\7.4\executionHistory)" [_thread_blocked, id=4100, stack(0x0000005159f40000,0x000000515a040000)]
  0x000000515507c000 JavaThread "jar transforms" [_thread_blocked, id=4104, stack(0x000000515b810000,0x000000515b910000)]
  0x00000051598cc800 JavaThread "Cache worker for file content cache (C:\Users\Nadezhda S\.gradle\caches\7.4\fileContent)" [_thread_blocked, id=4108, stack(0x000000515bb50000,0x000000515bc50000)]
  0x00000051598cd800 JavaThread "jar transforms Thread 2" [_thread_blocked, id=4112, stack(0x000000515b910000,0x000000515ba10000)]
  0x00000051598cb000 JavaThread "jar transforms Thread 3" [_thread_blocked, id=4120, stack(0x000000515ba10000,0x000000515bb10000)]
  0x00000051587d6800 JavaThread "jar transforms Thread 4" [_thread_blocked, id=4292, stack(0x000000515ee50000,0x000000515ef50000)]
  0x0000005152bbc000 JavaThread "Memory manager" [_thread_blocked, id=4328, stack(0x000000515f750000,0x000000515f850000)]
  0x0000005152bc3800 JavaThread "ForkJoinPool.commonPool-worker-7" daemon [_thread_blocked, id=5028, stack(0x00000051646a0000,0x00000051647a0000)]
  0x00000051587ca000 JavaThread "Daemon Thread 3" [_thread_blocked, id=4424, stack(0x0000005156580000,0x0000005156680000)]
  0x00000051587c8000 JavaThread "Handler for socket connection from /127.0.0.1:49362 to /127.0.0.1:50352" [_thread_in_native, id=4484, stack(0x0000005156680000,0x0000005156780000)]
  0x00000051587c8800 JavaThread "Cancel handler" [_thread_blocked, id=4232, stack(0x0000005156780000,0x0000005156880000)]
  0x00000051587cb000 JavaThread "Daemon worker Thread 3" [_thread_blocked, id=4372, stack(0x0000005156880000,0x0000005156980000)]
  0x00000051587cc000 JavaThread "Asynchronous log dispatcher for DefaultDaemonConnection: socket connection from /127.0.0.1:49362 to /127.0.0.1:50352" [_thread_blocked, id=4920, stack(0x0000005156980000,0x0000005156a80000)]
  0x00000051587c9800 JavaThread "Stdin handler" [_thread_blocked, id=4548, stack(0x0000005156b80000,0x0000005156c80000)]
  0x00000051587cd800 JavaThread "Daemon client event forwarder" [_thread_blocked, id=4180, stack(0x0000005156c80000,0x0000005156d80000)]
  0x00000051587ce800 JavaThread "Cache worker for checksums cache (C:\Users\Nadezhda S\AndroidStudioProjects\API_Project\.gradle\7.4\checksums)" [_thread_blocked, id=4988, stack(0x0000005157680000,0x0000005157780000)]
  0x00000051587cf000 JavaThread "Cache worker for cache directory md-rule (C:\Users\Nadezhda S\.gradle\caches\7.4\md-rule)" [_thread_blocked, id=4248, stack(0x0000005157780000,0x0000005157880000)]
  0x00000051587cc800 JavaThread "Cache worker for file hash cache (C:\Users\Nadezhda S\AndroidStudioProjects\API_Project\.gradle\7.4\fileHashes)" [_thread_blocked, id=4356, stack(0x0000005159a40000,0x0000005159b40000)]
  0x00000051587d2800 JavaThread "Cache worker for cache directory md-supplier (C:\Users\Nadezhda S\.gradle\caches\7.4\md-supplier)" [_thread_blocked, id=1928, stack(0x0000005159d40000,0x0000005159e40000)]
  0x00000051587d0000 JavaThread "Cache worker for dependencies-accessors (C:\Users\Nadezhda S\AndroidStudioProjects\API_Project\.gradle\7.4\dependencies-accessors)" [_thread_blocked, id=4556, stack(0x0000005159e40000,0x0000005159f40000)]
  0x00000051587d1000 JavaThread "Cache worker for Build Output Cleanup Cache (C:\Users\Nadezhda S\AndroidStudioProjects\API_Project\.gradle\buildOutputCleanup)" [_thread_blocked, id=4132, stack(0x000000515be50000,0x000000515bf50000)]
  0x00000051587d3000 JavaThread "Unconstrained build operations" [_thread_blocked, id=4452, stack(0x000000515c550000,0x000000515c650000)]
  0x00000051587d4000 JavaThread "Unconstrained build operations Thread 2" [_thread_blocked, id=4056, stack(0x000000515c650000,0x000000515c750000)]
  0x00000051587d1800 JavaThread "Unconstrained build operations Thread 3" [_thread_blocked, id=4956, stack(0x000000515c750000,0x000000515c850000)]
  0x00000051587d5000 JavaThread "Unconstrained build operations Thread 4" [_thread_blocked, id=2244, stack(0x000000515c850000,0x000000515c950000)]
  0x00000051587d5800 JavaThread "Unconstrained build operations Thread 5" [_thread_blocked, id=728, stack(0x000000515c950000,0x000000515ca50000)]
  0x0000005152bbd000 JavaThread "Unconstrained build operations Thread 6" [_thread_blocked, id=1452, stack(0x000000515ca50000,0x000000515cb50000)]
  0x0000005152bbb000 JavaThread "Unconstrained build operations Thread 7" [_thread_blocked, id=2976, stack(0x000000515cb50000,0x000000515cc50000)]
  0x0000005152bc0000 JavaThread "Unconstrained build operations Thread 8" [_thread_blocked, id=4144, stack(0x000000515cc50000,0x000000515cd50000)]
  0x0000005152bbd800 JavaThread "Unconstrained build operations Thread 9" [_thread_blocked, id=4576, stack(0x000000515cd50000,0x000000515ce50000)]
  0x0000005152bc1000 JavaThread "Unconstrained build operations Thread 10" [_thread_blocked, id=4980, stack(0x000000515ce50000,0x000000515cf50000)]
  0x0000005152bbe800 JavaThread "Unconstrained build operations Thread 11" [_thread_blocked, id=1360, stack(0x000000515cf50000,0x000000515d050000)]
  0x0000005152bc1800 JavaThread "Unconstrained build operations Thread 12" [_thread_blocked, id=4480, stack(0x000000515d050000,0x000000515d150000)]
  0x0000005152bbf800 JavaThread "Unconstrained build operations Thread 13" [_thread_blocked, id=5016, stack(0x000000515d150000,0x000000515d250000)]
  0x0000005152bc4000 JavaThread "Unconstrained build operations Thread 14" [_thread_blocked, id=2616, stack(0x000000515d250000,0x000000515d350000)]
  0x0000005152bc5000 JavaThread "Unconstrained build operations Thread 15" [_thread_blocked, id=4444, stack(0x000000515d350000,0x000000515d450000)]
  0x0000005152bc2800 JavaThread "Unconstrained build operations Thread 16" [_thread_blocked, id=1580, stack(0x000000515d450000,0x000000515d550000)]
  0x0000005152bc6000 JavaThread "Unconstrained build operations Thread 17" [_thread_blocked, id=608, stack(0x000000515d550000,0x000000515d650000)]
  0x0000005152bc8800 JavaThread "Unconstrained build operations Thread 18" [_thread_blocked, id=4272, stack(0x000000515d650000,0x000000515d750000)]
  0x0000005152bc7800 JavaThread "Unconstrained build operations Thread 19" [_thread_blocked, id=924, stack(0x000000515d750000,0x000000515d850000)]
  0x0000005152bc6800 JavaThread "Unconstrained build operations Thread 20" [_thread_blocked, id=2528, stack(0x000000515d850000,0x000000515d950000)]
  0x00000051598ce800 JavaThread "Unconstrained build operations Thread 21" [_thread_blocked, id=5000, stack(0x000000515d950000,0x000000515da50000)]
  0x00000051598cc000 JavaThread "Unconstrained build operations Thread 22" [_thread_blocked, id=4996, stack(0x000000515da50000,0x000000515db50000)]
  0x00000051598cf000 JavaThread "Unconstrained build operations Thread 23" [_thread_blocked, id=816, stack(0x000000515db50000,0x000000515dc50000)]
  0x00000051598d1000 JavaThread "Unconstrained build operations Thread 24" [_thread_blocked, id=4896, stack(0x000000515dc50000,0x000000515dd50000)]
  0x00000051598d0000 JavaThread "Unconstrained build operations Thread 25" [_thread_blocked, id=3956, stack(0x000000515dd50000,0x000000515de50000)]
  0x000000515507a800 JavaThread "Unconstrained build operations Thread 26" [_thread_blocked, id=1108, stack(0x000000515de50000,0x000000515df50000)]
  0x0000005155078000 JavaThread "Unconstrained build operations Thread 27" [_thread_blocked, id=668, stack(0x000000515df50000,0x000000515e050000)]
  0x000000515507b800 JavaThread "Unconstrained build operations Thread 28" [_thread_blocked, id=4924, stack(0x000000515e050000,0x000000515e150000)]
  0x000000515507d000 JavaThread "Unconstrained build operations Thread 29" [_thread_blocked, id=1520, stack(0x000000515e150000,0x000000515e250000)]
  0x000000515869f000 JavaThread "Unconstrained build operations Thread 30" [_thread_blocked, id=4884, stack(0x000000515e250000,0x000000515e350000)]
  0x00000051586a0000 JavaThread "Unconstrained build operations Thread 31" [_thread_blocked, id=4892, stack(0x000000515e350000,0x000000515e450000)]
  0x00000051586a1000 JavaThread "Unconstrained build operations Thread 32" [_thread_blocked, id=4636, stack(0x000000515e450000,0x000000515e550000)]
  0x000000515869e800 JavaThread "Unconstrained build operations Thread 33" [_thread_blocked, id=3844, stack(0x000000515e550000,0x000000515e650000)]
  0x00000051586a1800 JavaThread "Unconstrained build operations Thread 34" [_thread_blocked, id=1392, stack(0x000000515e650000,0x000000515e750000)]
  0x00000051586a2800 JavaThread "Unconstrained build operations Thread 35" [_thread_blocked, id=2776, stack(0x000000515e750000,0x000000515e850000)]
  0x00000051586a5000 JavaThread "Unconstrained build operations Thread 36" [_thread_blocked, id=4136, stack(0x000000515e850000,0x000000515e950000)]
  0x00000051586a3800 JavaThread "Unconstrained build operations Thread 37" [_thread_blocked, id=4352, stack(0x000000515e950000,0x000000515ea50000)]
  0x00000051586a4000 JavaThread "Unconstrained build operations Thread 38" [_thread_blocked, id=4500, stack(0x000000515ea50000,0x000000515eb50000)]
  0x00000051586a6800 JavaThread "Unconstrained build operations Thread 39" [_thread_blocked, id=4496, stack(0x000000515eb50000,0x000000515ec50000)]
  0x00000051586a7800 JavaThread "Unconstrained build operations Thread 40" [_thread_blocked, id=1864, stack(0x000000515ec50000,0x000000515ed50000)]
  0x00000051586a6000 JavaThread "build event listener" [_thread_blocked, id=4472, stack(0x000000515f850000,0x000000515f950000)]
  0x00000051586aa800 JavaThread "included builds" [_thread_blocked, id=3436, stack(0x00000051601e0000,0x00000051602e0000)]
  0x00000051586a8000 JavaThread "Execution worker for ':'" [_thread_blocked, id=4252, stack(0x0000005162980000,0x0000005162a80000)]
  0x00000051586aa000 JavaThread "Execution worker for ':' Thread 2" [_thread_blocked, id=4628, stack(0x0000005162a80000,0x0000005162b80000)]
  0x00000051586a9000 JavaThread "Execution worker for ':' Thread 3" [_thread_blocked, id=1064, stack(0x0000005162d80000,0x0000005162e80000)]
  0x00000051586ad000 JavaThread "Cache worker for execution history cache (C:\Users\Nadezhda S\AndroidStudioProjects\API_Project\.gradle\7.4\executionHistory)" [_thread_blocked, id=1364, stack(0x00000051644a0000,0x00000051645a0000)]
  0x00000051586ab800 JavaThread "WorkerExecutor Queue" [_thread_blocked, id=856, stack(0x00000051645a0000,0x00000051646a0000)]
  0x00000051586ac800 JavaThread "WorkerExecutor Queue Thread 2" [_thread_blocked, id=1920, stack(0x0000005165530000,0x0000005165630000)]
  0x000000515857e800 JavaThread "WorkerExecutor Queue Thread 3" [_thread_blocked, id=176, stack(0x0000005165830000,0x0000005165930000)]
  0x000000515857f000 JavaThread "pool-7-thread-1" [_thread_blocked, id=168, stack(0x0000005165930000,0x0000005165a30000)]
  0x0000005158580000 JavaThread "stderr" [_thread_in_native, id=4960, stack(0x0000005165a30000,0x0000005165b30000)]
  0x0000005158582800 JavaThread "stdout" [_thread_in_native, id=4196, stack(0x0000005165b30000,0x0000005165c30000)]
  0x0000005158581800 JavaThread "Cache worker for Java compile cache (C:\Users\Nadezhda S\.gradle\caches\7.4\javaCompile)" [_thread_blocked, id=4284, stack(0x0000005165c30000,0x0000005165d30000)]
  0x000000516323e000 JavaThread "C2 CompilerThread1" daemon [_thread_blocked, id=1184, stack(0x000000515ed50000,0x000000515ee50000)]

Other Threads:
=>0x0000005150f1c800 VMThread "VM Thread" [stack: 0x0000005151d20000,0x0000005151e20000] [id=376]
  0x0000005151b3c000 WatcherThread [stack: 0x0000005152800000,0x0000005152900000] [id=2716]
  0x000000513700e800 GCTaskThread "GC Thread#0" [stack: 0x00000051369b0000,0x0000005136ab0000] [id=1444]
  0x0000005152e46800 GCTaskThread "GC Thread#1" [stack: 0x00000051541d0000,0x00000051542d0000] [id=1848]
  0x000000515336c000 GCTaskThread "GC Thread#2" [stack: 0x00000051542d0000,0x00000051543d0000] [id=972]
  0x00000051551fa800 GCTaskThread "GC Thread#3" [stack: 0x0000005156380000,0x0000005156480000] [id=2020]
  0x0000005137040800 ConcurrentGCThread "G1 Main Marker" [stack: 0x000000514e6e0000,0x000000514e7e0000] [id=2564]
  0x0000005137043000 ConcurrentGCThread "G1 Conc#0" [stack: 0x000000514e7e0000,0x000000514e8e0000] [id=2108]
  0x0000005150d95800 ConcurrentGCThread "G1 Refine#0" [stack: 0x0000005150f20000,0x0000005151020000] [id=1416]
  0x0000005150d96800 ConcurrentGCThread "G1 Young RemSet Sampling" [stack: 0x0000005151020000,0x0000005151120000] [id=344]

Threads with active compile tasks:

VM state:at safepoint (normal execution)

VM Mutex/Monitor currently owned by a thread:  ([mutex/lock_event])
[0x0000005136ff1690] Threads_lock - owner thread: 0x0000005150f1c800
[0x0000005136ff2fe0] Heap_lock - owner thread: 0x00000051586a9000

Heap address: 0x0000000080000000, size: 2048 MB, Compressed Oops mode: 32-bit
Narrow klass base: 0x0000000000000000, Narrow klass shift: 3
Compressed class space size: 1073741824 Address: 0x0000000100000000

Heap:
 garbage-first heap   total 457728K, used 247808K [0x0000000080000000, 0x0000000100000000)
  region size 1024K, 2 young (2048K), 2 survivors (2048K)
 Metaspace       used 125153K, capacity 127921K, committed 128080K, reserved 1161216K
  class space    used 15471K, capacity 16479K, committed 16544K, reserved 1048576K
Heap Regions: E=young(eden), S=young(survivor), O=old, HS=humongous(starts), HC=humongous(continues), CS=collection set, F=free, A=archive, TAMS=top-at-mark-start (previous, next)
|   0|0x0000000080000000, 0x0000000080100000, 0x0000000080100000|100%|HS|  |TAMS 0x0000000080100000, 0x0000000080000000| Complete 
|   1|0x0000000080100000, 0x0000000080200000, 0x0000000080200000|100%|HC|  |TAMS 0x0000000080200000, 0x0000000080100000| Complete 
|   2|0x0000000080200000, 0x0000000080300000, 0x0000000080300000|100%|HC|  |TAMS 0x0000000080300000, 0x0000000080200000| Complete 
|   3|0x0000000080300000, 0x0000000080400000, 0x0000000080400000|100%| O|  |TAMS 0x0000000080400000, 0x0000000080300000| Updating 
|   4|0x0000000080400000, 0x0000000080500000, 0x0000000080500000|100%| O|  |TAMS 0x0000000080500000, 0x0000000080400000| Updating 
|   5|0x0000000080500000, 0x0000000080600000, 0x0000000080600000|100%| O|  |TAMS 0x0000000080600000, 0x0000000080500000| Updating 
|   6|0x0000000080600000, 0x0000000080700000, 0x0000000080700000|100%| O|  |TAMS 0x0000000080700000, 0x0000000080600000| Updating 
|   7|0x0000000080700000, 0x0000000080800000, 0x0000000080800000|100%| O|  |TAMS 0x0000000080800000, 0x0000000080700000| Updating 
|   8|0x0000000080800000, 0x0000000080900000, 0x0000000080900000|100%| O|  |TAMS 0x0000000080900000, 0x0000000080800000| Updating 
|   9|0x0000000080900000, 0x0000000080a00000, 0x0000000080a00000|100%| O|  |TAMS 0x0000000080a00000, 0x0000000080900000| Updating 
|  10|0x0000000080a00000, 0x0000000080b00000, 0x0000000080b00000|100%| O|  |TAMS 0x0000000080b00000, 0x0000000080a00000| Updating 
|  11|0x0000000080b00000, 0x0000000080c00000, 0x0000000080c00000|100%| O|  |TAMS 0x0000000080c00000, 0x0000000080b00000| Updating 
|  12|0x0000000080c00000, 0x0000000080d00000, 0x0000000080d00000|100%| O|  |TAMS 0x0000000080d00000, 0x0000000080c00000| Updating 
|  13|0x0000000080d00000, 0x0000000080e00000, 0x0000000080e00000|100%| O|  |TAMS 0x0000000080e00000, 0x0000000080d00000| Updating 
|  14|0x0000000080e00000, 0x0000000080f00000, 0x0000000080f00000|100%| O|  |TAMS 0x0000000080f00000, 0x0000000080e00000| Updating 
|  15|0x0000000080f00000, 0x0000000081000000, 0x0000000081000000|100%|HS|  |TAMS 0x0000000081000000, 0x0000000080f00000| Complete 
|  16|0x0000000081000000, 0x0000000081100000, 0x0000000081100000|100%| O|  |TAMS 0x0000000081100000, 0x0000000081000000| Updating 
|  17|0x0000000081100000, 0x0000000081200000, 0x0000000081200000|100%| O|  |TAMS 0x0000000081200000, 0x0000000081100000| Updating 
|  18|0x0000000081200000, 0x0000000081300000, 0x0000000081300000|100%| O|  |TAMS 0x0000000081300000, 0x0000000081200000| Updating 
|  19|0x0000000081300000, 0x0000000081400000, 0x0000000081400000|100%| O|  |TAMS 0x0000000081400000, 0x0000000081300000| Updating 
|  20|0x0000000081400000, 0x0000000081500000, 0x0000000081500000|100%| O|  |TAMS 0x0000000081500000, 0x0000000081400000| Updating 
|  21|0x0000000081500000, 0x0000000081600000, 0x0000000081600000|100%| O|  |TAMS 0x0000000081600000, 0x0000000081500000| Updating 
|  22|0x0000000081600000, 0x0000000081700000, 0x0000000081700000|100%| O|  |TAMS 0x0000000081700000, 0x0000000081600000| Updating 
|  23|0x0000000081700000, 0x0000000081800000, 0x0000000081800000|100%| O|  |TAMS 0x0000000081800000, 0x0000000081700000| Updating 
|  24|0x0000000081800000, 0x0000000081900000, 0x0000000081900000|100%| O|  |TAMS 0x0000000081900000, 0x0000000081800000| Updating 
|  25|0x0000000081900000, 0x0000000081a00000, 0x0000000081a00000|100%| O|  |TAMS 0x0000000081a00000, 0x0000000081900000| Updating 
|  26|0x0000000081a00000, 0x0000000081b00000, 0x0000000081b00000|100%| O|  |TAMS 0x0000000081b00000, 0x0000000081a00000| Updating 
|  27|0x0000000081b00000, 0x0000000081c00000, 0x0000000081c00000|100%|HS|  |TAMS 0x0000000081c00000, 0x0000000081b00000| Complete 
|  28|0x0000000081c00000, 0x0000000081d00000, 0x0000000081d00000|100%|HS|  |TAMS 0x0000000081d00000, 0x0000000081c00000| Complete 
|  29|0x0000000081d00000, 0x0000000081e00000, 0x0000000081e00000|100%|HS|  |TAMS 0x0000000081e00000, 0x0000000081d00000| Complete 
|  30|0x0000000081e00000, 0x0000000081f00000, 0x0000000081f00000|100%|HC|  |TAMS 0x0000000081f00000, 0x0000000081e00000| Complete 
|  31|0x0000000081f00000, 0x0000000082000000, 0x0000000082000000|100%|HC|  |TAMS 0x0000000082000000, 0x0000000081f00000| Complete 
|  32|0x0000000082000000, 0x0000000082100000, 0x0000000082100000|100%| O|  |TAMS 0x0000000082100000, 0x0000000082000000| Updating 
|  33|0x0000000082100000, 0x0000000082200000, 0x0000000082200000|100%|HS|  |TAMS 0x0000000082200000, 0x0000000082100000| Complete 
|  34|0x0000000082200000, 0x0000000082300000, 0x0000000082300000|100%|HC|  |TAMS 0x0000000082300000, 0x0000000082200000| Complete 
|  35|0x0000000082300000, 0x0000000082400000, 0x0000000082400000|100%| O|  |TAMS 0x0000000082400000, 0x0000000082300000| Updating 
|  36|0x0000000082400000, 0x0000000082500000, 0x0000000082500000|100%| O|  |TAMS 0x0000000082500000, 0x0000000082400000| Updating 
|  37|0x0000000082500000, 0x0000000082600000, 0x0000000082600000|100%| O|  |TAMS 0x0000000082600000, 0x0000000082500000| Updating 
|  38|0x0000000082600000, 0x0000000082700000, 0x0000000082700000|100%| O|  |TAMS 0x0000000082700000, 0x0000000082600000| Updating 
|  39|0x0000000082700000, 0x0000000082800000, 0x0000000082800000|100%| O|  |TAMS 0x0000000082800000, 0x0000000082700000| Updating 
|  40|0x0000000082800000, 0x0000000082900000, 0x0000000082900000|100%| O|  |TAMS 0x0000000082900000, 0x0000000082800000| Updating 
|  41|0x0000000082900000, 0x0000000082a00000, 0x0000000082a00000|100%| O|  |TAMS 0x0000000082a00000, 0x0000000082900000| Updating 
|  42|0x0000000082a00000, 0x0000000082b00000, 0x0000000082b00000|100%| O|  |TAMS 0x0000000082b00000, 0x0000000082a00000| Updating 
|  43|0x0000000082b00000, 0x0000000082c00000, 0x0000000082c00000|100%| O|  |TAMS 0x0000000082c00000, 0x0000000082b00000| Updating 
|  44|0x0000000082c00000, 0x0000000082d00000, 0x0000000082d00000|100%| O|  |TAMS 0x0000000082d00000, 0x0000000082c00000| Updating 
|  45|0x0000000082d00000, 0x0000000082e00000, 0x0000000082e00000|100%| O|  |TAMS 0x0000000082e00000, 0x0000000082d00000| Updating 
|  46|0x0000000082e00000, 0x0000000082f00000, 0x0000000082f00000|100%| O|  |TAMS 0x0000000082f00000, 0x0000000082e00000| Updating 
|  47|0x0000000082f00000, 0x0000000083000000, 0x0000000083000000|100%| O|  |TAMS 0x0000000083000000, 0x0000000082f00000| Updating 
|  48|0x0000000083000000, 0x0000000083100000, 0x0000000083100000|100%| O|  |TAMS 0x0000000083100000, 0x0000000083000000| Updating 
|  49|0x0000000083100000, 0x0000000083200000, 0x0000000083200000|100%| O|  |TAMS 0x0000000083200000, 0x0000000083100000| Updating 
|  50|0x0000000083200000, 0x0000000083300000, 0x0000000083300000|100%| O|  |TAMS 0x0000000083300000, 0x0000000083200000| Updating 
|  51|0x0000000083300000, 0x0000000083400000, 0x0000000083400000|100%| O|  |TAMS 0x0000000083400000, 0x0000000083300000| Updating 
|  52|0x0000000083400000, 0x0000000083500000, 0x0000000083500000|100%| O|  |TAMS 0x0000000083500000, 0x0000000083400000| Updating 
|  53|0x0000000083500000, 0x0000000083600000, 0x0000000083600000|100%| O|  |TAMS 0x0000000083600000, 0x0000000083500000| Updating 
|  54|0x0000000083600000, 0x0000000083700000, 0x0000000083700000|100%| O|  |TAMS 0x0000000083700000, 0x0000000083600000| Updating 
|  55|0x0000000083700000, 0x0000000083800000, 0x0000000083800000|100%| O|  |TAMS 0x0000000083800000, 0x0000000083700000| Updating 
|  56|0x0000000083800000, 0x0000000083900000, 0x0000000083900000|100%| O|  |TAMS 0x0000000083900000, 0x0000000083800000| Updating 
|  57|0x0000000083900000, 0x0000000083a00000, 0x0000000083a00000|100%| O|  |TAMS 0x0000000083a00000, 0x0000000083900000| Updating 
|  58|0x0000000083a00000, 0x0000000083b00000, 0x0000000083b00000|100%| O|  |TAMS 0x0000000083b00000, 0x0000000083a00000| Updating 
|  59|0x0000000083b00000, 0x0000000083c00000, 0x0000000083c00000|100%| O|  |TAMS 0x0000000083c00000, 0x0000000083b00000| Updating 
|  60|0x0000000083c00000, 0x0000000083d00000, 0x0000000083d00000|100%| O|  |TAMS 0x0000000083d00000, 0x0000000083c00000| Updating 
|  61|0x0000000083d00000, 0x0000000083e00000, 0x0000000083e00000|100%| O|  |TAMS 0x0000000083e00000, 0x0000000083d00000| Updating 
|  62|0x0000000083e00000, 0x0000000083f00000, 0x0000000083f00000|100%| O|  |TAMS 0x0000000083f00000, 0x0000000083e00000| Updating 
|  63|0x0000000083f00000, 0x0000000084000000, 0x0000000084000000|100%| O|  |TAMS 0x0000000084000000, 0x0000000083f00000| Updating 
|  64|0x0000000084000000, 0x0000000084100000, 0x0000000084100000|100%| O|  |TAMS 0x0000000084100000, 0x0000000084000000| Updating 
|  65|0x0000000084100000, 0x0000000084200000, 0x0000000084200000|100%| O|  |TAMS 0x0000000084200000, 0x0000000084100000| Updating 
|  66|0x0000000084200000, 0x0000000084300000, 0x0000000084300000|100%| O|  |TAMS 0x0000000084300000, 0x0000000084200000| Updating 
|  67|0x0000000084300000, 0x0000000084400000, 0x0000000084400000|100%| O|  |TAMS 0x0000000084400000, 0x0000000084300000| Updating 
|  68|0x0000000084400000, 0x0000000084500000, 0x0000000084500000|100%| O|  |TAMS 0x0000000084500000, 0x0000000084400000| Updating 
|  69|0x0000000084500000, 0x0000000084600000, 0x0000000084600000|100%| O|  |TAMS 0x0000000084600000, 0x0000000084500000| Updating 
|  70|0x0000000084600000, 0x0000000084700000, 0x0000000084700000|100%| O|  |TAMS 0x0000000084700000, 0x0000000084600000| Updating 
|  71|0x0000000084700000, 0x0000000084800000, 0x0000000084800000|100%| O|  |TAMS 0x0000000084800000, 0x0000000084700000| Updating 
|  72|0x0000000084800000, 0x0000000084900000, 0x0000000084900000|100%| O|  |TAMS 0x0000000084900000, 0x0000000084800000| Updating 
|  73|0x0000000084900000, 0x0000000084a00000, 0x0000000084a00000|100%| O|  |TAMS 0x0000000084a00000, 0x0000000084900000| Updating 
|  74|0x0000000084a00000, 0x0000000084b00000, 0x0000000084b00000|100%| O|  |TAMS 0x0000000084b00000, 0x0000000084a00000| Updating 
|  75|0x0000000084b00000, 0x0000000084c00000, 0x0000000084c00000|100%| O|  |TAMS 0x0000000084c00000, 0x0000000084b00000| Updating 
|  76|0x0000000084c00000, 0x0000000084d00000, 0x0000000084d00000|100%| O|  |TAMS 0x0000000084d00000, 0x0000000084c00000| Updating 
|  77|0x0000000084d00000, 0x0000000084e00000, 0x0000000084e00000|100%| O|  |TAMS 0x0000000084e00000, 0x0000000084d00000| Updating 
|  78|0x0000000084e00000, 0x0000000084f00000, 0x0000000084f00000|100%| O|  |TAMS 0x0000000084f00000, 0x0000000084e00000| Updating 
|  79|0x0000000084f00000, 0x0000000085000000, 0x0000000085000000|100%| O|  |TAMS 0x0000000085000000, 0x0000000084f00000| Updating 
|  80|0x0000000085000000, 0x0000000085100000, 0x0000000085100000|100%| O|  |TAMS 0x0000000085100000, 0x0000000085000000| Updating 
|  81|0x0000000085100000, 0x0000000085200000, 0x0000000085200000|100%| O|  |TAMS 0x0000000085200000, 0x0000000085100000| Updating 
|  82|0x0000000085200000, 0x0000000085300000, 0x0000000085300000|100%| O|  |TAMS 0x0000000085300000, 0x0000000085200000| Updating 
|  83|0x0000000085300000, 0x0000000085400000, 0x0000000085400000|100%| O|  |TAMS 0x0000000085400000, 0x0000000085300000| Updating 
|  84|0x0000000085400000, 0x0000000085500000, 0x0000000085500000|100%| O|  |TAMS 0x0000000085500000, 0x0000000085400000| Updating 
|  85|0x0000000085500000, 0x0000000085600000, 0x0000000085600000|100%| O|  |TAMS 0x0000000085600000, 0x0000000085500000| Updating 
|  86|0x0000000085600000, 0x0000000085700000, 0x0000000085700000|100%| O|  |TAMS 0x0000000085700000, 0x0000000085600000| Updating 
|  87|0x0000000085700000, 0x0000000085800000, 0x0000000085800000|100%| O|  |TAMS 0x0000000085800000, 0x0000000085700000| Updating 
|  88|0x0000000085800000, 0x0000000085900000, 0x0000000085900000|100%| O|  |TAMS 0x0000000085900000, 0x0000000085800000| Updating 
|  89|0x0000000085900000, 0x0000000085a00000, 0x0000000085a00000|100%| O|  |TAMS 0x0000000085a00000, 0x0000000085900000| Updating 
|  90|0x0000000085a00000, 0x0000000085b00000, 0x0000000085b00000|100%| O|  |TAMS 0x0000000085b00000, 0x0000000085a00000| Updating 
|  91|0x0000000085b00000, 0x0000000085c00000, 0x0000000085c00000|100%| O|  |TAMS 0x0000000085c00000, 0x0000000085b00000| Updating 
|  92|0x0000000085c00000, 0x0000000085d00000, 0x0000000085d00000|100%| O|  |TAMS 0x0000000085d00000, 0x0000000085c00000| Updating 
|  93|0x0000000085d00000, 0x0000000085e00000, 0x0000000085e00000|100%| O|  |TAMS 0x0000000085e00000, 0x0000000085d00000| Updating 
|  94|0x0000000085e00000, 0x0000000085f00000, 0x0000000085f00000|100%|HS|  |TAMS 0x0000000085f00000, 0x0000000085e00000| Complete 
|  95|0x0000000085f00000, 0x0000000086000000, 0x0000000086000000|100%|HC|  |TAMS 0x0000000086000000, 0x0000000085f00000| Complete 
|  96|0x0000000086000000, 0x0000000086100000, 0x0000000086100000|100%| O|  |TAMS 0x0000000086100000, 0x0000000086000000| Updating 
|  97|0x0000000086100000, 0x0000000086200000, 0x0000000086200000|100%| O|  |TAMS 0x0000000086200000, 0x0000000086100000| Updating 
|  98|0x0000000086200000, 0x0000000086300000, 0x0000000086300000|100%| O|  |TAMS 0x0000000086300000, 0x0000000086200000| Updating 
|  99|0x0000000086300000, 0x0000000086400000, 0x0000000086400000|100%| O|  |TAMS 0x0000000086400000, 0x0000000086300000| Updating 
| 100|0x0000000086400000, 0x0000000086500000, 0x0000000086500000|100%| O|  |TAMS 0x0000000086500000, 0x0000000086400000| Updating 
| 101|0x0000000086500000, 0x0000000086600000, 0x0000000086600000|100%| O|  |TAMS 0x0000000086600000, 0x0000000086500000| Updating 
| 102|0x0000000086600000, 0x0000000086700000, 0x0000000086700000|100%| O|  |TAMS 0x0000000086700000, 0x0000000086600000| Updating 
| 103|0x0000000086700000, 0x0000000086800000, 0x0000000086800000|100%| O|  |TAMS 0x0000000086800000, 0x0000000086700000| Updating 
| 104|0x0000000086800000, 0x0000000086900000, 0x0000000086900000|100%| O|  |TAMS 0x0000000086900000, 0x0000000086800000| Updating 
| 105|0x0000000086900000, 0x0000000086a00000, 0x0000000086a00000|100%| O|  |TAMS 0x0000000086a00000, 0x0000000086900000| Updating 
| 106|0x0000000086a00000, 0x0000000086b00000, 0x0000000086b00000|100%| O|  |TAMS 0x0000000086b00000, 0x0000000086a00000| Updating 
| 107|0x0000000086b00000, 0x0000000086c00000, 0x0000000086c00000|100%| O|  |TAMS 0x0000000086c00000, 0x0000000086b00000| Updating 
| 108|0x0000000086c00000, 0x0000000086d00000, 0x0000000086d00000|100%| O|  |TAMS 0x0000000086d00000, 0x0000000086c00000| Updating 
| 109|0x0000000086d00000, 0x0000000086e00000, 0x0000000086e00000|100%| O|  |TAMS 0x0000000086e00000, 0x0000000086d00000| Updating 
| 110|0x0000000086e00000, 0x0000000086f00000, 0x0000000086f00000|100%| O|  |TAMS 0x0000000086f00000, 0x0000000086e00000| Updating 
| 111|0x0000000086f00000, 0x0000000087000000, 0x0000000087000000|100%| O|  |TAMS 0x0000000087000000, 0x0000000086f00000| Updating 
| 112|0x0000000087000000, 0x0000000087100000, 0x0000000087100000|100%| O|  |TAMS 0x0000000087100000, 0x0000000087000000| Updating 
| 113|0x0000000087100000, 0x0000000087200000, 0x0000000087200000|100%| O|  |TAMS 0x0000000087200000, 0x0000000087100000| Updating 
| 114|0x0000000087200000, 0x0000000087300000, 0x0000000087300000|100%| O|  |TAMS 0x0000000087300000, 0x0000000087200000| Updating 
| 115|0x0000000087300000, 0x0000000087400000, 0x0000000087400000|100%| O|  |TAMS 0x0000000087400000, 0x0000000087300000| Updating 
| 116|0x0000000087400000, 0x0000000087500000, 0x0000000087500000|100%| O|  |TAMS 0x0000000087500000, 0x0000000087400000| Updating 
| 117|0x0000000087500000, 0x0000000087600000, 0x0000000087600000|100%| O|  |TAMS 0x0000000087600000, 0x0000000087500000| Updating 
| 118|0x0000000087600000, 0x0000000087700000, 0x0000000087700000|100%| O|  |TAMS 0x0000000087700000, 0x0000000087600000| Updating 
| 119|0x0000000087700000, 0x0000000087800000, 0x0000000087800000|100%| O|  |TAMS 0x0000000087800000, 0x0000000087700000| Updating 
| 120|0x0000000087800000, 0x0000000087900000, 0x0000000087900000|100%| O|  |TAMS 0x0000000087900000, 0x0000000087800000| Updating 
| 121|0x0000000087900000, 0x0000000087a00000, 0x0000000087a00000|100%| O|  |TAMS 0x0000000087a00000, 0x0000000087900000| Updating 
| 122|0x0000000087a00000, 0x0000000087b00000, 0x0000000087b00000|100%| O|  |TAMS 0x0000000087b00000, 0x0000000087a00000| Updating 
| 123|0x0000000087b00000, 0x0000000087c00000, 0x0000000087c00000|100%| O|  |TAMS 0x0000000087c00000, 0x0000000087b00000| Updating 
| 124|0x0000000087c00000, 0x0000000087d00000, 0x0000000087d00000|100%| O|  |TAMS 0x0000000087d00000, 0x0000000087c00000| Updating 
| 125|0x0000000087d00000, 0x0000000087e00000, 0x0000000087e00000|100%| O|  |TAMS 0x0000000087e00000, 0x0000000087d00000| Updating 
| 126|0x0000000087e00000, 0x0000000087f00000, 0x0000000087f00000|100%| O|  |TAMS 0x0000000087f00000, 0x0000000087e00000| Updating 
| 127|0x0000000087f00000, 0x0000000088000000, 0x0000000088000000|100%| O|  |TAMS 0x0000000088000000, 0x0000000087f00000| Updating 
| 128|0x0000000088000000, 0x0000000088100000, 0x0000000088100000|100%| O|  |TAMS 0x0000000088100000, 0x0000000088000000| Updating 
| 129|0x0000000088100000, 0x0000000088200000, 0x0000000088200000|100%| O|  |TAMS 0x0000000088200000, 0x0000000088100000| Updating 
| 130|0x0000000088200000, 0x0000000088300000, 0x0000000088300000|100%| O|  |TAMS 0x0000000088300000, 0x0000000088200000| Updating 
| 131|0x0000000088300000, 0x0000000088400000, 0x0000000088400000|100%| O|  |TAMS 0x0000000088400000, 0x0000000088300000| Updating 
| 132|0x0000000088400000, 0x0000000088500000, 0x0000000088500000|100%| O|  |TAMS 0x0000000088500000, 0x0000000088400000| Updating 
| 133|0x0000000088500000, 0x0000000088600000, 0x0000000088600000|100%| O|  |TAMS 0x0000000088600000, 0x0000000088500000| Updating 
| 134|0x0000000088600000, 0x0000000088700000, 0x0000000088700000|100%| O|  |TAMS 0x0000000088700000, 0x0000000088600000| Updating 
| 135|0x0000000088700000, 0x0000000088800000, 0x0000000088800000|100%| O|  |TAMS 0x0000000088800000, 0x0000000088700000| Updating 
| 136|0x0000000088800000, 0x0000000088900000, 0x0000000088900000|100%| O|  |TAMS 0x0000000088900000, 0x0000000088800000| Updating 
| 137|0x0000000088900000, 0x0000000088a00000, 0x0000000088a00000|100%| O|  |TAMS 0x0000000088a00000, 0x0000000088900000| Updating 
| 138|0x0000000088a00000, 0x0000000088b00000, 0x0000000088b00000|100%| O|  |TAMS 0x0000000088b00000, 0x0000000088a00000| Updating 
| 139|0x0000000088b00000, 0x0000000088c00000, 0x0000000088c00000|100%| O|  |TAMS 0x0000000088c00000, 0x0000000088b00000| Updating 
| 140|0x0000000088c00000, 0x0000000088d00000, 0x0000000088d00000|100%| O|  |TAMS 0x0000000088d00000, 0x0000000088c00000| Updating 
| 141|0x0000000088d00000, 0x0000000088e00000, 0x0000000088e00000|100%| O|  |TAMS 0x0000000088e00000, 0x0000000088d00000| Updating 
| 142|0x0000000088e00000, 0x0000000088f00000, 0x0000000088f00000|100%| O|  |TAMS 0x0000000088f00000, 0x0000000088e00000| Updating 
| 143|0x0000000088f00000, 0x0000000089000000, 0x0000000089000000|100%| O|  |TAMS 0x0000000089000000, 0x0000000088f00000| Updating 
| 144|0x0000000089000000, 0x0000000089100000, 0x0000000089100000|100%| O|  |TAMS 0x0000000089100000, 0x0000000089000000| Updating 
| 145|0x0000000089100000, 0x0000000089200000, 0x0000000089200000|100%| O|  |TAMS 0x0000000089200000, 0x0000000089100000| Updating 
| 146|0x0000000089200000, 0x0000000089300000, 0x0000000089300000|100%| O|  |TAMS 0x0000000089300000, 0x0000000089200000| Updating 
| 147|0x0000000089300000, 0x0000000089400000, 0x0000000089400000|100%| O|  |TAMS 0x0000000089400000, 0x0000000089300000| Updating 
| 148|0x0000000089400000, 0x0000000089500000, 0x0000000089500000|100%| O|  |TAMS 0x0000000089500000, 0x0000000089400000| Updating 
| 149|0x0000000089500000, 0x0000000089600000, 0x0000000089600000|100%| O|  |TAMS 0x0000000089600000, 0x0000000089500000| Updating 
| 150|0x0000000089600000, 0x0000000089700000, 0x0000000089700000|100%| O|  |TAMS 0x0000000089700000, 0x0000000089600000| Updating 
| 151|0x0000000089700000, 0x0000000089800000, 0x0000000089800000|100%| O|  |TAMS 0x0000000089800000, 0x0000000089700000| Updating 
| 152|0x0000000089800000, 0x0000000089900000, 0x0000000089900000|100%| O|  |TAMS 0x0000000089900000, 0x0000000089800000| Updating 
| 153|0x0000000089900000, 0x0000000089a00000, 0x0000000089a00000|100%| O|  |TAMS 0x0000000089a00000, 0x0000000089900000| Updating 
| 154|0x0000000089a00000, 0x0000000089b00000, 0x0000000089b00000|100%| O|  |TAMS 0x0000000089b00000, 0x0000000089a00000| Updating 
| 155|0x0000000089b00000, 0x0000000089c00000, 0x0000000089c00000|100%| O|  |TAMS 0x0000000089c00000, 0x0000000089b00000| Updating 
| 156|0x0000000089c00000, 0x0000000089d00000, 0x0000000089d00000|100%| O|  |TAMS 0x0000000089d00000, 0x0000000089c00000| Updating 
| 157|0x0000000089d00000, 0x0000000089e00000, 0x0000000089e00000|100%| O|  |TAMS 0x0000000089e00000, 0x0000000089d00000| Updating 
| 158|0x0000000089e00000, 0x0000000089f00000, 0x0000000089f00000|100%| O|  |TAMS 0x0000000089f00000, 0x0000000089e00000| Updating 
| 159|0x0000000089f00000, 0x000000008a000000, 0x000000008a000000|100%| O|  |TAMS 0x000000008a000000, 0x0000000089f00000| Updating 
| 160|0x000000008a000000, 0x000000008a100000, 0x000000008a100000|100%| O|  |TAMS 0x000000008a100000, 0x000000008a000000| Updating 
| 161|0x000000008a100000, 0x000000008a200000, 0x000000008a200000|100%| O|  |TAMS 0x000000008a200000, 0x000000008a100000| Updating 
| 162|0x000000008a200000, 0x000000008a300000, 0x000000008a300000|100%| O|  |TAMS 0x000000008a300000, 0x000000008a200000| Updating 
| 163|0x000000008a300000, 0x000000008a400000, 0x000000008a400000|100%| O|  |TAMS 0x000000008a400000, 0x000000008a300000| Updating 
| 164|0x000000008a400000, 0x000000008a500000, 0x000000008a500000|100%| O|  |TAMS 0x000000008a500000, 0x000000008a400000| Updating 
| 165|0x000000008a500000, 0x000000008a600000, 0x000000008a600000|100%| O|  |TAMS 0x000000008a600000, 0x000000008a500000| Updating 
| 166|0x000000008a600000, 0x000000008a700000, 0x000000008a700000|100%| O|  |TAMS 0x000000008a700000, 0x000000008a600000| Updating 
| 167|0x000000008a700000, 0x000000008a800000, 0x000000008a800000|100%| O|  |TAMS 0x000000008a800000, 0x000000008a700000| Updating 
| 168|0x000000008a800000, 0x000000008a900000, 0x000000008a900000|100%| O|  |TAMS 0x000000008a900000, 0x000000008a800000| Updating 
| 169|0x000000008a900000, 0x000000008aa00000, 0x000000008aa00000|100%| O|  |TAMS 0x000000008aa00000, 0x000000008a900000| Updating 
| 170|0x000000008aa00000, 0x000000008ab00000, 0x000000008ab00000|100%| O|  |TAMS 0x000000008ab00000, 0x000000008aa00000| Updating 
| 171|0x000000008ab00000, 0x000000008ac00000, 0x000000008ac00000|100%| O|  |TAMS 0x000000008ac00000, 0x000000008ab00000| Updating 
| 172|0x000000008ac00000, 0x000000008ad00000, 0x000000008ad00000|100%| O|  |TAMS 0x000000008ad00000, 0x000000008ac00000| Updating 
| 173|0x000000008ad00000, 0x000000008ae00000, 0x000000008ae00000|100%| O|  |TAMS 0x000000008ae00000, 0x000000008ad00000| Updating 
| 174|0x000000008ae00000, 0x000000008af00000, 0x000000008af00000|100%| O|  |TAMS 0x000000008af00000, 0x000000008ae00000| Updating 
| 175|0x000000008af00000, 0x000000008b000000, 0x000000008b000000|100%| O|  |TAMS 0x000000008b000000, 0x000000008af00000| Updating 
| 176|0x000000008b000000, 0x000000008b100000, 0x000000008b100000|100%| O|  |TAMS 0x000000008b100000, 0x000000008b000000| Updating 
| 177|0x000000008b100000, 0x000000008b200000, 0x000000008b200000|100%| O|  |TAMS 0x000000008b200000, 0x000000008b100000| Updating 
| 178|0x000000008b200000, 0x000000008b300000, 0x000000008b300000|100%| O|  |TAMS 0x000000008b300000, 0x000000008b200000| Updating 
| 179|0x000000008b300000, 0x000000008b400000, 0x000000008b400000|100%| O|  |TAMS 0x000000008b400000, 0x000000008b300000| Updating 
| 180|0x000000008b400000, 0x000000008b500000, 0x000000008b500000|100%| O|  |TAMS 0x000000008b400000, 0x000000008b400000| Untracked 
| 181|0x000000008b500000, 0x000000008b600000, 0x000000008b600000|100%| O|  |TAMS 0x000000008b500000, 0x000000008b500000| Untracked 
| 182|0x000000008b600000, 0x000000008b700000, 0x000000008b700000|100%| O|  |TAMS 0x000000008b600000, 0x000000008b600000| Untracked 
| 183|0x000000008b700000, 0x000000008b800000, 0x000000008b800000|100%| O|  |TAMS 0x000000008b700000, 0x000000008b700000| Untracked 
| 184|0x000000008b800000, 0x000000008b900000, 0x000000008b900000|100%| O|  |TAMS 0x000000008b800000, 0x000000008b800000| Untracked 
| 185|0x000000008b900000, 0x000000008ba00000, 0x000000008ba00000|100%| O|  |TAMS 0x000000008b900000, 0x000000008b900000| Untracked 
| 186|0x000000008ba00000, 0x000000008bb00000, 0x000000008bb00000|100%| O|  |TAMS 0x000000008ba00000, 0x000000008ba00000| Untracked 
| 187|0x000000008bb00000, 0x000000008bc00000, 0x000000008bc00000|100%| O|  |TAMS 0x000000008bb00000, 0x000000008bb00000| Untracked 
| 188|0x000000008bc00000, 0x000000008bd00000, 0x000000008bd00000|100%| O|  |TAMS 0x000000008bc00000, 0x000000008bc00000| Untracked 
| 189|0x000000008bd00000, 0x000000008be00000, 0x000000008be00000|100%| O|  |TAMS 0x000000008bd00000, 0x000000008bd00000| Untracked 
| 190|0x000000008be00000, 0x000000008bf00000, 0x000000008bf00000|100%| O|  |TAMS 0x000000008be00000, 0x000000008be00000| Untracked 
| 191|0x000000008bf00000, 0x000000008c000000, 0x000000008c000000|100%| O|  |TAMS 0x000000008bf00000, 0x000000008bf00000| Untracked 
| 192|0x000000008c000000, 0x000000008c100000, 0x000000008c100000|100%| O|  |TAMS 0x000000008c000000, 0x000000008c000000| Untracked 
| 193|0x000000008c100000, 0x000000008c200000, 0x000000008c200000|100%| O|  |TAMS 0x000000008c100000, 0x000000008c100000| Untracked 
| 194|0x000000008c200000, 0x000000008c300000, 0x000000008c300000|100%| O|  |TAMS 0x000000008c200000, 0x000000008c200000| Untracked 
| 195|0x000000008c300000, 0x000000008c400000, 0x000000008c400000|100%| O|  |TAMS 0x000000008c300000, 0x000000008c300000| Untracked 
| 196|0x000000008c400000, 0x000000008c500000, 0x000000008c500000|100%| O|  |TAMS 0x000000008c400000, 0x000000008c400000| Untracked 
| 197|0x000000008c500000, 0x000000008c600000, 0x000000008c600000|100%| O|  |TAMS 0x000000008c500000, 0x000000008c500000| Untracked 
| 198|0x000000008c600000, 0x000000008c700000, 0x000000008c700000|100%| O|  |TAMS 0x000000008c600000, 0x000000008c600000| Untracked 
| 199|0x000000008c700000, 0x000000008c800000, 0x000000008c800000|100%| O|  |TAMS 0x000000008c700000, 0x000000008c700000| Untracked 
| 200|0x000000008c800000, 0x000000008c900000, 0x000000008c900000|100%| O|  |TAMS 0x000000008c800000, 0x000000008c800000| Untracked 
| 201|0x000000008c900000, 0x000000008ca00000, 0x000000008ca00000|100%| O|  |TAMS 0x000000008c900000, 0x000000008c900000| Untracked 
| 202|0x000000008ca00000, 0x000000008cb00000, 0x000000008cb00000|100%| O|  |TAMS 0x000000008ca00000, 0x000000008ca00000| Untracked 
| 203|0x000000008cb00000, 0x000000008cc00000, 0x000000008cc00000|100%| O|  |TAMS 0x000000008cb00000, 0x000000008cb00000| Untracked 
| 204|0x000000008cc00000, 0x000000008cd00000, 0x000000008cd00000|100%| O|  |TAMS 0x000000008cc00000, 0x000000008cc00000| Untracked 
| 205|0x000000008cd00000, 0x000000008ce00000, 0x000000008ce00000|100%| O|  |TAMS 0x000000008cd00000, 0x000000008cd00000| Untracked 
| 206|0x000000008ce00000, 0x000000008cf00000, 0x000000008cf00000|100%| O|  |TAMS 0x000000008ce00000, 0x000000008ce00000| Untracked 
| 207|0x000000008cf00000, 0x000000008d000000, 0x000000008d000000|100%| O|  |TAMS 0x000000008cf00000, 0x000000008cf00000| Untracked 
| 208|0x000000008d000000, 0x000000008d100000, 0x000000008d100000|100%| O|  |TAMS 0x000000008d000000, 0x000000008d000000| Untracked 
| 209|0x000000008d100000, 0x000000008d200000, 0x000000008d200000|100%| O|  |TAMS 0x000000008d100000, 0x000000008d100000| Untracked 
| 210|0x000000008d200000, 0x000000008d300000, 0x000000008d300000|100%| O|  |TAMS 0x000000008d200000, 0x000000008d200000| Untracked 
| 211|0x000000008d300000, 0x000000008d400000, 0x000000008d400000|100%| O|  |TAMS 0x000000008d300000, 0x000000008d300000| Untracked 
| 212|0x000000008d400000, 0x000000008d500000, 0x000000008d500000|100%| O|  |TAMS 0x000000008d400000, 0x000000008d400000| Untracked 
| 213|0x000000008d500000, 0x000000008d600000, 0x000000008d600000|100%| O|  |TAMS 0x000000008d500000, 0x000000008d500000| Untracked 
| 214|0x000000008d600000, 0x000000008d700000, 0x000000008d700000|100%| O|  |TAMS 0x000000008d600000, 0x000000008d600000| Untracked 
| 215|0x000000008d700000, 0x000000008d800000, 0x000000008d800000|100%| O|  |TAMS 0x000000008d700000, 0x000000008d700000| Untracked 
| 216|0x000000008d800000, 0x000000008d900000, 0x000000008d900000|100%| O|  |TAMS 0x000000008d800000, 0x000000008d800000| Untracked 
| 217|0x000000008d900000, 0x000000008da00000, 0x000000008da00000|100%| O|  |TAMS 0x000000008d900000, 0x000000008d900000| Untracked 
| 218|0x000000008da00000, 0x000000008db00000, 0x000000008db00000|100%| O|  |TAMS 0x000000008da00000, 0x000000008da00000| Untracked 
| 219|0x000000008db00000, 0x000000008dc00000, 0x000000008dc00000|100%| O|  |TAMS 0x000000008db00000, 0x000000008db00000| Untracked 
| 220|0x000000008dc00000, 0x000000008dd00000, 0x000000008dd00000|100%| O|  |TAMS 0x000000008dc00000, 0x000000008dc00000| Untracked 
| 221|0x000000008dd00000, 0x000000008de00000, 0x000000008de00000|100%| O|  |TAMS 0x000000008dd00000, 0x000000008dd00000| Untracked 
| 222|0x000000008de00000, 0x000000008df00000, 0x000000008df00000|100%| O|  |TAMS 0x000000008de00000, 0x000000008de00000| Untracked 
| 223|0x000000008df00000, 0x000000008e000000, 0x000000008e000000|100%| O|  |TAMS 0x000000008df00000, 0x000000008df00000| Untracked 
| 224|0x000000008e000000, 0x000000008e100000, 0x000000008e100000|100%| O|  |TAMS 0x000000008e000000, 0x000000008e000000| Untracked 
| 225|0x000000008e100000, 0x000000008e200000, 0x000000008e200000|100%| O|  |TAMS 0x000000008e100000, 0x000000008e100000| Untracked 
| 226|0x000000008e200000, 0x000000008e300000, 0x000000008e300000|100%| O|  |TAMS 0x000000008e200000, 0x000000008e200000| Untracked 
| 227|0x000000008e300000, 0x000000008e400000, 0x000000008e400000|100%| O|  |TAMS 0x000000008e300000, 0x000000008e300000| Untracked 
| 228|0x000000008e400000, 0x000000008e500000, 0x000000008e500000|100%| O|  |TAMS 0x000000008e400000, 0x000000008e400000| Untracked 
| 229|0x000000008e500000, 0x000000008e600000, 0x000000008e600000|100%| O|  |TAMS 0x000000008e500000, 0x000000008e500000| Untracked 
| 230|0x000000008e600000, 0x000000008e700000, 0x000000008e700000|100%| O|  |TAMS 0x000000008e600000, 0x000000008e600000| Untracked 
| 231|0x000000008e700000, 0x000000008e800000, 0x000000008e800000|100%| O|  |TAMS 0x000000008e700000, 0x000000008e700000| Untracked 
| 232|0x000000008e800000, 0x000000008e900000, 0x000000008e900000|100%| O|  |TAMS 0x000000008e800000, 0x000000008e800000| Untracked 
| 233|0x000000008e900000, 0x000000008ea00000, 0x000000008ea00000|100%| O|  |TAMS 0x000000008e900000, 0x000000008e900000| Untracked 
| 234|0x000000008ea00000, 0x000000008eb00000, 0x000000008eb00000|100%| O|  |TAMS 0x000000008ea00000, 0x000000008ea00000| Untracked 
| 235|0x000000008eb00000, 0x000000008ec00000, 0x000000008ec00000|100%| O|  |TAMS 0x000000008eb00000, 0x000000008eb00000| Untracked 
| 236|0x000000008ec00000, 0x000000008ed00000, 0x000000008ed00000|100%| O|  |TAMS 0x000000008ec00000, 0x000000008ec00000| Untracked 
| 237|0x000000008ed00000, 0x000000008ee00000, 0x000000008ee00000|100%| O|  |TAMS 0x000000008ed00000, 0x000000008ed00000| Untracked 
| 238|0x000000008ee00000, 0x000000008ef00000, 0x000000008ef00000|100%| O|  |TAMS 0x000000008ee00000, 0x000000008ee00000| Untracked 
| 239|0x000000008ef00000, 0x000000008f000000, 0x000000008f000000|100%| O|  |TAMS 0x000000008ef00000, 0x000000008ef00000| Untracked 
| 240|0x000000008f000000, 0x000000008f000000, 0x000000008f100000|  0%| F|  |TAMS 0x000000008f000000, 0x000000008f000000| Untracked 
| 241|0x000000008f100000, 0x000000008f100000, 0x000000008f200000|  0%| F|  |TAMS 0x000000008f100000, 0x000000008f100000| Untracked 
| 242|0x000000008f200000, 0x000000008f200000, 0x000000008f300000|  0%| F|  |TAMS 0x000000008f200000, 0x000000008f200000| Untracked 
| 243|0x000000008f300000, 0x000000008f300000, 0x000000008f400000|  0%| F|  |TAMS 0x000000008f300000, 0x000000008f300000| Untracked 
| 244|0x000000008f400000, 0x000000008f400000, 0x000000008f500000|  0%| F|  |TAMS 0x000000008f400000, 0x000000008f400000| Untracked 
| 245|0x000000008f500000, 0x000000008f500000, 0x000000008f600000|  0%| F|  |TAMS 0x000000008f500000, 0x000000008f500000| Untracked 
| 246|0x000000008f600000, 0x000000008f600000, 0x000000008f700000|  0%| F|  |TAMS 0x000000008f600000, 0x000000008f600000| Untracked 
| 247|0x000000008f700000, 0x000000008f700000, 0x000000008f800000|  0%| F|  |TAMS 0x000000008f700000, 0x000000008f700000| Untracked 
| 248|0x000000008f800000, 0x000000008f800000, 0x000000008f900000|  0%| F|  |TAMS 0x000000008f800000, 0x000000008f800000| Untracked 
| 249|0x000000008f900000, 0x000000008f900000, 0x000000008fa00000|  0%| F|  |TAMS 0x000000008f900000, 0x000000008f900000| Untracked 
| 250|0x000000008fa00000, 0x000000008fa00000, 0x000000008fb00000|  0%| F|  |TAMS 0x000000008fa00000, 0x000000008fa00000| Untracked 
| 251|0x000000008fb00000, 0x000000008fb00000, 0x000000008fc00000|  0%| F|  |TAMS 0x000000008fb00000, 0x000000008fb00000| Untracked 
| 252|0x000000008fc00000, 0x000000008fc00000, 0x000000008fd00000|  0%| F|  |TAMS 0x000000008fc00000, 0x000000008fc00000| Untracked 
| 253|0x000000008fd00000, 0x000000008fd00000, 0x000000008fe00000|  0%| F|  |TAMS 0x000000008fd00000, 0x000000008fd00000| Untracked 
| 254|0x000000008fe00000, 0x000000008fe00000, 0x000000008ff00000|  0%| F|  |TAMS 0x000000008fe00000, 0x000000008fe00000| Untracked 
| 255|0x000000008ff00000, 0x000000008ff00000, 0x0000000090000000|  0%| F|  |TAMS 0x000000008ff00000, 0x000000008ff00000| Untracked 
| 256|0x0000000090000000, 0x0000000090000000, 0x0000000090100000|  0%| F|  |TAMS 0x0000000090000000, 0x0000000090000000| Untracked 
| 257|0x0000000090100000, 0x0000000090100000, 0x0000000090200000|  0%| F|  |TAMS 0x0000000090100000, 0x0000000090100000| Untracked 
| 258|0x0000000090200000, 0x0000000090200000, 0x0000000090300000|  0%| F|  |TAMS 0x0000000090200000, 0x0000000090200000| Untracked 
| 259|0x0000000090300000, 0x0000000090300000, 0x0000000090400000|  0%| F|  |TAMS 0x0000000090300000, 0x0000000090300000| Untracked 
| 260|0x0000000090400000, 0x0000000090400000, 0x0000000090500000|  0%| F|  |TAMS 0x0000000090400000, 0x0000000090400000| Untracked 
| 261|0x0000000090500000, 0x0000000090500000, 0x0000000090600000|  0%| F|  |TAMS 0x0000000090500000, 0x0000000090500000| Untracked 
| 262|0x0000000090600000, 0x0000000090700000, 0x0000000090700000|100%| S|CS|TAMS 0x0000000090600000, 0x0000000090600000| Complete 
| 263|0x0000000090700000, 0x0000000090800000, 0x0000000090800000|100%| S|CS|TAMS 0x0000000090700000, 0x0000000090700000| Complete 
| 264|0x0000000090800000, 0x0000000090800000, 0x0000000090900000|  0%| F|  |TAMS 0x0000000090800000, 0x0000000090800000| Untracked 
| 265|0x0000000090900000, 0x0000000090900000, 0x0000000090a00000|  0%| F|  |TAMS 0x0000000090900000, 0x0000000090900000| Untracked 
| 266|0x0000000090a00000, 0x0000000090a00000, 0x0000000090b00000|  0%| F|  |TAMS 0x0000000090a00000, 0x0000000090a00000| Untracked 
| 267|0x0000000090b00000, 0x0000000090b00000, 0x0000000090c00000|  0%| F|  |TAMS 0x0000000090b00000, 0x0000000090b00000| Untracked 
| 268|0x0000000090c00000, 0x0000000090c00000, 0x0000000090d00000|  0%| F|  |TAMS 0x0000000090c00000, 0x0000000090c00000| Untracked 
| 269|0x0000000090d00000, 0x0000000090d00000, 0x0000000090e00000|  0%| F|  |TAMS 0x0000000090d00000, 0x0000000090d00000| Untracked 
| 270|0x0000000090e00000, 0x0000000090e00000, 0x0000000090f00000|  0%| F|  |TAMS 0x0000000090e00000, 0x0000000090e00000| Untracked 
| 271|0x0000000090f00000, 0x0000000090f00000, 0x0000000091000000|  0%| F|  |TAMS 0x0000000090f00000, 0x0000000090f00000| Untracked 
| 272|0x0000000091000000, 0x0000000091000000, 0x0000000091100000|  0%| F|  |TAMS 0x0000000091000000, 0x0000000091000000| Untracked 
| 273|0x0000000091100000, 0x0000000091100000, 0x0000000091200000|  0%| F|  |TAMS 0x0000000091100000, 0x0000000091100000| Untracked 
| 274|0x0000000091200000, 0x0000000091200000, 0x0000000091300000|  0%| F|  |TAMS 0x0000000091200000, 0x0000000091200000| Untracked 
| 275|0x0000000091300000, 0x0000000091300000, 0x0000000091400000|  0%| F|  |TAMS 0x0000000091300000, 0x0000000091300000| Untracked 
| 276|0x0000000091400000, 0x0000000091400000, 0x0000000091500000|  0%| F|  |TAMS 0x0000000091400000, 0x0000000091400000| Untracked 

Card table byte_map: [0x0000005149ee0000,0x000000514a2e0000] _byte_map_base: 0x0000005149ae0000

Marking Bits (Prev, Next): (CMBitMap*) 0x0000005137037a00, (CMBitMap*) 0x00000051370379c8
 Prev Bits: [0x000000514c6e0000, 0x000000514e6e0000)
 Next Bits: [0x000000514a6e0000, 0x000000514c6e0000)

Polling page: 0x00000051367a0000

Metaspace:

Usage:
  Non-class:    108.83 MB capacity,   107.11 MB ( 98%) used,     1.39 MB (  1%) free+waste,   340.00 KB ( <1%) overhead. 
      Class:     16.09 MB capacity,    15.11 MB ( 94%) used,   861.66 KB (  5%) free+waste,   146.31 KB ( <1%) overhead. 
       Both:    124.92 MB capacity,   122.22 MB ( 98%) used,     2.23 MB (  2%) free+waste,   486.31 KB ( <1%) overhead. 

Virtual space:
  Non-class space:      110.00 MB reserved,     108.92 MB (>99%) committed 
      Class space:        1.00 GB reserved,      16.16 MB (  2%) committed 
             Both:        1.11 GB reserved,     125.08 MB ( 11%) committed 

Chunk freelists:
   Non-Class:  30.00 KB
       Class:  1.00 KB
        Both:  31.00 KB

MaxMetaspaceSize: 17179869184.00 GB
CompressedClassSpaceSize: 1.00 GB
Initial GC threshold: 20.80 MB
Current GC threshold: 208.46 MB
CDS: off

CodeHeap 'non-profiled nmethods': size=120064Kb used=12484Kb max_used=12484Kb free=107580Kb
 bounds [0x00000051425a0000, 0x00000051431e0000, 0x0000005149ae0000]
CodeHeap 'profiled nmethods': size=120000Kb used=38284Kb max_used=38284Kb free=81715Kb
 bounds [0x000000513b070000, 0x000000513d5e0000, 0x00000051425a0000]
CodeHeap 'non-nmethods': size=5696Kb used=2433Kb max_used=2477Kb free=3262Kb
 bounds [0x000000513aae0000, 0x000000513ad50000, 0x000000513b070000]
 total_blobs=17870 nmethods=16902 adapters=879
 compilation: enabled
              stopped_count=0, restarted_count=0
 full_count=0

Compilation events (20 events):
Event: 859.269 Thread 0x000000516323e000 17811       4       jdk.internal.reflect.UnsafeQualifiedObjectFieldAccessorImpl::set (56 bytes)
Event: 859.273 Thread 0x00000051519c1800 17812       3       android.databinding.tool.store.BindingAdapterStore::filterOutAndroidSupportFromMap (137 bytes)
Event: 859.275 Thread 0x00000051519c1800 nmethod 17812 0x000000513d5ca890 code [0x000000513d5cab60, 0x000000513d5cbb68]
Event: 859.275 Thread 0x00000051519c1800 17814       3       java.util.LinkedHashMap::forEach (65 bytes)
Event: 859.275 Thread 0x000000516323e000 nmethod 17811 0x00000051431c6910 code [0x00000051431c6ac0, 0x00000051431c6d98]
Event: 859.275 Thread 0x00000051519c1800 nmethod 17814 0x000000513d5cc090 code [0x000000513d5cc280, 0x000000513d5cc728]
Event: 859.275 Thread 0x00000051519c1800 17815       3       android.databinding.tool.store.SetterStore$MultiValueAdapterKey::compareTo (248 bytes)
Event: 859.278 Thread 0x00000051519c1800 nmethod 17815 0x000000513d5cc910 code [0x000000513d5ccd20, 0x000000513d5cefe8]
Event: 859.278 Thread 0x00000051519c1800 17816       3       org.apache.xerces.dom.DeferredDocumentImpl::ensureCapacity (358 bytes)
Event: 859.281 Thread 0x00000051519c1800 nmethod 17816 0x000000513d5cf910 code [0x000000513d5cfdc0, 0x000000513d5d36c8]
Event: 859.281 Thread 0x00000051519c1800 17813       3       java.util.Map::putIfAbsent (23 bytes)
Event: 859.281 Thread 0x00000051519c1800 nmethod 17813 0x000000513d5d4410 code [0x000000513d5d45e0, 0x000000513d5d48b8]
Event: 859.283 Thread 0x00000051519b6000 17817       4       org.apache.xerces.dom.DeferredDocumentImpl::ensureCapacity (358 bytes)
Event: 859.286 Thread 0x000000516323e000 17818       4       org.apache.xerces.impl.XMLEntityScanner::scanChar (197 bytes)
Event: 859.289 Thread 0x000000516323e000 nmethod 17818 0x00000051431c6f90 code [0x00000051431c7140, 0x00000051431c7288]
Event: 859.295 Thread 0x000000516323e000 17819   !   4       org.apache.xerces.impl.XMLDocumentFragmentScannerImpl$FragmentContentDispatcher::dispatch (1128 bytes)
Event: 859.429 Thread 0x000000516323e000 nmethod 17819 0x00000051431c7410 code [0x00000051431c7840, 0x00000051431c9a90]
Event: 859.430 Thread 0x000000516323e000 17820       4       org.apache.xerces.impl.XMLEntityScanner::load (198 bytes)
Event: 859.436 Thread 0x000000516323e000 nmethod 17820 0x00000051431cb410 code [0x00000051431cb5e0, 0x00000051431cb848]
Event: 859.488 Thread 0x00000051519b6000 nmethod 17817 0x00000051431cbb10 code [0x00000051431cbe20, 0x00000051431d02b8]

GC Heap History (20 events):
Event: 856.366 GC heap after
{Heap after GC invocations=59 (full 0):
 garbage-first heap   total 227328K, used 145758K [0x0000000080000000, 0x0000000100000000)
  region size 1024K, 4 young (4096K), 4 survivors (4096K)
 Metaspace       used 118796K, capacity 121491K, committed 121552K, reserved 1155072K
  class space    used 14669K, capacity 15646K, committed 15648K, reserved 1048576K
}
Event: 856.653 GC heap before
{Heap before GC invocations=59 (full 0):
 garbage-first heap   total 227328K, used 170334K [0x0000000080000000, 0x0000000100000000)
  region size 1024K, 28 young (28672K), 4 survivors (4096K)
 Metaspace       used 119287K, capacity 121939K, committed 122192K, reserved 1155072K
  class space    used 14726K, capacity 15710K, committed 15776K, reserved 1048576K
}
Event: 856.695 GC heap after
{Heap after GC invocations=60 (full 0):
 garbage-first heap   total 227328K, used 161792K [0x0000000080000000, 0x0000000100000000)
  region size 1024K, 4 young (4096K), 4 survivors (4096K)
 Metaspace       used 119287K, capacity 121939K, committed 122192K, reserved 1155072K
  class space    used 14726K, capacity 15710K, committed 15776K, reserved 1048576K
}
Event: 857.192 GC heap before
{Heap before GC invocations=61 (full 0):
 garbage-first heap   total 227328K, used 179200K [0x0000000080000000, 0x0000000100000000)
  region size 1024K, 21 young (21504K), 4 survivors (4096K)
 Metaspace       used 121149K, capacity 123915K, committed 123984K, reserved 1157120K
  class space    used 15016K, capacity 16004K, committed 16032K, reserved 1048576K
}
Event: 857.203 GC heap after
{Heap after GC invocations=62 (full 0):
 garbage-first heap   total 227328K, used 164653K [0x0000000080000000, 0x0000000100000000)
  region size 1024K, 2 young (2048K), 2 survivors (2048K)
 Metaspace       used 121149K, capacity 123915K, committed 123984K, reserved 1157120K
  class space    used 15016K, capacity 16004K, committed 16032K, reserved 1048576K
}
Event: 857.442 GC heap before
{Heap before GC invocations=62 (full 0):
 garbage-first heap   total 227328K, used 175917K [0x0000000080000000, 0x0000000100000000)
  region size 1024K, 15 young (15360K), 2 survivors (2048K)
 Metaspace       used 123354K, capacity 126077K, committed 126416K, reserved 1159168K
  class space    used 15316K, capacity 16297K, committed 16416K, reserved 1048576K
}
Event: 857.447 GC heap after
{Heap after GC invocations=63 (full 0):
 garbage-first heap   total 227328K, used 165284K [0x0000000080000000, 0x0000000100000000)
  region size 1024K, 3 young (3072K), 3 survivors (3072K)
 Metaspace       used 123354K, capacity 126077K, committed 126416K, reserved 1159168K
  class space    used 15316K, capacity 16297K, committed 16416K, reserved 1048576K
}
Event: 858.374 GC heap before
{Heap before GC invocations=64 (full 0):
 garbage-first heap   total 227328K, used 183716K [0x0000000080000000, 0x0000000100000000)
  region size 1024K, 20 young (20480K), 3 survivors (3072K)
 Metaspace       used 124692K, capacity 127418K, committed 127568K, reserved 1161216K
  class space    used 15448K, capacity 16443K, committed 16544K, reserved 1048576K
}
Event: 858.385 GC heap after
{Heap after GC invocations=65 (full 0):
 garbage-first heap   total 227328K, used 167698K [0x0000000080000000, 0x0000000100000000)
  region size 1024K, 3 young (3072K), 3 survivors (3072K)
 Metaspace       used 124692K, capacity 127418K, committed 127568K, reserved 1161216K
  class space    used 15448K, capacity 16443K, committed 16544K, reserved 1048576K
}
Event: 858.645 GC heap before
{Heap before GC invocations=65 (full 0):
 garbage-first heap   total 227328K, used 175890K [0x0000000080000000, 0x0000000100000000)
  region size 1024K, 11 young (11264K), 3 survivors (3072K)
 Metaspace       used 125053K, capacity 127784K, committed 128080K, reserved 1161216K
  class space    used 15471K, capacity 16479K, committed 16544K, reserved 1048576K
}
Event: 858.663 GC heap after
{Heap after GC invocations=66 (full 0):
 garbage-first heap   total 227328K, used 171673K [0x0000000080000000, 0x0000000100000000)
  region size 1024K, 2 young (2048K), 2 survivors (2048K)
 Metaspace       used 125053K, capacity 127784K, committed 128080K, reserved 1161216K
  class space    used 15471K, capacity 16479K, committed 16544K, reserved 1048576K
}
Event: 858.765 GC heap before
{Heap before GC invocations=66 (full 0):
 garbage-first heap   total 227328K, used 187033K [0x0000000080000000, 0x0000000100000000)
  region size 1024K, 17 young (17408K), 2 survivors (2048K)
 Metaspace       used 125053K, capacity 127784K, committed 128080K, reserved 1161216K
  class space    used 15471K, capacity 16479K, committed 16544K, reserved 1048576K
}
Event: 858.785 GC heap after
{Heap after GC invocations=67 (full 0):
 garbage-first heap   total 283648K, used 187392K [0x0000000080000000, 0x0000000100000000)
  region size 1024K, 3 young (3072K), 3 survivors (3072K)
 Metaspace       used 125053K, capacity 127784K, committed 128080K, reserved 1161216K
  class space    used 15471K, capacity 16479K, committed 16544K, reserved 1048576K
}
Event: 858.882 GC heap before
{Heap before GC invocations=67 (full 0):
 garbage-first heap   total 283648K, used 212992K [0x0000000080000000, 0x0000000100000000)
  region size 1024K, 28 young (28672K), 3 survivors (3072K)
 Metaspace       used 125053K, capacity 127784K, committed 128080K, reserved 1161216K
  class space    used 15471K, capacity 16479K, committed 16544K, reserved 1048576K
}
Event: 858.936 GC heap after
{Heap after GC invocations=68 (full 0):
 garbage-first heap   total 283648K, used 213504K [0x0000000080000000, 0x0000000100000000)
  region size 1024K, 4 young (4096K), 4 survivors (4096K)
 Metaspace       used 125053K, capacity 127784K, committed 128080K, reserved 1161216K
  class space    used 15471K, capacity 16479K, committed 16544K, reserved 1048576K
}
Event: 859.357 GC heap before
{Heap before GC invocations=68 (full 0):
 garbage-first heap   total 283648K, used 227840K [0x0000000080000000, 0x0000000100000000)
  region size 1024K, 18 young (18432K), 4 survivors (4096K)
 Metaspace       used 125153K, capacity 127921K, committed 128080K, reserved 1161216K
  class space    used 15471K, capacity 16479K, committed 16544K, reserved 1048576K
}
Event: 859.390 GC heap after
{Heap after GC invocations=69 (full 0):
 garbage-first heap   total 283648K, used 223232K [0x0000000080000000, 0x0000000100000000)
  region size 1024K, 3 young (3072K), 3 survivors (3072K)
 Metaspace       used 125153K, capacity 127921K, committed 128080K, reserved 1161216K
  class space    used 15471K, capacity 16479K, committed 16544K, reserved 1048576K
}
Event: 859.521 GC heap before
{Heap before GC invocations=69 (full 0):
 garbage-first heap   total 283648K, used 234496K [0x0000000080000000, 0x0000000100000000)
  region size 1024K, 14 young (14336K), 3 survivors (3072K)
 Metaspace       used 125153K, capacity 127921K, committed 128080K, reserved 1161216K
  class space    used 15471K, capacity 16479K, committed 16544K, reserved 1048576K
}
Event: 859.540 GC heap after
{Heap after GC invocations=70 (full 0):
 garbage-first heap   total 283648K, used 235520K [0x0000000080000000, 0x0000000100000000)
  region size 1024K, 2 young (2048K), 2 survivors (2048K)
 Metaspace       used 125153K, capacity 127921K, committed 128080K, reserved 1161216K
  class space    used 15471K, capacity 16479K, committed 16544K, reserved 1048576K
}
Event: 859.605 GC heap before
{Heap before GC invocations=70 (full 0):
 garbage-first heap   total 283648K, used 246784K [0x0000000080000000, 0x0000000100000000)
  region size 1024K, 13 young (13312K), 2 survivors (2048K)
 Metaspace       used 125153K, capacity 127921K, committed 128080K, reserved 1161216K
  class space    used 15471K, capacity 16479K, committed 16544K, reserved 1048576K
}

Deoptimization events (20 events):
Event: 858.793 Thread 0x00000051586a9000 Uncommon trap: trap_request=0xffffff4d fr.pc=0x00000051425ea2c8 relative=0x0000000000000488
Event: 858.793 Thread 0x00000051586a9000 Uncommon trap: reason=unstable_if action=reinterpret pc=0x00000051425ea2c8 method=org.apache.xerces.dom.ParentNode.nodeListItem(I)Lorg/w3c/dom/Node; @ 4 c2
Event: 858.793 Thread 0x00000051586a9000 DEOPT PACKING pc=0x00000051425ea2c8 sp=0x0000005162e792c0
Event: 858.793 Thread 0x00000051586a9000 DEOPT UNPACKING pc=0x000000513ab2a1af sp=0x0000005162e79200 mode 2
Event: 858.796 Thread 0x00000051586a9000 DEOPT PACKING pc=0x000000513b44fffc sp=0x0000005162e79320
Event: 858.796 Thread 0x00000051586a9000 DEOPT UNPACKING pc=0x000000513ab2a95e sp=0x0000005162e78818 mode 0
Event: 858.951 Thread 0x00000051586a9000 Uncommon trap: trap_request=0xffffff4d fr.pc=0x00000051426d7698 relative=0x00000000000021f8
Event: 858.951 Thread 0x00000051586a9000 Uncommon trap: reason=unstable_if action=reinterpret pc=0x00000051426d7698 method=android.databinding.tool.reflection.SdkUtil$ApiChecker.buildFullLookup()V @ 49 c2
Event: 858.951 Thread 0x00000051586a9000 DEOPT PACKING pc=0x00000051426d7698 sp=0x0000005162e79330
Event: 858.951 Thread 0x00000051586a9000 DEOPT UNPACKING pc=0x000000513ab2a1af sp=0x0000005162e79318 mode 2
Event: 859.277 Thread 0x00000051586a9000 Uncommon trap: trap_request=0xffffff4d fr.pc=0x00000051431aef14 relative=0x0000000000001d34
Event: 859.277 Thread 0x00000051586a9000 Uncommon trap: reason=unstable_if action=reinterpret pc=0x00000051431aef14 method=org.apache.xerces.dom.DeferredDocumentImpl.ensureCapacity(I)V @ 4 c2
Event: 859.277 Thread 0x00000051586a9000 DEOPT PACKING pc=0x00000051431aef14 sp=0x0000005162e78df0
Event: 859.277 Thread 0x00000051586a9000 DEOPT UNPACKING pc=0x000000513ab2a1af sp=0x0000005162e78dc8 mode 2
Event: 859.278 Thread 0x00000051586a9000 Uncommon trap: trap_request=0xffffffde fr.pc=0x0000005142668a48 relative=0x0000000000003188
Event: 859.278 Thread 0x00000051586a9000 Uncommon trap: reason=class_check action=maybe_recompile pc=0x0000005142668a48 method=org.apache.xerces.impl.XMLDocumentFragmentScannerImpl.scanStartElement()Z @ 309 c2
Event: 859.278 Thread 0x00000051586a9000 DEOPT PACKING pc=0x0000005142668a48 sp=0x0000005162e78e70
Event: 859.278 Thread 0x00000051586a9000 DEOPT UNPACKING pc=0x000000513ab2a1af sp=0x0000005162e78e58 mode 2
Event: 859.295 Thread 0x00000051586a9000 DEOPT PACKING pc=0x000000513b1b1b20 sp=0x0000005162e78f90
Event: 859.295 Thread 0x00000051586a9000 DEOPT UNPACKING pc=0x000000513ab2a95e sp=0x0000005162e78558 mode 0

Classes redefined (0 events):
No events

Internal exceptions (20 events):
Event: 858.291 Thread 0x00000051586a9000 Exception <a 'sun/nio/fs/WindowsException'{0x000000008cb96528}> (0x000000008cb96528) thrown at [./src/hotspot/share/prims/jni.cpp, line 616]
Event: 858.291 Thread 0x00000051586a9000 Exception <a 'sun/nio/fs/WindowsException'{0x000000008cb98cb0}> (0x000000008cb98cb0) thrown at [./src/hotspot/share/prims/jni.cpp, line 616]
Event: 858.313 Thread 0x00000051586a9000 Exception <a 'sun/nio/fs/WindowsException'{0x000000008cbf2898}> (0x000000008cbf2898) thrown at [./src/hotspot/share/prims/jni.cpp, line 616]
Event: 858.313 Thread 0x00000051586a9000 Exception <a 'sun/nio/fs/WindowsException'{0x000000008cbf2a18}> (0x000000008cbf2a18) thrown at [./src/hotspot/share/prims/jni.cpp, line 616]
Event: 858.316 Thread 0x00000051586a9000 Exception <a 'sun/nio/fs/WindowsException'{0x000000008ca0aef8}> (0x000000008ca0aef8) thrown at [./src/hotspot/share/prims/jni.cpp, line 616]
Event: 858.316 Thread 0x00000051586a9000 Exception <a 'sun/nio/fs/WindowsException'{0x000000008ca0b090}> (0x000000008ca0b090) thrown at [./src/hotspot/share/prims/jni.cpp, line 616]
Event: 858.349 Thread 0x00000051586a9000 Exception <a 'sun/nio/fs/WindowsException'{0x000000008cab3fd0}> (0x000000008cab3fd0) thrown at [./src/hotspot/share/prims/jni.cpp, line 616]
Event: 858.349 Thread 0x00000051586a9000 Exception <a 'sun/nio/fs/WindowsException'{0x000000008cab5668}> (0x000000008cab5668) thrown at [./src/hotspot/share/prims/jni.cpp, line 616]
Event: 858.349 Thread 0x00000051586a9000 Exception <a 'sun/nio/fs/WindowsException'{0x000000008cab6970}> (0x000000008cab6970) thrown at [./src/hotspot/share/prims/jni.cpp, line 616]
Event: 858.349 Thread 0x00000051586a9000 Exception <a 'sun/nio/fs/WindowsException'{0x000000008cab7e90}> (0x000000008cab7e90) thrown at [./src/hotspot/share/prims/jni.cpp, line 616]
Event: 858.349 Thread 0x00000051586a9000 Exception <a 'sun/nio/fs/WindowsException'{0x000000008cab8030}> (0x000000008cab8030) thrown at [./src/hotspot/share/prims/jni.cpp, line 616]
Event: 858.350 Thread 0x00000051586a9000 Exception <a 'sun/nio/fs/WindowsException'{0x000000008caba800}> (0x000000008caba800) thrown at [./src/hotspot/share/prims/jni.cpp, line 616]
Event: 858.356 Thread 0x00000051586a9000 Exception <a 'sun/nio/fs/WindowsException'{0x000000008cac7250}> (0x000000008cac7250) thrown at [./src/hotspot/share/prims/jni.cpp, line 616]
Event: 858.421 Thread 0x00000051586a9000 Exception <a 'sun/nio/fs/WindowsException'{0x000000008ddd8e18}> (0x000000008ddd8e18) thrown at [./src/hotspot/share/prims/jni.cpp, line 616]
Event: 858.428 Thread 0x00000051586a9000 Exception <a 'sun/nio/fs/WindowsException'{0x000000008ddf6b70}> (0x000000008ddf6b70) thrown at [./src/hotspot/share/prims/jni.cpp, line 616]
Event: 858.486 Thread 0x00000051586a9000 Exception <a 'sun/nio/fs/WindowsException'{0x000000008dcf1f00}> (0x000000008dcf1f00) thrown at [./src/hotspot/share/prims/jni.cpp, line 616]
Event: 858.486 Thread 0x00000051586a9000 Exception <a 'sun/nio/fs/WindowsException'{0x000000008dcf2060}> (0x000000008dcf2060) thrown at [./src/hotspot/share/prims/jni.cpp, line 616]
Event: 858.574 Thread 0x00000051586a9000 Implicit null exception at 0x0000005142679ca6 to 0x000000514267a0c4
Event: 858.793 Thread 0x00000051586a9000 Implicit null exception at 0x00000051425e9e75 to 0x00000051425ea2ac
Event: 859.277 Thread 0x00000051586a9000 Implicit null exception at 0x00000051431ad220 to 0x00000051431aeefe

Events (20 events):
Event: 858.536 loading class com/sun/tools/javac/code/Type done
Event: 858.537 loading class com/sun/tools/javac/comp/Resolve
Event: 858.537 loading class com/sun/tools/javac/comp/Resolve done
Event: 858.538 loading class com/sun/tools/javac/code/Type
Event: 858.538 loading class com/sun/tools/javac/code/Type done
Event: 858.538 loading class com/sun/tools/javac/code/Type
Event: 858.538 loading class com/sun/tools/javac/code/Type done
Event: 858.645 Executing VM operation: G1CollectForAllocation
Event: 858.663 Executing VM operation: G1CollectForAllocation done
Event: 858.765 Executing VM operation: G1CollectForAllocation
Event: 858.785 Executing VM operation: G1CollectForAllocation done
Event: 858.881 Executing VM operation: G1CollectForAllocation
Event: 858.936 Executing VM operation: G1CollectForAllocation done
Event: 859.357 Executing VM operation: G1CollectForAllocation
Event: 859.390 Executing VM operation: G1CollectForAllocation done
Event: 859.521 Executing VM operation: G1CollectForAllocation
Event: 859.540 Executing VM operation: G1CollectForAllocation done
Event: 859.566 Executing VM operation: CGC_Operation
Event: 859.588 Executing VM operation: CGC_Operation done
Event: 859.604 Executing VM operation: G1CollectForAllocation


Dynamic libraries:
0x00007ff714a20000 - 0x00007ff714a2a000 	C:\Program Files\Android\Android Studio\jre\bin\java.exe
0x00007ffb21010000 - 0x00007ffb211bd000 	C:\Windows\SYSTEM32\ntdll.dll
0x00007ffb204e0000 - 0x00007ffb2061f000 	C:\Windows\system32\KERNEL32.DLL
0x00007ffb1e440000 - 0x00007ffb1e555000 	C:\Windows\system32\KERNELBASE.dll
0x00007ffafa4b0000 - 0x00007ffafa4c9000 	C:\Program Files\Android\Android Studio\jre\bin\jli.dll
0x00007ffb16c60000 - 0x00007ffb16c77000 	C:\Program Files\Android\Android Studio\jre\bin\VCRUNTIME140.dll
0x00007ffb16c50000 - 0x00007ffb16c54000 	C:\Windows\SYSTEM32\api-ms-win-crt-stdio-l1-1-0.dll
0x00007ffb169c0000 - 0x00007ffb169c4000 	C:\Windows\SYSTEM32\api-ms-win-crt-runtime-l1-1-0.dll
0x00007ffb10390000 - 0x00007ffb10393000 	C:\Windows\SYSTEM32\api-ms-win-crt-environment-l1-1-0.dll
0x00007ffb10370000 - 0x00007ffb10375000 	C:\Windows\SYSTEM32\api-ms-win-crt-math-l1-1-0.dll
0x00007ffafeb30000 - 0x00007ffafeb33000 	C:\Windows\SYSTEM32\api-ms-win-crt-locale-l1-1-0.dll
0x00007ffb10340000 - 0x00007ffb10343000 	C:\Windows\SYSTEM32\api-ms-win-crt-heap-l1-1-0.dll
0x00007ffb1b990000 - 0x00007ffb1bc0b000 	C:\Windows\WinSxS\amd64_microsoft.windows.common-controls_6595b64144ccf1df_6.0.9600.19394_none_62486577ecb635cf\COMCTL32.dll
0x00007ffb1e740000 - 0x00007ffb1e8b7000 	C:\Windows\system32\USER32.dll
0x00007ffb10360000 - 0x00007ffb10363000 	C:\Windows\SYSTEM32\api-ms-win-crt-filesystem-l1-1-0.dll
0x00007ffb16c40000 - 0x00007ffb16c44000 	C:\Windows\SYSTEM32\api-ms-win-crt-string-l1-1-0.dll
0x00007ffb103a0000 - 0x00007ffb103a4000 	C:\Windows\SYSTEM32\api-ms-win-crt-convert-l1-1-0.dll
0x00007ffb20f00000 - 0x00007ffb20faa000 	C:\Windows\system32\msvcrt.dll
0x00007ffb20210000 - 0x00007ffb2035e000 	C:\Windows\system32\GDI32.dll
0x00007ffb0fe50000 - 0x00007ffb0ff44000 	C:\Windows\SYSTEM32\ucrtbase.DLL
0x00007ffb1e6f0000 - 0x00007ffb1e726000 	C:\Windows\system32\IMM32.DLL
0x00007ffb20360000 - 0x00007ffb204b1000 	C:\Windows\system32\MSCTF.dll
0x00007ffafeb40000 - 0x00007ffafebdd000 	C:\Program Files\Android\Android Studio\jre\bin\msvcp140.dll
0x00007ffafeb20000 - 0x00007ffafeb25000 	C:\Windows\SYSTEM32\api-ms-win-crt-multibyte-l1-1-0.dll
0x00007ffb10350000 - 0x00007ffb10353000 	C:\Windows\SYSTEM32\api-ms-win-crt-time-l1-1-0.dll
0x00007ffb10380000 - 0x00007ffb10383000 	C:\Windows\SYSTEM32\api-ms-win-crt-utility-l1-1-0.dll
0x00007ffafbd30000 - 0x00007ffafc832000 	C:\Program Files\Android\Android Studio\jre\bin\server\jvm.dll
0x00007ffb20d90000 - 0x00007ffb20e3d000 	C:\Windows\system32\ADVAPI32.dll
0x00007ffb1ac10000 - 0x00007ffb1ac19000 	C:\Windows\SYSTEM32\WSOCK32.dll
0x00007ffb14a70000 - 0x00007ffb14a92000 	C:\Windows\SYSTEM32\WINMM.dll
0x00007ffb169d0000 - 0x00007ffb169da000 	C:\Windows\SYSTEM32\VERSION.dll
0x00007ffb20190000 - 0x00007ffb20197000 	C:\Windows\system32\PSAPI.DLL
0x00007ffb1e690000 - 0x00007ffb1e6eb000 	C:\Windows\SYSTEM32\sechost.dll
0x00007ffb20ab0000 - 0x00007ffb20be5000 	C:\Windows\system32\RPCRT4.dll
0x00007ffb20fb0000 - 0x00007ffb2100a000 	C:\Windows\system32\WS2_32.dll
0x00007ffb14a40000 - 0x00007ffb14a6a000 	C:\Windows\SYSTEM32\WINMMBASE.dll
0x00007ffb1e560000 - 0x00007ffb1e58e000 	C:\Windows\system32\SspiCli.dll
0x00007ffb204c0000 - 0x00007ffb204c9000 	C:\Windows\system32\NSI.dll
0x00007ffb1e640000 - 0x00007ffb1e68f000 	C:\Windows\SYSTEM32\cfgmgr32.dll
0x00007ffb1cee0000 - 0x00007ffb1cf08000 	C:\Windows\SYSTEM32\DEVOBJ.dll
0x00007ffb0fe30000 - 0x00007ffb0fe41000 	C:\Program Files\Android\Android Studio\jre\bin\verify.dll
0x00007ffb101a0000 - 0x00007ffb1032a000 	C:\Windows\SYSTEM32\DBGHELP.DLL
0x00007ffafece0000 - 0x00007ffafed09000 	C:\Program Files\Android\Android Studio\jre\bin\java.dll
0x00007ffb10330000 - 0x00007ffb1033b000 	C:\Program Files\Android\Android Studio\jre\bin\jimage.dll
0x00007ffafecc0000 - 0x00007ffafecd8000 	C:\Program Files\Android\Android Studio\jre\bin\zip.dll
0x00007ffb1e8c0000 - 0x00007ffb1fdec000 	C:\Windows\system32\SHELL32.dll
0x00007ffb20680000 - 0x00007ffb20892000 	C:\Windows\SYSTEM32\combase.dll
0x00007ffb20620000 - 0x00007ffb20674000 	C:\Windows\system32\SHLWAPI.dll
0x00007ffb1c180000 - 0x00007ffb1c232000 	C:\Windows\SYSTEM32\SHCORE.dll
0x00007ffb1e0b0000 - 0x00007ffb1e0c5000 	C:\Windows\SYSTEM32\profapi.dll
0x00007ffafeca0000 - 0x00007ffafecba000 	C:\Program Files\Android\Android Studio\jre\bin\net.dll
0x00007ffb16fa0000 - 0x00007ffb17069000 	C:\Windows\SYSTEM32\WINHTTP.dll
0x00007ffb1d8f0000 - 0x00007ffb1d949000 	C:\Windows\system32\mswsock.dll
0x00007ffafec80000 - 0x00007ffafec94000 	C:\Program Files\Android\Android Studio\jre\bin\nio.dll
0x00007ffafa640000 - 0x00007ffafa667000 	C:\Users\Nadezhda S\.gradle\native\e1d6ef7f7dcc3fd88c89a11ec53ec762bb8ba0a96d01ffa2cd45eb1d1d8dd5c5\windows-amd64\native-platform.dll
0x00007ffafec70000 - 0x00007ffafec7a000 	C:\Program Files\Android\Android Studio\jre\bin\management.dll
0x00007ffafec60000 - 0x00007ffafec6d000 	C:\Program Files\Android\Android Studio\jre\bin\management_ext.dll
0x00007ffb1d950000 - 0x00007ffb1d970000 	C:\Windows\SYSTEM32\CRYPTSP.dll
0x00007ffb1d570000 - 0x00007ffb1d5a6000 	C:\Windows\system32\rsaenh.dll
0x00007ffb1db90000 - 0x00007ffb1dbb6000 	C:\Windows\SYSTEM32\bcrypt.dll
0x00007ffb1d680000 - 0x00007ffb1d6a1000 	C:\Windows\SYSTEM32\USERENV.dll
0x00007ffb1deb0000 - 0x00007ffb1df13000 	C:\Windows\system32\bcryptprimitives.dll
0x00007ffb1df20000 - 0x00007ffb1df2b000 	C:\Windows\SYSTEM32\CRYPTBASE.dll
0x00007ffb1ae30000 - 0x00007ffb1ae5a000 	C:\Windows\SYSTEM32\IPHLPAPI.DLL
0x00007ffb1ac00000 - 0x00007ffb1ac0a000 	C:\Windows\SYSTEM32\WINNSI.DLL
0x00007ffb1a7a0000 - 0x00007ffb1a7b6000 	C:\Windows\SYSTEM32\dhcpcsvc6.DLL
0x00007ffb1a7c0000 - 0x00007ffb1a7da000 	C:\Windows\SYSTEM32\dhcpcsvc.DLL
0x00007ffafba90000 - 0x00007ffafbab7000 	C:\Program Files\Android\Android Studio\jre\bin\sunec.dll
0x00007ffb18510000 - 0x00007ffb18542000 	C:\Windows\SYSTEM32\ntmarta.dll

dbghelp: loaded successfully - version: 4.0.5 - missing functions: none
symbol engine: initialized successfully - sym options: 0x614 - pdb path: .;C:\Program Files\Android\Android Studio\jre\bin;C:\Windows\SYSTEM32;C:\Windows\WinSxS\amd64_microsoft.windows.common-controls_6595b64144ccf1df_6.0.9600.19394_none_62486577ecb635cf;C:\Program Files\Android\Android Studio\jre\bin\server;C:\Users\Nadezhda S\.gradle\native\e1d6ef7f7dcc3fd88c89a11ec53ec762bb8ba0a96d01ffa2cd45eb1d1d8dd5c5\windows-amd64

VM Arguments:
jvm_args: --add-opens=java.base/java.util=ALL-UNNAMED --add-opens=java.base/java.lang=ALL-UNNAMED --add-opens=java.base/java.lang.invoke=ALL-UNNAMED --add-opens=java.base/java.util=ALL-UNNAMED --add-opens=java.prefs/java.util.prefs=ALL-UNNAMED --add-opens=java.prefs/java.util.prefs=ALL-UNNAMED --add-opens=java.base/java.nio.charset=ALL-UNNAMED --add-opens=java.base/java.net=ALL-UNNAMED --add-opens=java.base/java.util.concurrent.atomic=ALL-UNNAMED -Xmx2048m -Dfile.encoding=UTF-8 -Duser.country=RU -Duser.language=ru -Duser.variant 
java_command: org.gradle.launcher.daemon.bootstrap.GradleDaemon 7.4
java_class_path (initial): C:\Users\Nadezhda S\.gradle\wrapper\dists\gradle-7.4-bin\c0gwcg53nkjbqw7r0h0umtfvt\gradle-7.4\lib\gradle-launcher-7.4.jar
Launcher Type: SUN_STANDARD

[Global flags]
     intx CICompilerCount                          = 3                                         {product} {ergonomic}
     uint ConcGCThreads                            = 1                                         {product} {ergonomic}
     uint G1ConcRefinementThreads                  = 4                                         {product} {ergonomic}
   size_t G1HeapRegionSize                         = 1048576                                   {product} {ergonomic}
    uintx GCDrainStackTargetSize                   = 64                                        {product} {ergonomic}
   size_t InitialHeapSize                          = 134217728                                 {product} {ergonomic}
   size_t MarkStackSize                            = 4194304                                   {product} {ergonomic}
   size_t MaxHeapSize                              = 2147483648                                {product} {command line}
   size_t MaxNewSize                               = 1287651328                                {product} {ergonomic}
   size_t MinHeapDeltaBytes                        = 1048576                                   {product} {ergonomic}
    uintx NonNMethodCodeHeapSize                   = 5830732                                {pd product} {ergonomic}
    uintx NonProfiledCodeHeapSize                  = 122913754                              {pd product} {ergonomic}
    uintx ProfiledCodeHeapSize                     = 122913754                              {pd product} {ergonomic}
    uintx ReservedCodeCacheSize                    = 251658240                              {pd product} {ergonomic}
     bool SegmentedCodeCache                       = true                                      {product} {ergonomic}
     bool UseCompressedClassPointers               = true                                 {lp64_product} {ergonomic}
     bool UseCompressedOops                        = true                                 {lp64_product} {ergonomic}
     bool UseG1GC                                  = true                                      {product} {ergonomic}
     bool UseLargePagesIndividualAllocation        = false                                  {pd product} {ergonomic}

Logging:
Log output configuration:
 #0: stdout all=warning uptime,level,tags
 #1: stderr all=off uptime,level,tags

Environment Variables:
PATH=C:\Windows\system32;C:\Windows;C:\Windows\System32\Wbem;C:\Windows\System32\WindowsPowerShell\v1.0\;C:\Program Files\Git\cmd
USERNAME=Nadezhda S
OS=Windows_NT
PROCESSOR_IDENTIFIER=Intel64 Family 6 Model 42 Stepping 7, GenuineIntel



---------------  S Y S T E M  ---------------

OS: Windows 8.1 , 64 bit Build 9600 (6.3.9600.20389)
OS uptime: 0 days 0:19 hours

CPU:total 4 (initial active 4) (2 cores per cpu, 2 threads per core) family 6 model 42 stepping 7 microcode 0x28, cmov, cx8, fxsr, mmx, sse, sse2, sse3, ssse3, sse4.1, sse4.2, popcnt, avx, aes, clmul, ht, tsc, tscinvbit

Memory: 4k page, system-wide physical 8105M (1227M free)
TotalPageFile size 8105M (AvailPageFile size 28M)
current process WorkingSet (physical memory assigned to process): 607M, peak: 607M
current process commit charge ("private bytes"): 642M, peak: 812M

vm_info: OpenJDK 64-Bit Server VM (11.0.13+0-b1751.21-8125866) for windows-amd64 JRE (11.0.13+0-b1751.21-8125866), built on Feb  2 2022 03:00:22 by "builder" with MS VC++ 14.0 (VS2015)

END.
